#
# A fatal error has been detected by the Java Runtime Environment:
#
#  EXCEPTION_ACCESS_VIOLATION (0xc0000005) at pc=0x00007ff80f4bcdec, pid=23908, tid=22492
#
# JRE version: OpenJDK Runtime Environment (14.0.2+12) (build 14.0.2+12-46)
# Java VM: OpenJDK 64-Bit Server VM (14.0.2+12-46, mixed mode, tiered, compressed oops, g1 gc, windows-amd64)
# Problematic frame:
# C  [lwjgl_opengl.dll+0xcdec]
#
# No core dump will be written. Minidumps are not enabled by default on client versions of Windows
#
# If you would like to submit a bug report, please visit:
#   https://bugreport.java.com/bugreport/crash.jsp
# The crash happened outside the Java Virtual Machine in native code.
# See problematic frame for where to report the bug.
#

---------------  S U M M A R Y ------------

Command Line: -Dfile.encoding=Cp1252 -XX:+ShowCodeDetailsInExceptionMessages HelloWindow

Host: Intel(R) Core(TM) i7-7700K CPU @ 4.20GHz, 8 cores, 15G,  Windows 10 , 64 bit Build 19041 (10.0.19041.1566)
Time: Thu Mar 24 23:57:51 2022 GMT Standard Time elapsed time: 0 seconds (0d 0h 0m 0s)

---------------  T H R E A D  ---------------

Current thread (0x0000029aa29f7000):  JavaThread "main" [_thread_in_native, id=22492, stack(0x000000f9ba900000,0x000000f9baa00000)]

Stack: [0x000000f9ba900000,0x000000f9baa00000],  sp=0x000000f9ba9ff378,  free space=1020k
Native frames: (J=compiled Java code, j=interpreted, Vv=VM code, C=native code)
C  [lwjgl_opengl.dll+0xcdec]

Java frames: (J=compiled Java code, j=interpreted, Vv=VM code)
j  org.lwjgl.opengl.GL11C.glViewport(IIII)V+0
j  org.lwjgl.opengl.GL11.glViewport(IIII)V+4
j  HelloWindow.init()V+255
j  HelloWindow.run()V+25
j  HelloWindow.main([Ljava/lang/String;)V+7
v  ~StubRoutines::call_stub

siginfo: EXCEPTION_ACCESS_VIOLATION (0xc0000005), reading address 0x0000000000000a78


Register to memory mapping:

RIP=0x00007ff80f4bcdec lwjgl_opengl.dll
RAX=0x0000029ac2e20a80 points into unknown readable memory: 00 00 00 00 00 00 00 00
RBX={method} {0x0000029ac3a7cb40} 'glViewport' '(IIII)V' in 'org/lwjgl/opengl/GL11C'
RCX=0x0 is NULL
RDX=0x0 is NULL
RSP=0x000000f9ba9ff378 is pointing into the stack for thread: 0x0000029aa29f7000
RBP=0x000000f9ba9ff410 is pointing into the stack for thread: 0x0000029aa29f7000
RSI=0x0000029ac2304b58 is pointing into metadata
RDI=0x0000029aa66ca1a7 is at code_begin+2343 in an Interpreter codelet
invoke return entry points  [0x0000029aa66c9880, 0x0000029aa66ca280]  2560 bytes
R8 =0x0000000000000320 is an unknown value
R9 =0x0000000000000258 is an unknown value
R10=0x0 is NULL
R11=0x00000007102534f8 is an oop: java.lang.Class 
{0x00000007102534f8} - klass: 'java/lang/Class'
R12=0x0 is NULL
R13=0x0000029ac3a7cb30 is pointing into metadata
R14=0x000000f9ba9ff448 is pointing into the stack for thread: 0x0000029aa29f7000
R15=0x0000029aa29f7000 is a thread


Registers:
RAX=0x0000029ac2e20a80, RBX=0x0000029ac3a7cb38, RCX=0x0000000000000000, RDX=0x0000000000000000
RSP=0x000000f9ba9ff378, RBP=0x000000f9ba9ff410, RSI=0x0000029ac2304b58, RDI=0x0000029aa66ca1a7
R8 =0x0000000000000320, R9 =0x0000000000000258, R10=0x0000000000000000, R11=0x00000007102534f8
R12=0x0000000000000000, R13=0x0000029ac3a7cb30, R14=0x000000f9ba9ff448, R15=0x0000029aa29f7000
RIP=0x00007ff80f4bcdec, EFLAGS=0x0000000000010283

Top of Stack: (sp=0x000000f9ba9ff378)
0x000000f9ba9ff378:   0000029aa66cf3d7 0000029ac3a7cb38
0x000000f9ba9ff388:   0000000000000000 0000029aa66ca1a7
0x000000f9ba9ff398:   0000029aa66cf0d2 0000029a00000320
0x000000f9ba9ff3a8:   0000029a00000258 3ff0000000000000
0x000000f9ba9ff3b8:   0000029aa29f7000 0000029aa66cf076
0x000000f9ba9ff3c8:   000000f9ba9ff3c8 0000029ac3a7cb30
0x000000f9ba9ff3d8:   000000f9ba9ff448 0000029ac3a80040
0x000000f9ba9ff3e8:   0000000000000000 00000007102534f8
0x000000f9ba9ff3f8:   0000029ac3a7cb38 0000000000000000
0x000000f9ba9ff408:   000000f9ba9ff430 000000f9ba9ff498
0x000000f9ba9ff418:   0000029aa66ca1a7 00000007102534f8
0x000000f9ba9ff428:   0000029aa66cc378 0000000000000258
0x000000f9ba9ff438:   0000000000000320 0000000000000000
0x000000f9ba9ff448:   0000000000000000 000000f9ba9ff450
0x000000f9ba9ff458:   0000029ac3a59ae4 000000f9ba9ff4c0
0x000000f9ba9ff468:   0000029ac3a65138 0000000000000000 

Instructions: (pc=0x00007ff80f4bcdec)
0x00007ff80f4bccec:   cc cc cc cc 48 8b 01 45 8b d8 4c 8b 44 24 28 41
0x00007ff80f4bccfc:   8b d1 41 8b cb 4c 8b 50 18 49 ff a2 88 09 00 00
0x00007ff80f4bcd0c:   cc cc cc cc 40 53 48 83 ec 40 48 8b 01 41 8b d8
0x00007ff80f4bcd1c:   44 8b 44 24 70 41 8b d1 44 8b 4c 24 78 8b cb 4c
0x00007ff80f4bcd2c:   8b 50 18 48 8b 84 24 90 00 00 00 48 89 44 24 30
0x00007ff80f4bcd3c:   8b 84 24 88 00 00 00 89 44 24 28 8b 84 24 80 00
0x00007ff80f4bcd4c:   00 00 89 44 24 20 41 ff 92 90 09 00 00 48 83 c4
0x00007ff80f4bcd5c:   40 5b c3 cc 40 53 48 83 ec 50 48 8b 01 41 8b d8
0x00007ff80f4bcd6c:   44 8b 84 24 80 00 00 00 41 8b d1 44 8b 8c 24 88
0x00007ff80f4bcd7c:   00 00 00 8b cb 4c 8b 50 18 48 8b 84 24 b0 00 00
0x00007ff80f4bcd8c:   00 48 89 44 24 40 8b 84 24 a8 00 00 00 89 44 24
0x00007ff80f4bcd9c:   38 8b 84 24 a0 00 00 00 89 44 24 30 8b 84 24 98
0x00007ff80f4bcdac:   00 00 00 89 44 24 28 8b 84 24 90 00 00 00 89 44
0x00007ff80f4bcdbc:   24 20 41 ff 92 98 09 00 00 48 83 c4 50 5b c3 cc
0x00007ff80f4bcdcc:   cc cc cc cc 40 53 48 8b 01 41 8b d8 44 8b 44 24
0x00007ff80f4bcddc:   30 41 8b d1 44 8b 4c 24 38 8b cb 4c 8b 50 18 5b
0x00007ff80f4bcdec:   49 ff a2 78 0a 00 00 cc cc cc cc cc cc cc cc cc
0x00007ff80f4bcdfc:   cc cc cc cc 40 53 48 83 ec 50 48 8b 01 41 8b d8
0x00007ff80f4bce0c:   44 8b 84 24 80 00 00 00 41 8b d1 44 8b 8c 24 88
0x00007ff80f4bce1c:   00 00 00 8b cb 4c 8b 50 18 48 8b 84 24 b8 00 00
0x00007ff80f4bce2c:   00 48 89 44 24 48 8b 84 24 b0 00 00 00 89 44 24
0x00007ff80f4bce3c:   40 8b 84 24 a8 00 00 00 89 44 24 38 8b 84 24 a0
0x00007ff80f4bce4c:   00 00 00 89 44 24 30 8b 84 24 98 00 00 00 89 44
0x00007ff80f4bce5c:   24 28 8b 84 24 90 00 00 00 89 44 24 20 41 ff 92
0x00007ff80f4bce6c:   80 0a 00 00 48 83 c4 50 5b c3 cc cc cc cc cc cc
0x00007ff80f4bce7c:   cc cc cc cc 40 53 48 83 ec 60 48 8b 01 41 8b d8
0x00007ff80f4bce8c:   44 8b 84 24 90 00 00 00 41 8b d1 44 8b 8c 24 98
0x00007ff80f4bce9c:   00 00 00 8b cb 4c 8b 50 18 48 8b 84 24 d0 00 00
0x00007ff80f4bceac:   00 48 89 44 24 50 8b 84 24 c8 00 00 00 89 44 24
0x00007ff80f4bcebc:   48 8b 84 24 c0 00 00 00 89 44 24 40 8b 84 24 b8
0x00007ff80f4bcecc:   00 00 00 89 44 24 38 8b 84 24 b0 00 00 00 89 44
0x00007ff80f4bcedc:   24 30 8b 84 24 a8 00 00 00 89 44 24 28 8b 84 24 


Stack slot to memory mapping:
stack at sp + 0 slots: 0x0000029aa66cf3d7 is at code_begin+1047 in an Interpreter codelet
method entry point (kind = native)  [0x0000029aa66cefc0, 0x0000029aa66cfa60]  2720 bytes
stack at sp + 1 slots: {method} {0x0000029ac3a7cb40} 'glViewport' '(IIII)V' in 'org/lwjgl/opengl/GL11C'
stack at sp + 2 slots: 0x0 is NULL
stack at sp + 3 slots: 0x0000029aa66ca1a7 is at code_begin+2343 in an Interpreter codelet
invoke return entry points  [0x0000029aa66c9880, 0x0000029aa66ca280]  2560 bytes
stack at sp + 4 slots: 0x0000029aa66cf0d2 is at code_begin+274 in an Interpreter codelet
method entry point (kind = native)  [0x0000029aa66cefc0, 0x0000029aa66cfa60]  2720 bytes
stack at sp + 5 slots: 0x0000029a00000320 is an unknown value
stack at sp + 6 slots: 0x0000029a00000258 is an unknown value
stack at sp + 7 slots: 0x3ff0000000000000 is an unknown value


---------------  P R O C E S S  ---------------

Threads class SMR info:
_java_thread_list=0x0000029ac27bf460, length=11, elements={
0x0000029aa29f7000, 0x0000029ac25e8800, 0x0000029ac25e9800, 0x0000029ac2622800,
0x0000029ac2624000, 0x0000029ac2625000, 0x0000029ac2635800, 0x0000029ac263a800,
0x0000029ac2655000, 0x0000029ac27d5000, 0x0000029ac27e7000
}

Java Threads: ( => current thread )
=>0x0000029aa29f7000 JavaThread "main" [_thread_in_native, id=22492, stack(0x000000f9ba900000,0x000000f9baa00000)]
  0x0000029ac25e8800 JavaThread "Reference Handler" daemon [_thread_blocked, id=13664, stack(0x000000f9bb000000,0x000000f9bb100000)]
  0x0000029ac25e9800 JavaThread "Finalizer" daemon [_thread_blocked, id=25440, stack(0x000000f9bb100000,0x000000f9bb200000)]
  0x0000029ac2622800 JavaThread "Signal Dispatcher" daemon [_thread_blocked, id=17444, stack(0x000000f9bb200000,0x000000f9bb300000)]
  0x0000029ac2624000 JavaThread "Attach Listener" daemon [_thread_blocked, id=13888, stack(0x000000f9bb300000,0x000000f9bb400000)]
  0x0000029ac2625000 JavaThread "Service Thread" daemon [_thread_blocked, id=2560, stack(0x000000f9bb400000,0x000000f9bb500000)]
  0x0000029ac2635800 JavaThread "C2 CompilerThread0" daemon [_thread_blocked, id=15184, stack(0x000000f9bb500000,0x000000f9bb600000)]
  0x0000029ac263a800 JavaThread "C1 CompilerThread0" daemon [_thread_blocked, id=21084, stack(0x000000f9bb600000,0x000000f9bb700000)]
  0x0000029ac2655000 JavaThread "Sweeper thread" daemon [_thread_blocked, id=14448, stack(0x000000f9bb700000,0x000000f9bb800000)]
  0x0000029ac27d5000 JavaThread "Notification Thread" daemon [_thread_blocked, id=12480, stack(0x000000f9bb800000,0x000000f9bb900000)]
  0x0000029ac27e7000 JavaThread "Common-Cleaner" daemon [_thread_blocked, id=23464, stack(0x000000f9bba00000,0x000000f9bbb00000)]

Other Threads:
  0x0000029ac1d1e000 VMThread "VM Thread" [stack: 0x000000f9baf00000,0x000000f9bb000000] [id=6256]
  0x0000029ac27d6000 WatcherThread [stack: 0x000000f9bb900000,0x000000f9bba00000] [id=23056]
  0x0000029aa2a5e800 GCTaskThread "GC Thread#0" [stack: 0x000000f9baa00000,0x000000f9bab00000] [id=15288]
  0x0000029aa2a80000 ConcurrentGCThread "G1 Main Marker" [stack: 0x000000f9bab00000,0x000000f9bac00000] [id=8052]
  0x0000029aa2a82800 ConcurrentGCThread "G1 Conc#0" [stack: 0x000000f9bac00000,0x000000f9bad00000] [id=21980]
  0x0000029ac1bf4000 ConcurrentGCThread "G1 Refine#0" [stack: 0x000000f9bad00000,0x000000f9bae00000] [id=1636]
  0x0000029ac1bf5000 ConcurrentGCThread "G1 Young RemSet Sampling" [stack: 0x000000f9bae00000,0x000000f9baf00000] [id=14588]

Threads with active compile tasks:

VM state:not at safepoint (normal execution)

VM Mutex/Monitor currently owned by a thread: None

Heap address: 0x0000000700e00000, size: 4082 MB, Compressed Oops mode: Zero based, Oop shift amount: 3
Narrow klass base: 0x0000000800000000, Narrow klass shift: 0
Compressed class space size: 1073741824 Address: 0x0000000800000000

Heap:
 garbage-first heap   total 262144K, used 10240K [0x0000000700e00000, 0x0000000800000000)
  region size 1024K, 12 young (12288K), 0 survivors (0K)
 Metaspace       used 9379K, capacity 9562K, committed 9856K, reserved 1058816K
  class space    used 772K, capacity 849K, committed 896K, reserved 1048576K
Heap Regions: E=young(eden), S=young(survivor), O=old, HS=humongous(starts), HC=humongous(continues), CS=collection set, F=free, OA=open archive, CA=closed archive, TAMS=top-at-mark-start (previous, next)
|   0|0x0000000700e00000, 0x0000000700e00000, 0x0000000700f00000|  0%| F|  |TAMS 0x0000000700e00000, 0x0000000700e00000| Untracked 
|   1|0x0000000700f00000, 0x0000000700f00000, 0x0000000701000000|  0%| F|  |TAMS 0x0000000700f00000, 0x0000000700f00000| Untracked 
|   2|0x0000000701000000, 0x0000000701000000, 0x0000000701100000|  0%| F|  |TAMS 0x0000000701000000, 0x0000000701000000| Untracked 
|   3|0x0000000701100000, 0x0000000701100000, 0x0000000701200000|  0%| F|  |TAMS 0x0000000701100000, 0x0000000701100000| Untracked 
|   4|0x0000000701200000, 0x0000000701200000, 0x0000000701300000|  0%| F|  |TAMS 0x0000000701200000, 0x0000000701200000| Untracked 
|   5|0x0000000701300000, 0x0000000701300000, 0x0000000701400000|  0%| F|  |TAMS 0x0000000701300000, 0x0000000701300000| Untracked 
|   6|0x0000000701400000, 0x0000000701400000, 0x0000000701500000|  0%| F|  |TAMS 0x0000000701400000, 0x0000000701400000| Untracked 
|   7|0x0000000701500000, 0x0000000701500000, 0x0000000701600000|  0%| F|  |TAMS 0x0000000701500000, 0x0000000701500000| Untracked 
|   8|0x0000000701600000, 0x0000000701600000, 0x0000000701700000|  0%| F|  |TAMS 0x0000000701600000, 0x0000000701600000| Untracked 
|   9|0x0000000701700000, 0x0000000701700000, 0x0000000701800000|  0%| F|  |TAMS 0x0000000701700000, 0x0000000701700000| Untracked 
|  10|0x0000000701800000, 0x0000000701800000, 0x0000000701900000|  0%| F|  |TAMS 0x0000000701800000, 0x0000000701800000| Untracked 
|  11|0x0000000701900000, 0x0000000701900000, 0x0000000701a00000|  0%| F|  |TAMS 0x0000000701900000, 0x0000000701900000| Untracked 
|  12|0x0000000701a00000, 0x0000000701a00000, 0x0000000701b00000|  0%| F|  |TAMS 0x0000000701a00000, 0x0000000701a00000| Untracked 
|  13|0x0000000701b00000, 0x0000000701b00000, 0x0000000701c00000|  0%| F|  |TAMS 0x0000000701b00000, 0x0000000701b00000| Untracked 
|  14|0x0000000701c00000, 0x0000000701c00000, 0x0000000701d00000|  0%| F|  |TAMS 0x0000000701c00000, 0x0000000701c00000| Untracked 
|  15|0x0000000701d00000, 0x0000000701d00000, 0x0000000701e00000|  0%| F|  |TAMS 0x0000000701d00000, 0x0000000701d00000| Untracked 
|  16|0x0000000701e00000, 0x0000000701e00000, 0x0000000701f00000|  0%| F|  |TAMS 0x0000000701e00000, 0x0000000701e00000| Untracked 
|  17|0x0000000701f00000, 0x0000000701f00000, 0x0000000702000000|  0%| F|  |TAMS 0x0000000701f00000, 0x0000000701f00000| Untracked 
|  18|0x0000000702000000, 0x0000000702000000, 0x0000000702100000|  0%| F|  |TAMS 0x0000000702000000, 0x0000000702000000| Untracked 
|  19|0x0000000702100000, 0x0000000702100000, 0x0000000702200000|  0%| F|  |TAMS 0x0000000702100000, 0x0000000702100000| Untracked 
|  20|0x0000000702200000, 0x0000000702200000, 0x0000000702300000|  0%| F|  |TAMS 0x0000000702200000, 0x0000000702200000| Untracked 
|  21|0x0000000702300000, 0x0000000702300000, 0x0000000702400000|  0%| F|  |TAMS 0x0000000702300000, 0x0000000702300000| Untracked 
|  22|0x0000000702400000, 0x0000000702400000, 0x0000000702500000|  0%| F|  |TAMS 0x0000000702400000, 0x0000000702400000| Untracked 
|  23|0x0000000702500000, 0x0000000702500000, 0x0000000702600000|  0%| F|  |TAMS 0x0000000702500000, 0x0000000702500000| Untracked 
|  24|0x0000000702600000, 0x0000000702600000, 0x0000000702700000|  0%| F|  |TAMS 0x0000000702600000, 0x0000000702600000| Untracked 
|  25|0x0000000702700000, 0x0000000702700000, 0x0000000702800000|  0%| F|  |TAMS 0x0000000702700000, 0x0000000702700000| Untracked 
|  26|0x0000000702800000, 0x0000000702800000, 0x0000000702900000|  0%| F|  |TAMS 0x0000000702800000, 0x0000000702800000| Untracked 
|  27|0x0000000702900000, 0x0000000702900000, 0x0000000702a00000|  0%| F|  |TAMS 0x0000000702900000, 0x0000000702900000| Untracked 
|  28|0x0000000702a00000, 0x0000000702a00000, 0x0000000702b00000|  0%| F|  |TAMS 0x0000000702a00000, 0x0000000702a00000| Untracked 
|  29|0x0000000702b00000, 0x0000000702b00000, 0x0000000702c00000|  0%| F|  |TAMS 0x0000000702b00000, 0x0000000702b00000| Untracked 
|  30|0x0000000702c00000, 0x0000000702c00000, 0x0000000702d00000|  0%| F|  |TAMS 0x0000000702c00000, 0x0000000702c00000| Untracked 
|  31|0x0000000702d00000, 0x0000000702d00000, 0x0000000702e00000|  0%| F|  |TAMS 0x0000000702d00000, 0x0000000702d00000| Untracked 
|  32|0x0000000702e00000, 0x0000000702e00000, 0x0000000702f00000|  0%| F|  |TAMS 0x0000000702e00000, 0x0000000702e00000| Untracked 
|  33|0x0000000702f00000, 0x0000000702f00000, 0x0000000703000000|  0%| F|  |TAMS 0x0000000702f00000, 0x0000000702f00000| Untracked 
|  34|0x0000000703000000, 0x0000000703000000, 0x0000000703100000|  0%| F|  |TAMS 0x0000000703000000, 0x0000000703000000| Untracked 
|  35|0x0000000703100000, 0x0000000703100000, 0x0000000703200000|  0%| F|  |TAMS 0x0000000703100000, 0x0000000703100000| Untracked 
|  36|0x0000000703200000, 0x0000000703200000, 0x0000000703300000|  0%| F|  |TAMS 0x0000000703200000, 0x0000000703200000| Untracked 
|  37|0x0000000703300000, 0x0000000703300000, 0x0000000703400000|  0%| F|  |TAMS 0x0000000703300000, 0x0000000703300000| Untracked 
|  38|0x0000000703400000, 0x0000000703400000, 0x0000000703500000|  0%| F|  |TAMS 0x0000000703400000, 0x0000000703400000| Untracked 
|  39|0x0000000703500000, 0x0000000703500000, 0x0000000703600000|  0%| F|  |TAMS 0x0000000703500000, 0x0000000703500000| Untracked 
|  40|0x0000000703600000, 0x0000000703600000, 0x0000000703700000|  0%| F|  |TAMS 0x0000000703600000, 0x0000000703600000| Untracked 
|  41|0x0000000703700000, 0x0000000703700000, 0x0000000703800000|  0%| F|  |TAMS 0x0000000703700000, 0x0000000703700000| Untracked 
|  42|0x0000000703800000, 0x0000000703800000, 0x0000000703900000|  0%| F|  |TAMS 0x0000000703800000, 0x0000000703800000| Untracked 
|  43|0x0000000703900000, 0x0000000703900000, 0x0000000703a00000|  0%| F|  |TAMS 0x0000000703900000, 0x0000000703900000| Untracked 
|  44|0x0000000703a00000, 0x0000000703a00000, 0x0000000703b00000|  0%| F|  |TAMS 0x0000000703a00000, 0x0000000703a00000| Untracked 
|  45|0x0000000703b00000, 0x0000000703b00000, 0x0000000703c00000|  0%| F|  |TAMS 0x0000000703b00000, 0x0000000703b00000| Untracked 
|  46|0x0000000703c00000, 0x0000000703c00000, 0x0000000703d00000|  0%| F|  |TAMS 0x0000000703c00000, 0x0000000703c00000| Untracked 
|  47|0x0000000703d00000, 0x0000000703d00000, 0x0000000703e00000|  0%| F|  |TAMS 0x0000000703d00000, 0x0000000703d00000| Untracked 
|  48|0x0000000703e00000, 0x0000000703e00000, 0x0000000703f00000|  0%| F|  |TAMS 0x0000000703e00000, 0x0000000703e00000| Untracked 
|  49|0x0000000703f00000, 0x0000000703f00000, 0x0000000704000000|  0%| F|  |TAMS 0x0000000703f00000, 0x0000000703f00000| Untracked 
|  50|0x0000000704000000, 0x0000000704000000, 0x0000000704100000|  0%| F|  |TAMS 0x0000000704000000, 0x0000000704000000| Untracked 
|  51|0x0000000704100000, 0x0000000704100000, 0x0000000704200000|  0%| F|  |TAMS 0x0000000704100000, 0x0000000704100000| Untracked 
|  52|0x0000000704200000, 0x0000000704200000, 0x0000000704300000|  0%| F|  |TAMS 0x0000000704200000, 0x0000000704200000| Untracked 
|  53|0x0000000704300000, 0x0000000704300000, 0x0000000704400000|  0%| F|  |TAMS 0x0000000704300000, 0x0000000704300000| Untracked 
|  54|0x0000000704400000, 0x0000000704400000, 0x0000000704500000|  0%| F|  |TAMS 0x0000000704400000, 0x0000000704400000| Untracked 
|  55|0x0000000704500000, 0x0000000704500000, 0x0000000704600000|  0%| F|  |TAMS 0x0000000704500000, 0x0000000704500000| Untracked 
|  56|0x0000000704600000, 0x0000000704600000, 0x0000000704700000|  0%| F|  |TAMS 0x0000000704600000, 0x0000000704600000| Untracked 
|  57|0x0000000704700000, 0x0000000704700000, 0x0000000704800000|  0%| F|  |TAMS 0x0000000704700000, 0x0000000704700000| Untracked 
|  58|0x0000000704800000, 0x0000000704800000, 0x0000000704900000|  0%| F|  |TAMS 0x0000000704800000, 0x0000000704800000| Untracked 
|  59|0x0000000704900000, 0x0000000704900000, 0x0000000704a00000|  0%| F|  |TAMS 0x0000000704900000, 0x0000000704900000| Untracked 
|  60|0x0000000704a00000, 0x0000000704a00000, 0x0000000704b00000|  0%| F|  |TAMS 0x0000000704a00000, 0x0000000704a00000| Untracked 
|  61|0x0000000704b00000, 0x0000000704b00000, 0x0000000704c00000|  0%| F|  |TAMS 0x0000000704b00000, 0x0000000704b00000| Untracked 
|  62|0x0000000704c00000, 0x0000000704c00000, 0x0000000704d00000|  0%| F|  |TAMS 0x0000000704c00000, 0x0000000704c00000| Untracked 
|  63|0x0000000704d00000, 0x0000000704d00000, 0x0000000704e00000|  0%| F|  |TAMS 0x0000000704d00000, 0x0000000704d00000| Untracked 
|  64|0x0000000704e00000, 0x0000000704e00000, 0x0000000704f00000|  0%| F|  |TAMS 0x0000000704e00000, 0x0000000704e00000| Untracked 
|  65|0x0000000704f00000, 0x0000000704f00000, 0x0000000705000000|  0%| F|  |TAMS 0x0000000704f00000, 0x0000000704f00000| Untracked 
|  66|0x0000000705000000, 0x0000000705000000, 0x0000000705100000|  0%| F|  |TAMS 0x0000000705000000, 0x0000000705000000| Untracked 
|  67|0x0000000705100000, 0x0000000705100000, 0x0000000705200000|  0%| F|  |TAMS 0x0000000705100000, 0x0000000705100000| Untracked 
|  68|0x0000000705200000, 0x0000000705200000, 0x0000000705300000|  0%| F|  |TAMS 0x0000000705200000, 0x0000000705200000| Untracked 
|  69|0x0000000705300000, 0x0000000705300000, 0x0000000705400000|  0%| F|  |TAMS 0x0000000705300000, 0x0000000705300000| Untracked 
|  70|0x0000000705400000, 0x0000000705400000, 0x0000000705500000|  0%| F|  |TAMS 0x0000000705400000, 0x0000000705400000| Untracked 
|  71|0x0000000705500000, 0x0000000705500000, 0x0000000705600000|  0%| F|  |TAMS 0x0000000705500000, 0x0000000705500000| Untracked 
|  72|0x0000000705600000, 0x0000000705600000, 0x0000000705700000|  0%| F|  |TAMS 0x0000000705600000, 0x0000000705600000| Untracked 
|  73|0x0000000705700000, 0x0000000705700000, 0x0000000705800000|  0%| F|  |TAMS 0x0000000705700000, 0x0000000705700000| Untracked 
|  74|0x0000000705800000, 0x0000000705800000, 0x0000000705900000|  0%| F|  |TAMS 0x0000000705800000, 0x0000000705800000| Untracked 
|  75|0x0000000705900000, 0x0000000705900000, 0x0000000705a00000|  0%| F|  |TAMS 0x0000000705900000, 0x0000000705900000| Untracked 
|  76|0x0000000705a00000, 0x0000000705a00000, 0x0000000705b00000|  0%| F|  |TAMS 0x0000000705a00000, 0x0000000705a00000| Untracked 
|  77|0x0000000705b00000, 0x0000000705b00000, 0x0000000705c00000|  0%| F|  |TAMS 0x0000000705b00000, 0x0000000705b00000| Untracked 
|  78|0x0000000705c00000, 0x0000000705c00000, 0x0000000705d00000|  0%| F|  |TAMS 0x0000000705c00000, 0x0000000705c00000| Untracked 
|  79|0x0000000705d00000, 0x0000000705d00000, 0x0000000705e00000|  0%| F|  |TAMS 0x0000000705d00000, 0x0000000705d00000| Untracked 
|  80|0x0000000705e00000, 0x0000000705e00000, 0x0000000705f00000|  0%| F|  |TAMS 0x0000000705e00000, 0x0000000705e00000| Untracked 
|  81|0x0000000705f00000, 0x0000000705f00000, 0x0000000706000000|  0%| F|  |TAMS 0x0000000705f00000, 0x0000000705f00000| Untracked 
|  82|0x0000000706000000, 0x0000000706000000, 0x0000000706100000|  0%| F|  |TAMS 0x0000000706000000, 0x0000000706000000| Untracked 
|  83|0x0000000706100000, 0x0000000706100000, 0x0000000706200000|  0%| F|  |TAMS 0x0000000706100000, 0x0000000706100000| Untracked 
|  84|0x0000000706200000, 0x0000000706200000, 0x0000000706300000|  0%| F|  |TAMS 0x0000000706200000, 0x0000000706200000| Untracked 
|  85|0x0000000706300000, 0x0000000706300000, 0x0000000706400000|  0%| F|  |TAMS 0x0000000706300000, 0x0000000706300000| Untracked 
|  86|0x0000000706400000, 0x0000000706400000, 0x0000000706500000|  0%| F|  |TAMS 0x0000000706400000, 0x0000000706400000| Untracked 
|  87|0x0000000706500000, 0x0000000706500000, 0x0000000706600000|  0%| F|  |TAMS 0x0000000706500000, 0x0000000706500000| Untracked 
|  88|0x0000000706600000, 0x0000000706600000, 0x0000000706700000|  0%| F|  |TAMS 0x0000000706600000, 0x0000000706600000| Untracked 
|  89|0x0000000706700000, 0x0000000706700000, 0x0000000706800000|  0%| F|  |TAMS 0x0000000706700000, 0x0000000706700000| Untracked 
|  90|0x0000000706800000, 0x0000000706800000, 0x0000000706900000|  0%| F|  |TAMS 0x0000000706800000, 0x0000000706800000| Untracked 
|  91|0x0000000706900000, 0x0000000706900000, 0x0000000706a00000|  0%| F|  |TAMS 0x0000000706900000, 0x0000000706900000| Untracked 
|  92|0x0000000706a00000, 0x0000000706a00000, 0x0000000706b00000|  0%| F|  |TAMS 0x0000000706a00000, 0x0000000706a00000| Untracked 
|  93|0x0000000706b00000, 0x0000000706b00000, 0x0000000706c00000|  0%| F|  |TAMS 0x0000000706b00000, 0x0000000706b00000| Untracked 
|  94|0x0000000706c00000, 0x0000000706c00000, 0x0000000706d00000|  0%| F|  |TAMS 0x0000000706c00000, 0x0000000706c00000| Untracked 
|  95|0x0000000706d00000, 0x0000000706d00000, 0x0000000706e00000|  0%| F|  |TAMS 0x0000000706d00000, 0x0000000706d00000| Untracked 
|  96|0x0000000706e00000, 0x0000000706e00000, 0x0000000706f00000|  0%| F|  |TAMS 0x0000000706e00000, 0x0000000706e00000| Untracked 
|  97|0x0000000706f00000, 0x0000000706f00000, 0x0000000707000000|  0%| F|  |TAMS 0x0000000706f00000, 0x0000000706f00000| Untracked 
|  98|0x0000000707000000, 0x0000000707000000, 0x0000000707100000|  0%| F|  |TAMS 0x0000000707000000, 0x0000000707000000| Untracked 
|  99|0x0000000707100000, 0x0000000707100000, 0x0000000707200000|  0%| F|  |TAMS 0x0000000707100000, 0x0000000707100000| Untracked 
| 100|0x0000000707200000, 0x0000000707200000, 0x0000000707300000|  0%| F|  |TAMS 0x0000000707200000, 0x0000000707200000| Untracked 
| 101|0x0000000707300000, 0x0000000707300000, 0x0000000707400000|  0%| F|  |TAMS 0x0000000707300000, 0x0000000707300000| Untracked 
| 102|0x0000000707400000, 0x0000000707400000, 0x0000000707500000|  0%| F|  |TAMS 0x0000000707400000, 0x0000000707400000| Untracked 
| 103|0x0000000707500000, 0x0000000707500000, 0x0000000707600000|  0%| F|  |TAMS 0x0000000707500000, 0x0000000707500000| Untracked 
| 104|0x0000000707600000, 0x0000000707600000, 0x0000000707700000|  0%| F|  |TAMS 0x0000000707600000, 0x0000000707600000| Untracked 
| 105|0x0000000707700000, 0x0000000707700000, 0x0000000707800000|  0%| F|  |TAMS 0x0000000707700000, 0x0000000707700000| Untracked 
| 106|0x0000000707800000, 0x0000000707800000, 0x0000000707900000|  0%| F|  |TAMS 0x0000000707800000, 0x0000000707800000| Untracked 
| 107|0x0000000707900000, 0x0000000707900000, 0x0000000707a00000|  0%| F|  |TAMS 0x0000000707900000, 0x0000000707900000| Untracked 
| 108|0x0000000707a00000, 0x0000000707a00000, 0x0000000707b00000|  0%| F|  |TAMS 0x0000000707a00000, 0x0000000707a00000| Untracked 
| 109|0x0000000707b00000, 0x0000000707b00000, 0x0000000707c00000|  0%| F|  |TAMS 0x0000000707b00000, 0x0000000707b00000| Untracked 
| 110|0x0000000707c00000, 0x0000000707c00000, 0x0000000707d00000|  0%| F|  |TAMS 0x0000000707c00000, 0x0000000707c00000| Untracked 
| 111|0x0000000707d00000, 0x0000000707d00000, 0x0000000707e00000|  0%| F|  |TAMS 0x0000000707d00000, 0x0000000707d00000| Untracked 
| 112|0x0000000707e00000, 0x0000000707e00000, 0x0000000707f00000|  0%| F|  |TAMS 0x0000000707e00000, 0x0000000707e00000| Untracked 
| 113|0x0000000707f00000, 0x0000000707f00000, 0x0000000708000000|  0%| F|  |TAMS 0x0000000707f00000, 0x0000000707f00000| Untracked 
| 114|0x0000000708000000, 0x0000000708000000, 0x0000000708100000|  0%| F|  |TAMS 0x0000000708000000, 0x0000000708000000| Untracked 
| 115|0x0000000708100000, 0x0000000708100000, 0x0000000708200000|  0%| F|  |TAMS 0x0000000708100000, 0x0000000708100000| Untracked 
| 116|0x0000000708200000, 0x0000000708200000, 0x0000000708300000|  0%| F|  |TAMS 0x0000000708200000, 0x0000000708200000| Untracked 
| 117|0x0000000708300000, 0x0000000708300000, 0x0000000708400000|  0%| F|  |TAMS 0x0000000708300000, 0x0000000708300000| Untracked 
| 118|0x0000000708400000, 0x0000000708400000, 0x0000000708500000|  0%| F|  |TAMS 0x0000000708400000, 0x0000000708400000| Untracked 
| 119|0x0000000708500000, 0x0000000708500000, 0x0000000708600000|  0%| F|  |TAMS 0x0000000708500000, 0x0000000708500000| Untracked 
| 120|0x0000000708600000, 0x0000000708600000, 0x0000000708700000|  0%| F|  |TAMS 0x0000000708600000, 0x0000000708600000| Untracked 
| 121|0x0000000708700000, 0x0000000708700000, 0x0000000708800000|  0%| F|  |TAMS 0x0000000708700000, 0x0000000708700000| Untracked 
| 122|0x0000000708800000, 0x0000000708800000, 0x0000000708900000|  0%| F|  |TAMS 0x0000000708800000, 0x0000000708800000| Untracked 
| 123|0x0000000708900000, 0x0000000708900000, 0x0000000708a00000|  0%| F|  |TAMS 0x0000000708900000, 0x0000000708900000| Untracked 
| 124|0x0000000708a00000, 0x0000000708a00000, 0x0000000708b00000|  0%| F|  |TAMS 0x0000000708a00000, 0x0000000708a00000| Untracked 
| 125|0x0000000708b00000, 0x0000000708b00000, 0x0000000708c00000|  0%| F|  |TAMS 0x0000000708b00000, 0x0000000708b00000| Untracked 
| 126|0x0000000708c00000, 0x0000000708c00000, 0x0000000708d00000|  0%| F|  |TAMS 0x0000000708c00000, 0x0000000708c00000| Untracked 
| 127|0x0000000708d00000, 0x0000000708d00000, 0x0000000708e00000|  0%| F|  |TAMS 0x0000000708d00000, 0x0000000708d00000| Untracked 
| 128|0x0000000708e00000, 0x0000000708e00000, 0x0000000708f00000|  0%| F|  |TAMS 0x0000000708e00000, 0x0000000708e00000| Untracked 
| 129|0x0000000708f00000, 0x0000000708f00000, 0x0000000709000000|  0%| F|  |TAMS 0x0000000708f00000, 0x0000000708f00000| Untracked 
| 130|0x0000000709000000, 0x0000000709000000, 0x0000000709100000|  0%| F|  |TAMS 0x0000000709000000, 0x0000000709000000| Untracked 
| 131|0x0000000709100000, 0x0000000709100000, 0x0000000709200000|  0%| F|  |TAMS 0x0000000709100000, 0x0000000709100000| Untracked 
| 132|0x0000000709200000, 0x0000000709200000, 0x0000000709300000|  0%| F|  |TAMS 0x0000000709200000, 0x0000000709200000| Untracked 
| 133|0x0000000709300000, 0x0000000709300000, 0x0000000709400000|  0%| F|  |TAMS 0x0000000709300000, 0x0000000709300000| Untracked 
| 134|0x0000000709400000, 0x0000000709400000, 0x0000000709500000|  0%| F|  |TAMS 0x0000000709400000, 0x0000000709400000| Untracked 
| 135|0x0000000709500000, 0x0000000709500000, 0x0000000709600000|  0%| F|  |TAMS 0x0000000709500000, 0x0000000709500000| Untracked 
| 136|0x0000000709600000, 0x0000000709600000, 0x0000000709700000|  0%| F|  |TAMS 0x0000000709600000, 0x0000000709600000| Untracked 
| 137|0x0000000709700000, 0x0000000709700000, 0x0000000709800000|  0%| F|  |TAMS 0x0000000709700000, 0x0000000709700000| Untracked 
| 138|0x0000000709800000, 0x0000000709800000, 0x0000000709900000|  0%| F|  |TAMS 0x0000000709800000, 0x0000000709800000| Untracked 
| 139|0x0000000709900000, 0x0000000709900000, 0x0000000709a00000|  0%| F|  |TAMS 0x0000000709900000, 0x0000000709900000| Untracked 
| 140|0x0000000709a00000, 0x0000000709a00000, 0x0000000709b00000|  0%| F|  |TAMS 0x0000000709a00000, 0x0000000709a00000| Untracked 
| 141|0x0000000709b00000, 0x0000000709b00000, 0x0000000709c00000|  0%| F|  |TAMS 0x0000000709b00000, 0x0000000709b00000| Untracked 
| 142|0x0000000709c00000, 0x0000000709c00000, 0x0000000709d00000|  0%| F|  |TAMS 0x0000000709c00000, 0x0000000709c00000| Untracked 
| 143|0x0000000709d00000, 0x0000000709d00000, 0x0000000709e00000|  0%| F|  |TAMS 0x0000000709d00000, 0x0000000709d00000| Untracked 
| 144|0x0000000709e00000, 0x0000000709e00000, 0x0000000709f00000|  0%| F|  |TAMS 0x0000000709e00000, 0x0000000709e00000| Untracked 
| 145|0x0000000709f00000, 0x0000000709f00000, 0x000000070a000000|  0%| F|  |TAMS 0x0000000709f00000, 0x0000000709f00000| Untracked 
| 146|0x000000070a000000, 0x000000070a000000, 0x000000070a100000|  0%| F|  |TAMS 0x000000070a000000, 0x000000070a000000| Untracked 
| 147|0x000000070a100000, 0x000000070a100000, 0x000000070a200000|  0%| F|  |TAMS 0x000000070a100000, 0x000000070a100000| Untracked 
| 148|0x000000070a200000, 0x000000070a200000, 0x000000070a300000|  0%| F|  |TAMS 0x000000070a200000, 0x000000070a200000| Untracked 
| 149|0x000000070a300000, 0x000000070a300000, 0x000000070a400000|  0%| F|  |TAMS 0x000000070a300000, 0x000000070a300000| Untracked 
| 150|0x000000070a400000, 0x000000070a400000, 0x000000070a500000|  0%| F|  |TAMS 0x000000070a400000, 0x000000070a400000| Untracked 
| 151|0x000000070a500000, 0x000000070a500000, 0x000000070a600000|  0%| F|  |TAMS 0x000000070a500000, 0x000000070a500000| Untracked 
| 152|0x000000070a600000, 0x000000070a600000, 0x000000070a700000|  0%| F|  |TAMS 0x000000070a600000, 0x000000070a600000| Untracked 
| 153|0x000000070a700000, 0x000000070a700000, 0x000000070a800000|  0%| F|  |TAMS 0x000000070a700000, 0x000000070a700000| Untracked 
| 154|0x000000070a800000, 0x000000070a800000, 0x000000070a900000|  0%| F|  |TAMS 0x000000070a800000, 0x000000070a800000| Untracked 
| 155|0x000000070a900000, 0x000000070a900000, 0x000000070aa00000|  0%| F|  |TAMS 0x000000070a900000, 0x000000070a900000| Untracked 
| 156|0x000000070aa00000, 0x000000070aa00000, 0x000000070ab00000|  0%| F|  |TAMS 0x000000070aa00000, 0x000000070aa00000| Untracked 
| 157|0x000000070ab00000, 0x000000070ab00000, 0x000000070ac00000|  0%| F|  |TAMS 0x000000070ab00000, 0x000000070ab00000| Untracked 
| 158|0x000000070ac00000, 0x000000070ac00000, 0x000000070ad00000|  0%| F|  |TAMS 0x000000070ac00000, 0x000000070ac00000| Untracked 
| 159|0x000000070ad00000, 0x000000070ad00000, 0x000000070ae00000|  0%| F|  |TAMS 0x000000070ad00000, 0x000000070ad00000| Untracked 
| 160|0x000000070ae00000, 0x000000070ae00000, 0x000000070af00000|  0%| F|  |TAMS 0x000000070ae00000, 0x000000070ae00000| Untracked 
| 161|0x000000070af00000, 0x000000070af00000, 0x000000070b000000|  0%| F|  |TAMS 0x000000070af00000, 0x000000070af00000| Untracked 
| 162|0x000000070b000000, 0x000000070b000000, 0x000000070b100000|  0%| F|  |TAMS 0x000000070b000000, 0x000000070b000000| Untracked 
| 163|0x000000070b100000, 0x000000070b100000, 0x000000070b200000|  0%| F|  |TAMS 0x000000070b100000, 0x000000070b100000| Untracked 
| 164|0x000000070b200000, 0x000000070b200000, 0x000000070b300000|  0%| F|  |TAMS 0x000000070b200000, 0x000000070b200000| Untracked 
| 165|0x000000070b300000, 0x000000070b300000, 0x000000070b400000|  0%| F|  |TAMS 0x000000070b300000, 0x000000070b300000| Untracked 
| 166|0x000000070b400000, 0x000000070b400000, 0x000000070b500000|  0%| F|  |TAMS 0x000000070b400000, 0x000000070b400000| Untracked 
| 167|0x000000070b500000, 0x000000070b500000, 0x000000070b600000|  0%| F|  |TAMS 0x000000070b500000, 0x000000070b500000| Untracked 
| 168|0x000000070b600000, 0x000000070b600000, 0x000000070b700000|  0%| F|  |TAMS 0x000000070b600000, 0x000000070b600000| Untracked 
| 169|0x000000070b700000, 0x000000070b700000, 0x000000070b800000|  0%| F|  |TAMS 0x000000070b700000, 0x000000070b700000| Untracked 
| 170|0x000000070b800000, 0x000000070b800000, 0x000000070b900000|  0%| F|  |TAMS 0x000000070b800000, 0x000000070b800000| Untracked 
| 171|0x000000070b900000, 0x000000070b900000, 0x000000070ba00000|  0%| F|  |TAMS 0x000000070b900000, 0x000000070b900000| Untracked 
| 172|0x000000070ba00000, 0x000000070ba00000, 0x000000070bb00000|  0%| F|  |TAMS 0x000000070ba00000, 0x000000070ba00000| Untracked 
| 173|0x000000070bb00000, 0x000000070bb00000, 0x000000070bc00000|  0%| F|  |TAMS 0x000000070bb00000, 0x000000070bb00000| Untracked 
| 174|0x000000070bc00000, 0x000000070bc00000, 0x000000070bd00000|  0%| F|  |TAMS 0x000000070bc00000, 0x000000070bc00000| Untracked 
| 175|0x000000070bd00000, 0x000000070bd00000, 0x000000070be00000|  0%| F|  |TAMS 0x000000070bd00000, 0x000000070bd00000| Untracked 
| 176|0x000000070be00000, 0x000000070be00000, 0x000000070bf00000|  0%| F|  |TAMS 0x000000070be00000, 0x000000070be00000| Untracked 
| 177|0x000000070bf00000, 0x000000070bf00000, 0x000000070c000000|  0%| F|  |TAMS 0x000000070bf00000, 0x000000070bf00000| Untracked 
| 178|0x000000070c000000, 0x000000070c000000, 0x000000070c100000|  0%| F|  |TAMS 0x000000070c000000, 0x000000070c000000| Untracked 
| 179|0x000000070c100000, 0x000000070c100000, 0x000000070c200000|  0%| F|  |TAMS 0x000000070c100000, 0x000000070c100000| Untracked 
| 180|0x000000070c200000, 0x000000070c200000, 0x000000070c300000|  0%| F|  |TAMS 0x000000070c200000, 0x000000070c200000| Untracked 
| 181|0x000000070c300000, 0x000000070c300000, 0x000000070c400000|  0%| F|  |TAMS 0x000000070c300000, 0x000000070c300000| Untracked 
| 182|0x000000070c400000, 0x000000070c400000, 0x000000070c500000|  0%| F|  |TAMS 0x000000070c400000, 0x000000070c400000| Untracked 
| 183|0x000000070c500000, 0x000000070c500000, 0x000000070c600000|  0%| F|  |TAMS 0x000000070c500000, 0x000000070c500000| Untracked 
| 184|0x000000070c600000, 0x000000070c600000, 0x000000070c700000|  0%| F|  |TAMS 0x000000070c600000, 0x000000070c600000| Untracked 
| 185|0x000000070c700000, 0x000000070c700000, 0x000000070c800000|  0%| F|  |TAMS 0x000000070c700000, 0x000000070c700000| Untracked 
| 186|0x000000070c800000, 0x000000070c800000, 0x000000070c900000|  0%| F|  |TAMS 0x000000070c800000, 0x000000070c800000| Untracked 
| 187|0x000000070c900000, 0x000000070c900000, 0x000000070ca00000|  0%| F|  |TAMS 0x000000070c900000, 0x000000070c900000| Untracked 
| 188|0x000000070ca00000, 0x000000070ca00000, 0x000000070cb00000|  0%| F|  |TAMS 0x000000070ca00000, 0x000000070ca00000| Untracked 
| 189|0x000000070cb00000, 0x000000070cb00000, 0x000000070cc00000|  0%| F|  |TAMS 0x000000070cb00000, 0x000000070cb00000| Untracked 
| 190|0x000000070cc00000, 0x000000070cc00000, 0x000000070cd00000|  0%| F|  |TAMS 0x000000070cc00000, 0x000000070cc00000| Untracked 
| 191|0x000000070cd00000, 0x000000070cd00000, 0x000000070ce00000|  0%| F|  |TAMS 0x000000070cd00000, 0x000000070cd00000| Untracked 
| 192|0x000000070ce00000, 0x000000070ce00000, 0x000000070cf00000|  0%| F|  |TAMS 0x000000070ce00000, 0x000000070ce00000| Untracked 
| 193|0x000000070cf00000, 0x000000070cf00000, 0x000000070d000000|  0%| F|  |TAMS 0x000000070cf00000, 0x000000070cf00000| Untracked 
| 194|0x000000070d000000, 0x000000070d000000, 0x000000070d100000|  0%| F|  |TAMS 0x000000070d000000, 0x000000070d000000| Untracked 
| 195|0x000000070d100000, 0x000000070d100000, 0x000000070d200000|  0%| F|  |TAMS 0x000000070d100000, 0x000000070d100000| Untracked 
| 196|0x000000070d200000, 0x000000070d200000, 0x000000070d300000|  0%| F|  |TAMS 0x000000070d200000, 0x000000070d200000| Untracked 
| 197|0x000000070d300000, 0x000000070d300000, 0x000000070d400000|  0%| F|  |TAMS 0x000000070d300000, 0x000000070d300000| Untracked 
| 198|0x000000070d400000, 0x000000070d400000, 0x000000070d500000|  0%| F|  |TAMS 0x000000070d400000, 0x000000070d400000| Untracked 
| 199|0x000000070d500000, 0x000000070d500000, 0x000000070d600000|  0%| F|  |TAMS 0x000000070d500000, 0x000000070d500000| Untracked 
| 200|0x000000070d600000, 0x000000070d600000, 0x000000070d700000|  0%| F|  |TAMS 0x000000070d600000, 0x000000070d600000| Untracked 
| 201|0x000000070d700000, 0x000000070d700000, 0x000000070d800000|  0%| F|  |TAMS 0x000000070d700000, 0x000000070d700000| Untracked 
| 202|0x000000070d800000, 0x000000070d800000, 0x000000070d900000|  0%| F|  |TAMS 0x000000070d800000, 0x000000070d800000| Untracked 
| 203|0x000000070d900000, 0x000000070d900000, 0x000000070da00000|  0%| F|  |TAMS 0x000000070d900000, 0x000000070d900000| Untracked 
| 204|0x000000070da00000, 0x000000070da00000, 0x000000070db00000|  0%| F|  |TAMS 0x000000070da00000, 0x000000070da00000| Untracked 
| 205|0x000000070db00000, 0x000000070db00000, 0x000000070dc00000|  0%| F|  |TAMS 0x000000070db00000, 0x000000070db00000| Untracked 
| 206|0x000000070dc00000, 0x000000070dc00000, 0x000000070dd00000|  0%| F|  |TAMS 0x000000070dc00000, 0x000000070dc00000| Untracked 
| 207|0x000000070dd00000, 0x000000070dd00000, 0x000000070de00000|  0%| F|  |TAMS 0x000000070dd00000, 0x000000070dd00000| Untracked 
| 208|0x000000070de00000, 0x000000070de00000, 0x000000070df00000|  0%| F|  |TAMS 0x000000070de00000, 0x000000070de00000| Untracked 
| 209|0x000000070df00000, 0x000000070df00000, 0x000000070e000000|  0%| F|  |TAMS 0x000000070df00000, 0x000000070df00000| Untracked 
| 210|0x000000070e000000, 0x000000070e000000, 0x000000070e100000|  0%| F|  |TAMS 0x000000070e000000, 0x000000070e000000| Untracked 
| 211|0x000000070e100000, 0x000000070e100000, 0x000000070e200000|  0%| F|  |TAMS 0x000000070e100000, 0x000000070e100000| Untracked 
| 212|0x000000070e200000, 0x000000070e200000, 0x000000070e300000|  0%| F|  |TAMS 0x000000070e200000, 0x000000070e200000| Untracked 
| 213|0x000000070e300000, 0x000000070e300000, 0x000000070e400000|  0%| F|  |TAMS 0x000000070e300000, 0x000000070e300000| Untracked 
| 214|0x000000070e400000, 0x000000070e400000, 0x000000070e500000|  0%| F|  |TAMS 0x000000070e400000, 0x000000070e400000| Untracked 
| 215|0x000000070e500000, 0x000000070e500000, 0x000000070e600000|  0%| F|  |TAMS 0x000000070e500000, 0x000000070e500000| Untracked 
| 216|0x000000070e600000, 0x000000070e600000, 0x000000070e700000|  0%| F|  |TAMS 0x000000070e600000, 0x000000070e600000| Untracked 
| 217|0x000000070e700000, 0x000000070e700000, 0x000000070e800000|  0%| F|  |TAMS 0x000000070e700000, 0x000000070e700000| Untracked 
| 218|0x000000070e800000, 0x000000070e800000, 0x000000070e900000|  0%| F|  |TAMS 0x000000070e800000, 0x000000070e800000| Untracked 
| 219|0x000000070e900000, 0x000000070e900000, 0x000000070ea00000|  0%| F|  |TAMS 0x000000070e900000, 0x000000070e900000| Untracked 
| 220|0x000000070ea00000, 0x000000070ea00000, 0x000000070eb00000|  0%| F|  |TAMS 0x000000070ea00000, 0x000000070ea00000| Untracked 
| 221|0x000000070eb00000, 0x000000070eb00000, 0x000000070ec00000|  0%| F|  |TAMS 0x000000070eb00000, 0x000000070eb00000| Untracked 
| 222|0x000000070ec00000, 0x000000070ec00000, 0x000000070ed00000|  0%| F|  |TAMS 0x000000070ec00000, 0x000000070ec00000| Untracked 
| 223|0x000000070ed00000, 0x000000070ed00000, 0x000000070ee00000|  0%| F|  |TAMS 0x000000070ed00000, 0x000000070ed00000| Untracked 
| 224|0x000000070ee00000, 0x000000070ee00000, 0x000000070ef00000|  0%| F|  |TAMS 0x000000070ee00000, 0x000000070ee00000| Untracked 
| 225|0x000000070ef00000, 0x000000070ef00000, 0x000000070f000000|  0%| F|  |TAMS 0x000000070ef00000, 0x000000070ef00000| Untracked 
| 226|0x000000070f000000, 0x000000070f000000, 0x000000070f100000|  0%| F|  |TAMS 0x000000070f000000, 0x000000070f000000| Untracked 
| 227|0x000000070f100000, 0x000000070f100000, 0x000000070f200000|  0%| F|  |TAMS 0x000000070f100000, 0x000000070f100000| Untracked 
| 228|0x000000070f200000, 0x000000070f200000, 0x000000070f300000|  0%| F|  |TAMS 0x000000070f200000, 0x000000070f200000| Untracked 
| 229|0x000000070f300000, 0x000000070f300000, 0x000000070f400000|  0%| F|  |TAMS 0x000000070f300000, 0x000000070f300000| Untracked 
| 230|0x000000070f400000, 0x000000070f400000, 0x000000070f500000|  0%| F|  |TAMS 0x000000070f400000, 0x000000070f400000| Untracked 
| 231|0x000000070f500000, 0x000000070f500000, 0x000000070f600000|  0%| F|  |TAMS 0x000000070f500000, 0x000000070f500000| Untracked 
| 232|0x000000070f600000, 0x000000070f600000, 0x000000070f700000|  0%| F|  |TAMS 0x000000070f600000, 0x000000070f600000| Untracked 
| 233|0x000000070f700000, 0x000000070f700000, 0x000000070f800000|  0%| F|  |TAMS 0x000000070f700000, 0x000000070f700000| Untracked 
| 234|0x000000070f800000, 0x000000070f800000, 0x000000070f900000|  0%| F|  |TAMS 0x000000070f800000, 0x000000070f800000| Untracked 
| 235|0x000000070f900000, 0x000000070f900000, 0x000000070fa00000|  0%| F|  |TAMS 0x000000070f900000, 0x000000070f900000| Untracked 
| 236|0x000000070fa00000, 0x000000070fa00000, 0x000000070fb00000|  0%| F|  |TAMS 0x000000070fa00000, 0x000000070fa00000| Untracked 
| 237|0x000000070fb00000, 0x000000070fb00000, 0x000000070fc00000|  0%| F|  |TAMS 0x000000070fb00000, 0x000000070fb00000| Untracked 
| 238|0x000000070fc00000, 0x000000070fc00000, 0x000000070fd00000|  0%| F|  |TAMS 0x000000070fc00000, 0x000000070fc00000| Untracked 
| 239|0x000000070fd00000, 0x000000070fd00000, 0x000000070fe00000|  0%| F|  |TAMS 0x000000070fd00000, 0x000000070fd00000| Untracked 
| 240|0x000000070fe00000, 0x000000070fe00000, 0x000000070ff00000|  0%| F|  |TAMS 0x000000070fe00000, 0x000000070fe00000| Untracked 
| 241|0x000000070ff00000, 0x000000070ff00000, 0x0000000710000000|  0%| F|  |TAMS 0x000000070ff00000, 0x000000070ff00000| Untracked 
| 242|0x0000000710000000, 0x0000000710000000, 0x0000000710100000|  0%| F|  |TAMS 0x0000000710000000, 0x0000000710000000| Untracked 
| 243|0x0000000710100000, 0x0000000710100000, 0x0000000710200000|  0%| F|  |TAMS 0x0000000710100000, 0x0000000710100000| Untracked 
| 244|0x0000000710200000, 0x0000000710276468, 0x0000000710300000| 46%| E|  |TAMS 0x0000000710200000, 0x0000000710200000| Complete 
| 245|0x0000000710300000, 0x0000000710400000, 0x0000000710400000|100%| E|CS|TAMS 0x0000000710300000, 0x0000000710300000| Complete 
| 246|0x0000000710400000, 0x0000000710500000, 0x0000000710500000|100%| E|CS|TAMS 0x0000000710400000, 0x0000000710400000| Complete 
| 247|0x0000000710500000, 0x0000000710600000, 0x0000000710600000|100%| E|CS|TAMS 0x0000000710500000, 0x0000000710500000| Complete 
| 248|0x0000000710600000, 0x0000000710700000, 0x0000000710700000|100%| E|CS|TAMS 0x0000000710600000, 0x0000000710600000| Complete 
| 249|0x0000000710700000, 0x0000000710800000, 0x0000000710800000|100%| E|  |TAMS 0x0000000710700000, 0x0000000710700000| Complete 
| 250|0x0000000710800000, 0x0000000710900000, 0x0000000710900000|100%| E|CS|TAMS 0x0000000710800000, 0x0000000710800000| Complete 
| 251|0x0000000710900000, 0x0000000710a00000, 0x0000000710a00000|100%| E|CS|TAMS 0x0000000710900000, 0x0000000710900000| Complete 
| 252|0x0000000710a00000, 0x0000000710b00000, 0x0000000710b00000|100%| E|CS|TAMS 0x0000000710a00000, 0x0000000710a00000| Complete 
| 253|0x0000000710b00000, 0x0000000710c00000, 0x0000000710c00000|100%| E|CS|TAMS 0x0000000710b00000, 0x0000000710b00000| Complete 
| 254|0x0000000710c00000, 0x0000000710d00000, 0x0000000710d00000|100%| E|CS|TAMS 0x0000000710c00000, 0x0000000710c00000| Complete 
| 255|0x0000000710d00000, 0x0000000710e00000, 0x0000000710e00000|100%| E|CS|TAMS 0x0000000710d00000, 0x0000000710d00000| Complete 

Card table byte_map: [0x0000029ab61f0000,0x0000029ab69f0000] _byte_map_base: 0x0000029ab29e9000

Marking Bits (Prev, Next): (CMBitMap*) 0x0000029aa2a5efc8, (CMBitMap*) 0x0000029aa2a5f008
 Prev Bits: [0x0000029ab71f0000, 0x0000029abb1b8000)
 Next Bits: [0x0000029abb1c0000, 0x0000029abf188000)

Polling page: 0x0000029aa21d0000

Metaspace:

Usage:
  Non-class:      8.51 MB capacity,     8.41 MB ( 99%) used,    94.46 KB (  1%) free+waste,    10.94 KB ( <1%) overhead. 
      Class:    849.00 KB capacity,   772.36 KB ( 91%) used,    71.39 KB (  8%) free+waste,     5.25 KB ( <1%) overhead. 
       Both:      9.34 MB capacity,     9.16 MB ( 98%) used,   165.85 KB (  2%) free+waste,    16.19 KB ( <1%) overhead. 

Virtual space:
  Non-class space:       10.00 MB reserved,       8.75 MB ( 88%) committed 
      Class space:        1.00 GB reserved,     896.00 KB ( <1%) committed 
             Both:        1.01 GB reserved,       9.63 MB ( <1%) committed 

Chunk freelists:
   Non-Class:  55.00 KB
       Class:  15.00 KB
        Both:  70.00 KB

MaxMetaspaceSize: 17179869184.00 GB
CompressedClassSpaceSize: 1.00 GB

CodeHeap 'non-profiled nmethods': size=120000Kb used=200Kb max_used=200Kb free=119799Kb
 bounds [0x0000029aae190000, 0x0000029aae400000, 0x0000029ab56c0000]
CodeHeap 'profiled nmethods': size=120000Kb used=1116Kb max_used=1116Kb free=118883Kb
 bounds [0x0000029aa6c60000, 0x0000029aa6ed0000, 0x0000029aae190000]
CodeHeap 'non-nmethods': size=5760Kb used=1545Kb max_used=1560Kb free=4214Kb
 bounds [0x0000029aa66c0000, 0x0000029aa6930000, 0x0000029aa6c60000]
 total_blobs=1569 nmethods=653 adapters=829
 compilation: enabled
              stopped_count=0, restarted_count=0
 full_count=0

Compilation events (20 events):
Event: 0.720 Thread 0x0000029ac2635800  640       4       java.util.zip.ZipFile::ensureOpen (40 bytes)
Event: 0.720 Thread 0x0000029ac263a800  641       3       jdk.internal.loader.URLClassPath$JarLoader::findResource (18 bytes)
Event: 0.720 Thread 0x0000029ac263a800 nmethod 641 0x0000029aa6d62790 code [0x0000029aa6d62940, 0x0000029aa6d62b98]
Event: 0.720 Thread 0x0000029ac2635800 nmethod 640 0x0000029aae1c0310 code [0x0000029aae1c04c0, 0x0000029aae1c05b8]
Event: 0.720 Thread 0x0000029ac2635800  642 %     4       java.lang.StringLatin1::indexOf @ 30 (121 bytes)
Event: 0.721 Thread 0x0000029ac263a800  644       3       java.lang.ref.SoftReference::get (29 bytes)
Event: 0.721 Thread 0x0000029ac263a800 nmethod 644 0x0000029aa6d62c90 code [0x0000029aa6d62e20, 0x0000029aa6d62ff8]
Event: 0.721 Thread 0x0000029ac263a800  645       3       jdk.internal.jimage.ImageStringsReader::hashCode (8 bytes)
Event: 0.721 Thread 0x0000029ac263a800 nmethod 645 0x0000029aa6d63090 code [0x0000029aa6d63260, 0x0000029aa6d63478]
Event: 0.721 Thread 0x0000029ac263a800  646       3       jdk.internal.module.SystemModuleFinders$SystemModuleReader::find (54 bytes)
Event: 0.722 Thread 0x0000029ac263a800 nmethod 646 0x0000029aa6d63590 code [0x0000029aa6d638a0, 0x0000029aa6d64938]
Event: 0.723 Thread 0x0000029ac263a800  647       1       java.lang.NamedPackage::module (5 bytes)
Event: 0.723 Thread 0x0000029ac263a800 nmethod 647 0x0000029aae1c0690 code [0x0000029aae1c0820, 0x0000029aae1c08d8]
Event: 0.723 Thread 0x0000029ac263a800  648       3       sun.net.www.protocol.file.Handler::parseURL (18 bytes)
Event: 0.724 Thread 0x0000029ac263a800 nmethod 648 0x0000029aa6d64f90 code [0x0000029aa6d65140, 0x0000029aa6d652d8]
Event: 0.724 Thread 0x0000029ac263a800  649       3       java.net.URLStreamHandler::parseURL (1201 bytes)
Event: 0.726 Thread 0x0000029ac2635800 nmethod 642% 0x0000029aae1c0990 code [0x0000029aae1c0b60, 0x0000029aae1c0f78]
Event: 0.726 Thread 0x0000029ac2635800  652       4       java.lang.Integer::toUnsignedLong (7 bytes)
Event: 0.726 Thread 0x0000029ac2635800 nmethod 652 0x0000029aae1c1210 code [0x0000029aae1c1380, 0x0000029aae1c13b8]
Event: 0.726 Thread 0x0000029ac2635800  643       4       java.util.zip.ZipCoder$UTF8::getBytes (10 bytes)

GC Heap History (0 events):
No events

Deoptimization events (14 events):
Event: 0.137 Thread 0x0000029aa29f7000 Uncommon trap: trap_request=0xffffff45 fr.pc=0x0000029aae190fb4 relative=0x0000000000000074
Event: 0.137 Thread 0x0000029aa29f7000 Uncommon trap: reason=unstable_if action=reinterpret pc=0x0000029aae190fb4 method=java.lang.String.isLatin1()Z @ 10 c2
Event: 0.137 Thread 0x0000029aa29f7000 DEOPT PACKING pc=0x0000029aae190fb4 sp=0x000000f9ba9ff000
Event: 0.137 Thread 0x0000029aa29f7000 DEOPT UNPACKING pc=0x0000029aa670912f sp=0x000000f9ba9fef40 mode 2
Event: 0.138 Thread 0x0000029aa29f7000 Uncommon trap: trap_request=0xffffff45 fr.pc=0x0000029aae194dec relative=0x000000000000020c
Event: 0.138 Thread 0x0000029aa29f7000 Uncommon trap: reason=unstable_if action=reinterpret pc=0x0000029aae194dec method=java.lang.String.hashCode()I @ 42 c2
Event: 0.138 Thread 0x0000029aa29f7000 DEOPT PACKING pc=0x0000029aae194dec sp=0x000000f9ba9fd690
Event: 0.138 Thread 0x0000029aa29f7000 DEOPT UNPACKING pc=0x0000029aa670912f sp=0x000000f9ba9fd628 mode 2
Event: 0.241 Thread 0x0000029aa29f7000 DEOPT PACKING pc=0x0000029aa6c9cdc8 sp=0x000000f9ba9fb5b0
Event: 0.241 Thread 0x0000029aa29f7000 DEOPT UNPACKING pc=0x0000029aa670964e sp=0x000000f9ba9faa08 mode 0
Event: 0.264 Thread 0x0000029aa29f7000 DEOPT PACKING pc=0x0000029aa6cc7645 sp=0x000000f9ba9fb4b0
Event: 0.264 Thread 0x0000029aa29f7000 DEOPT UNPACKING pc=0x0000029aa670964e sp=0x000000f9ba9fa910 mode 0
Event: 0.298 Thread 0x0000029aa29f7000 DEOPT PACKING pc=0x0000029aa6ca0e22 sp=0x000000f9ba9fb490
Event: 0.298 Thread 0x0000029aa29f7000 DEOPT UNPACKING pc=0x0000029aa670964e sp=0x000000f9ba9fa8f8 mode 0

Classes unloaded (0 events):
No events

Classes redefined (0 events):
No events

Internal exceptions (18 events):
Event: 0.221 Thread 0x0000029aa29f7000 Exception <a 'java/lang/NoSuchMethodError'{0x0000000710b75748}: 'void java.lang.invoke.DelegatingMethodHandle$Holder.delegate(java.lang.Object, java.lang.Object, int, java.lang.Object)'> (0x0000000710b75748) 
thrown [./open/src/hotspot/share/interpreter/linkResolver.cpp, line 766]
Event: 0.222 Thread 0x0000029aa29f7000 Exception <a 'java/lang/NoSuchMethodError'{0x0000000710b7c448}: 'java.lang.Object java.lang.invoke.DirectMethodHandle$Holder.invokeStaticInit(java.lang.Object, java.lang.Object, java.lang.Object)'> (0x0000000710b7c448) 
thrown [./open/src/hotspot/share/interpreter/linkResolver.cpp, line 766]
Event: 0.227 Thread 0x0000029aa29f7000 Exception <a 'java/lang/NoSuchMethodError'{0x0000000710ba1cb8}: 'int java.lang.invoke.DirectMethodHandle$Holder.invokeSpecialIFC(java.lang.Object, java.lang.Object, int)'> (0x0000000710ba1cb8) 
thrown [./open/src/hotspot/share/interpreter/linkResolver.cpp, line 766]
Event: 0.269 Thread 0x0000029aa29f7000 Exception <a 'sun/nio/fs/WindowsException'{0x0000000710ae7bb0}> (0x0000000710ae7bb0) 
thrown [./open/src/hotspot/share/prims/jni.cpp, line 599]
Event: 0.270 Thread 0x0000029aa29f7000 Exception <a 'sun/nio/fs/WindowsException'{0x0000000710ae8100}> (0x0000000710ae8100) 
thrown [./open/src/hotspot/share/prims/jni.cpp, line 599]
Event: 0.331 Thread 0x0000029aa29f7000 Exception <a 'java/lang/NoSuchMethodError'{0x000000071067d7d0}: 'int java.lang.invoke.DirectMethodHandle$Holder.invokeStaticInit(java.lang.Object, java.lang.Object, int, long)'> (0x000000071067d7d0) 
thrown [./open/src/hotspot/share/interpreter/linkResolver.cpp, line 766]
Event: 0.331 Thread 0x0000029aa29f7000 Exception <a 'java/lang/NoSuchMethodError'{0x0000000710682280}: 'java.lang.Object java.lang.invoke.Invokers$Holder.linkToTargetMethod(java.lang.Object, int, java.lang.Object)'> (0x0000000710682280) 
thrown [./open/src/hotspot/share/interpreter/linkResolver.cpp, line 766]
Event: 0.333 Thread 0x0000029aa29f7000 Exception <a 'java/lang/NoSuchMethodError'{0x000000071068f530}: 'int java.lang.invoke.DirectMethodHandle$Holder.invokeStaticInit(java.lang.Object, java.lang.Object, long, long)'> (0x000000071068f530) 
thrown [./open/src/hotspot/share/interpreter/linkResolver.cpp, line 766]
Event: 0.333 Thread 0x0000029aa29f7000 Exception <a 'java/lang/NoSuchMethodError'{0x00000007106950a0}: 'java.lang.Object java.lang.invoke.Invokers$Holder.linkToTargetMethod(java.lang.Object, long, java.lang.Object)'> (0x00000007106950a0) 
thrown [./open/src/hotspot/share/interpreter/linkResolver.cpp, line 766]
Event: 0.334 Thread 0x0000029aa29f7000 Exception <a 'java/lang/NoSuchMethodError'{0x000000071069ad08}: 'int java.lang.invoke.DirectMethodHandle$Holder.invokeStaticInit(java.lang.Object, java.lang.Object, java.lang.Object, long)'> (0x000000071069ad08) 
thrown [./open/src/hotspot/share/interpreter/linkResolver.cpp, line 766]
Event: 0.348 Thread 0x0000029aa29f7000 Exception <a 'sun/nio/fs/WindowsException'{0x0000000710526898}> (0x0000000710526898) 
thrown [./open/src/hotspot/share/prims/jni.cpp, line 599]
Event: 0.348 Thread 0x0000029aa29f7000 Exception <a 'sun/nio/fs/WindowsException'{0x0000000710526c28}> (0x0000000710526c28) 
thrown [./open/src/hotspot/share/prims/jni.cpp, line 599]
Event: 0.366 Thread 0x0000029aa29f7000 Exception <a 'sun/nio/fs/WindowsException'{0x000000071040c430}> (0x000000071040c430) 
thrown [./open/src/hotspot/share/prims/jni.cpp, line 599]
Event: 0.366 Thread 0x0000029aa29f7000 Exception <a 'sun/nio/fs/WindowsException'{0x000000071040c790}> (0x000000071040c790) 
thrown [./open/src/hotspot/share/prims/jni.cpp, line 599]
Event: 0.717 Thread 0x0000029aa29f7000 Exception <a 'sun/nio/fs/WindowsException'{0x0000000710375400}> (0x0000000710375400) 
thrown [./open/src/hotspot/share/prims/jni.cpp, line 599]
Event: 0.717 Thread 0x0000029aa29f7000 Exception <a 'sun/nio/fs/WindowsException'{0x00000007103757a8}> (0x00000007103757a8) 
thrown [./open/src/hotspot/share/prims/jni.cpp, line 599]
Event: 0.722 Thread 0x0000029aa29f7000 Exception <a 'sun/nio/fs/WindowsException'{0x00000007103f2b08}> (0x00000007103f2b08) 
thrown [./open/src/hotspot/share/prims/jni.cpp, line 599]
Event: 0.722 Thread 0x0000029aa29f7000 Exception <a 'sun/nio/fs/WindowsException'{0x00000007103f2de8}> (0x00000007103f2de8) 
thrown [./open/src/hotspot/share/prims/jni.cpp, line 599]

Events (20 events):
Event: 0.328 loading class jdk/internal/reflect/UnsafeQualifiedStaticObjectFieldAccessorImpl done
Event: 0.330 loading class java/util/function/LongPredicate
Event: 0.330 loading class java/util/function/LongPredicate done
Event: 0.332 loading class jdk/internal/access/foreign/MemorySegmentProxy
Event: 0.332 loading class jdk/internal/access/foreign/MemorySegmentProxy done
Event: 0.335 loading class java/math/BigInteger
Event: 0.336 loading class java/math/BigInteger done
Event: 0.336 loading class java/math/MutableBigInteger
Event: 0.337 loading class java/math/MutableBigInteger done
Event: 0.337 loading class java/nio/InvalidMarkException
Event: 0.337 loading class java/nio/InvalidMarkException done
Event: 0.337 loading class java/nio/BufferUnderflowException
Event: 0.338 loading class java/nio/BufferUnderflowException done
Event: 0.348 loading class java/lang/NoSuchFieldError
Event: 0.348 loading class java/lang/NoSuchFieldError done
Event: 0.359 loading class java/util/function/BiPredicate
Event: 0.359 loading class java/util/function/BiPredicate done
Event: 0.368 loading class jdk/internal/reflect/UnsafeQualifiedStaticIntegerFieldAccessorImpl
Event: 0.369 loading class jdk/internal/reflect/UnsafeQualifiedStaticIntegerFieldAccessorImpl done
Event: 0.719 Loaded shared library C:\Users\georg\AppData\Local\Temp\lwjglgeorg\3.3.1-build-7\lwjgl_opengl.dll


Dynamic libraries:
0x00007ff654240000 - 0x00007ff65424d000 	C:\Users\georg\.p2\pool\plugins\org.eclipse.justj.openjdk.hotspot.jre.full.win32.x86_64_14.0.2.v20200815-0932\jre\bin\javaw.exe
0x00007ff855e30000 - 0x00007ff856025000 	C:\WINDOWS\SYSTEM32\ntdll.dll
0x00007ff8553b0000 - 0x00007ff85546e000 	C:\WINDOWS\System32\KERNEL32.DLL
0x00007ff853960000 - 0x00007ff853c28000 	C:\WINDOWS\System32\KERNELBASE.dll
0x00007ff853c30000 - 0x00007ff853d30000 	C:\WINDOWS\System32\ucrtbase.dll
0x00007ff840e50000 - 0x00007ff840e65000 	C:\Users\georg\.p2\pool\plugins\org.eclipse.justj.openjdk.hotspot.jre.full.win32.x86_64_14.0.2.v20200815-0932\jre\bin\VCRUNTIME140.dll
0x00007ff849680000 - 0x00007ff849698000 	C:\Users\georg\.p2\pool\plugins\org.eclipse.justj.openjdk.hotspot.jre.full.win32.x86_64_14.0.2.v20200815-0932\jre\bin\jli.dll
0x00007ff8548d0000 - 0x00007ff854a70000 	C:\WINDOWS\System32\USER32.dll
0x00007ff8538c0000 - 0x00007ff8538e2000 	C:\WINDOWS\System32\win32u.dll
0x00007ff83ee80000 - 0x00007ff83f11a000 	C:\WINDOWS\WinSxS\amd64_microsoft.windows.common-controls_6595b64144ccf1df_6.0.19041.1110_none_60b5254171f9507e\COMCTL32.dll
0x00007ff854660000 - 0x00007ff85468b000 	C:\WINDOWS\System32\GDI32.dll
0x00007ff853550000 - 0x00007ff85365b000 	C:\WINDOWS\System32\gdi32full.dll
0x00007ff854dd0000 - 0x00007ff854e6e000 	C:\WINDOWS\System32\msvcrt.dll
0x00007ff853820000 - 0x00007ff8538bd000 	C:\WINDOWS\System32\msvcp_win.dll
0x00007ff855b50000 - 0x00007ff855b80000 	C:\WINDOWS\System32\IMM32.DLL
0x00007ff80f3a0000 - 0x00007ff80f43b000 	C:\Users\georg\.p2\pool\plugins\org.eclipse.justj.openjdk.hotspot.jre.full.win32.x86_64_14.0.2.v20200815-0932\jre\bin\msvcp140.dll
0x00007fffb6cb0000 - 0x00007fffb77ce000 	C:\Users\georg\.p2\pool\plugins\org.eclipse.justj.openjdk.hotspot.jre.full.win32.x86_64_14.0.2.v20200815-0932\jre\bin\server\jvm.dll
0x00007ff854690000 - 0x00007ff85473e000 	C:\WINDOWS\System32\ADVAPI32.dll
0x00007ff8559e0000 - 0x00007ff855a7c000 	C:\WINDOWS\System32\sechost.dll
0x00007ff855cb0000 - 0x00007ff855dd5000 	C:\WINDOWS\System32\RPCRT4.dll
0x00007ff855970000 - 0x00007ff855978000 	C:\WINDOWS\System32\PSAPI.DLL
0x00007ff850900000 - 0x00007ff850909000 	C:\WINDOWS\SYSTEM32\WSOCK32.dll
0x00007ff846130000 - 0x00007ff846157000 	C:\WINDOWS\SYSTEM32\WINMM.dll
0x00007ff84d400000 - 0x00007ff84d40a000 	C:\WINDOWS\SYSTEM32\VERSION.dll
0x00007ff8558e0000 - 0x00007ff85594b000 	C:\WINDOWS\System32\WS2_32.dll
0x00007ff851dc0000 - 0x00007ff851dd2000 	C:\WINDOWS\SYSTEM32\kernel.appcore.dll
0x00007ff84edc0000 - 0x00007ff84edca000 	C:\Users\georg\.p2\pool\plugins\org.eclipse.justj.openjdk.hotspot.jre.full.win32.x86_64_14.0.2.v20200815-0932\jre\bin\jimage.dll
0x00007ff851a40000 - 0x00007ff851c24000 	C:\WINDOWS\SYSTEM32\DBGHELP.DLL
0x00007ff83a5a0000 - 0x00007ff83a5cc000 	C:\WINDOWS\SYSTEM32\dbgcore.DLL
0x00007ff853790000 - 0x00007ff853812000 	C:\WINDOWS\System32\bcryptPrimitives.dll
0x00007ff843420000 - 0x00007ff843445000 	C:\Users\georg\.p2\pool\plugins\org.eclipse.justj.openjdk.hotspot.jre.full.win32.x86_64_14.0.2.v20200815-0932\jre\bin\java.dll
0x00007ff84def0000 - 0x00007ff84df06000 	C:\Users\georg\.p2\pool\plugins\org.eclipse.justj.openjdk.hotspot.jre.full.win32.x86_64_14.0.2.v20200815-0932\jre\bin\zip.dll
0x00007ff853e90000 - 0x00007ff8545d4000 	C:\WINDOWS\System32\SHELL32.dll
0x00007ff8511e0000 - 0x00007ff851974000 	C:\WINDOWS\SYSTEM32\windows.storage.dll
0x00007ff854ed0000 - 0x00007ff855224000 	C:\WINDOWS\System32\combase.dll
0x00007ff852f90000 - 0x00007ff852fbc000 	C:\WINDOWS\SYSTEM32\Wldp.dll
0x00007ff855230000 - 0x00007ff8552dd000 	C:\WINDOWS\System32\SHCORE.dll
0x00007ff855af0000 - 0x00007ff855b45000 	C:\WINDOWS\System32\shlwapi.dll
0x00007ff853490000 - 0x00007ff8534af000 	C:\WINDOWS\SYSTEM32\profapi.dll
0x00007ff842370000 - 0x00007ff842389000 	C:\Users\georg\.p2\pool\plugins\org.eclipse.justj.openjdk.hotspot.jre.full.win32.x86_64_14.0.2.v20200815-0932\jre\bin\net.dll
0x00007ff84d5b0000 - 0x00007ff84d6b9000 	C:\WINDOWS\SYSTEM32\WINHTTP.dll
0x00007ff852cc0000 - 0x00007ff852d2a000 	C:\WINDOWS\system32\mswsock.dll
0x00007ff842350000 - 0x00007ff842362000 	C:\Users\georg\.p2\pool\plugins\org.eclipse.justj.openjdk.hotspot.jre.full.win32.x86_64_14.0.2.v20200815-0932\jre\bin\nio.dll
0x00007ff80f730000 - 0x00007ff80f7a5000 	C:\Users\georg\AppData\Local\Temp\lwjglgeorg\3.3.1-build-7\lwjgl.dll
0x00007ffff9570000 - 0x00007ffff97c9000 	C:\Users\georg\AppData\Local\Temp\lwjglgeorg\3.3.1-build-7\jemalloc.dll
0x00007ff810110000 - 0x00007ff810171000 	C:\Users\georg\AppData\Local\Temp\lwjglgeorg\3.3.1-build-7\glfw.dll
0x00007ff80fcf0000 - 0x00007ff80fd35000 	C:\WINDOWS\SYSTEM32\dinput8.dll
0x00007ff80d0c0000 - 0x00007ff80d0d1000 	C:\WINDOWS\SYSTEM32\xinput1_4.dll
0x00007ff853660000 - 0x00007ff8536ae000 	C:\WINDOWS\System32\cfgmgr32.dll
0x00007ff8532f0000 - 0x00007ff853323000 	C:\WINDOWS\SYSTEM32\DEVOBJ.dll
0x00007ff850d10000 - 0x00007ff850d3f000 	C:\WINDOWS\SYSTEM32\dwmapi.dll
0x00007ff83c9a0000 - 0x00007ff83caf2000 	C:\WINDOWS\SYSTEM32\inputhost.dll
0x00007ff8552e0000 - 0x00007ff8553ad000 	C:\WINDOWS\System32\OLEAUT32.dll
0x00007ff850620000 - 0x00007ff850712000 	C:\WINDOWS\SYSTEM32\CoreMessaging.dll
0x00007ff84ea70000 - 0x00007ff84eb66000 	C:\WINDOWS\SYSTEM32\PROPSYS.dll
0x00007ff84fbf0000 - 0x00007ff84fd44000 	C:\WINDOWS\SYSTEM32\wintypes.dll
0x00007ff8502c0000 - 0x00007ff85061e000 	C:\WINDOWS\SYSTEM32\CoreUIComponents.dll
0x00007ff852210000 - 0x00007ff852243000 	C:\WINDOWS\SYSTEM32\ntmarta.dll
0x00007ff850b00000 - 0x00007ff850b9e000 	C:\WINDOWS\system32\uxtheme.dll
0x00007ff854a70000 - 0x00007ff854b86000 	C:\WINDOWS\System32\MSCTF.dll
0x00007fffe4ca0000 - 0x00007fffe4dc6000 	C:\WINDOWS\SYSTEM32\opengl32.dll
0x00007ff802f50000 - 0x00007ff802f7c000 	C:\WINDOWS\SYSTEM32\GLU32.dll
0x00007ff854820000 - 0x00007ff8548c9000 	C:\WINDOWS\System32\clbcatq.dll
0x00007fffa8750000 - 0x00007fffab70f000 	C:\WINDOWS\System32\DriverStore\FileRepository\nvmdi.inf_amd64_697983dd21312b3c\nvoglv64.dll
0x00007ff855470000 - 0x00007ff8558e0000 	C:\WINDOWS\System32\SETUPAPI.dll
0x00007ff853760000 - 0x00007ff853787000 	C:\WINDOWS\System32\bcrypt.dll
0x00007ff855b80000 - 0x00007ff855caa000 	C:\WINDOWS\System32\ole32.dll
0x00007ff84eb90000 - 0x00007ff84eba4000 	C:\WINDOWS\SYSTEM32\WTSAPI32.dll
0x00007ff852e90000 - 0x00007ff852e9c000 	C:\WINDOWS\SYSTEM32\CRYPTBASE.DLL
0x00007ff853130000 - 0x00007ff853142000 	C:\WINDOWS\SYSTEM32\msasn1.dll
0x00007ff849ae0000 - 0x00007ff849b11000 	C:\WINDOWS\SYSTEM32\cryptnet.dll
0x00007ff853d30000 - 0x00007ff853e86000 	C:\WINDOWS\System32\CRYPT32.dll
0x00007ff849990000 - 0x00007ff849ad8000 	C:\WINDOWS\SYSTEM32\drvstore.dll
0x00007ff8538f0000 - 0x00007ff853958000 	C:\WINDOWS\System32\WINTRUST.dll
0x00007ff84aee0000 - 0x00007ff84af1b000 	C:\WINDOWS\SYSTEM32\dxcore.dll
0x00007ff8019c0000 - 0x00007ff801c85000 	C:\WINDOWS\system32\nvspcap64.dll
0x00007ff852ae0000 - 0x00007ff852b2b000 	C:\WINDOWS\SYSTEM32\powrprof.dll
0x00007ff852950000 - 0x00007ff852962000 	C:\WINDOWS\SYSTEM32\UMPDC.dll
0x00007ff8522c0000 - 0x00007ff85231a000 	C:\WINDOWS\SYSTEM32\WINSTA.dll
0x00007ff844030000 - 0x00007ff844129000 	C:\WINDOWS\SYSTEM32\textinputframework.dll
0x00007ff84ece0000 - 0x00007ff84ed46000 	C:\WINDOWS\system32\Oleacc.dll
0x00007ff80f4b0000 - 0x00007ff80f50d000 	C:\Users\georg\AppData\Local\Temp\lwjglgeorg\3.3.1-build-7\lwjgl_opengl.dll

dbghelp: loaded successfully - version: 4.0.5 - missing functions: none
symbol engine: initialized successfully - sym options: 0x614 - pdb path: .;C:\Users\georg\.p2\pool\plugins\org.eclipse.justj.openjdk.hotspot.jre.full.win32.x86_64_14.0.2.v20200815-0932\jre\bin;C:\WINDOWS\SYSTEM32;C:\WINDOWS\WinSxS\amd64_microsoft.windows.common-controls_6595b64144ccf1df_6.0.19041.1110_none_60b5254171f9507e;C:\Users\georg\.p2\pool\plugins\org.eclipse.justj.openjdk.hotspot.jre.full.win32.x86_64_14.0.2.v20200815-0932\jre\bin\server;C:\Users\georg\AppData\Local\Temp\lwjglgeorg\3.3.1-build-7;C:\WINDOWS\System32\DriverStore\FileRepository\nvmdi.inf_amd64_697983dd21312b3c

VM Arguments:
jvm_args: -Dfile.encoding=Cp1252 -XX:+ShowCodeDetailsInExceptionMessages 
java_command: HelloWindow
java_class_path (initial): C:\Users\georg\eclipse-workspace\LearningOpenGL\bin;C:\Users\georg\OneDrive\Documents\CompSci\personal\java\lwjgl-release-3.3.1-custom\lwjgl.jar;C:\Users\georg\OneDrive\Documents\CompSci\personal\java\lwjgl-release-3.3.1-custom\lwjgl-assimp.jar;C:\Users\georg\OneDrive\Documents\CompSci\personal\java\lwjgl-release-3.3.1-custom\lwjgl-assimp-natives-windows.jar;C:\Users\georg\OneDrive\Documents\CompSci\personal\java\lwjgl-release-3.3.1-custom\lwjgl-bgfx.jar;C:\Users\georg\OneDrive\Documents\CompSci\personal\java\lwjgl-release-3.3.1-custom\lwjgl-bgfx-natives-windows.jar;C:\Users\georg\OneDrive\Documents\CompSci\personal\java\lwjgl-release-3.3.1-custom\lwjgl-cuda.jar;C:\Users\georg\OneDrive\Documents\CompSci\personal\java\lwjgl-release-3.3.1-custom\lwjgl-egl.jar;C:\Users\georg\OneDrive\Documents\CompSci\personal\java\lwjgl-release-3.3.1-custom\lwjgl-glfw.jar;C:\Users\georg\OneDrive\Documents\CompSci\personal\java\lwjgl-release-3.3.1-custom\lwjgl-glfw-natives-windows.jar;C:\Users\georg\OneDrive\Documents\CompSci\personal\java\lwjgl-release-3.3.1-custom\lwjgl-jawt.jar;C:\Users\georg\OneDrive\Documents\CompSci\personal\java\lwjgl-release-3.3.1-custom\lwjgl-jemalloc.jar;C:\Users\georg\OneDrive\Documents\CompSci\personal\java\lwjgl-release-3.3.1-custom\lwjgl-jemalloc-natives-windows.jar;C:\Users\georg\OneDrive\Documents\CompSci\personal\java\lwjgl-release-3.3.1-custom\lwjgl-libdivide.jar;C:\Users\georg\OneDrive\Documents\CompSci\personal\java\lwjgl-release-3.3.1-custom\lwjgl-libdivide-natives-windows.jar;C:\Users\georg\OneDrive\Documents\CompSci\personal\java\lwjgl-release-3.3.1-custom\lwjgl-llvm.jar;C:\Users\georg\OneDrive\Documents\CompSci\personal\java\lwjgl-release-3.3.1-custom\lwjgl-llvm-natives-windows.jar;C:\Users\georg\OneDrive\Documents\CompSci\personal\java\lwjgl-release-3.3.1-custom\lwjgl-lmdb.jar;C:\Users\georg\OneDrive\Documents\CompSci\personal\java\lwjgl-release-3.3.1-custom\lwjgl-lmdb-natives-windows.jar;C:\Users\georg\OneDrive\Doc
Launcher Type: SUN_STANDARD

[Global flags]
     intx CICompilerCount                          = 4                                         {product} {ergonomic}
     uint ConcGCThreads                            = 2                                         {product} {ergonomic}
     uint G1ConcRefinementThreads                  = 8                                         {product} {ergonomic}
   size_t G1HeapRegionSize                         = 1048576                                   {product} {ergonomic}
    uintx GCDrainStackTargetSize                   = 64                                        {product} {ergonomic}
   size_t InitialHeapSize                          = 268435456                                 {product} {ergonomic}
   size_t MarkStackSize                            = 4194304                                   {product} {ergonomic}
   size_t MaxHeapSize                              = 4280287232                                {product} {ergonomic}
   size_t MaxNewSize                               = 2567962624                                {product} {ergonomic}
   size_t MinHeapDeltaBytes                        = 1048576                                   {product} {ergonomic}
   size_t MinHeapSize                              = 8388608                                   {product} {ergonomic}
    uintx NonNMethodCodeHeapSize                   = 5839372                                {pd product} {ergonomic}
    uintx NonProfiledCodeHeapSize                  = 122909434                              {pd product} {ergonomic}
    uintx ProfiledCodeHeapSize                     = 122909434                              {pd product} {ergonomic}
    uintx ReservedCodeCacheSize                    = 251658240                              {pd product} {ergonomic}
     bool SegmentedCodeCache                       = true                                      {product} {ergonomic}
     bool ShowCodeDetailsInExceptionMessages       = true                                   {manageable} {command line}
   size_t SoftMaxHeapSize                          = 4280287232                             {manageable} {ergonomic}
     bool UseCompressedClassPointers               = true                                 {lp64_product} {ergonomic}
     bool UseCompressedOops                        = true                                 {lp64_product} {ergonomic}
     bool UseG1GC                                  = true                                      {product} {ergonomic}
     bool UseLargePagesIndividualAllocation        = false                                  {pd product} {ergonomic}

Logging:
Log output configuration:
 #0: stdout all=warning uptime,level,tags
 #1: stderr all=off uptime,level,tags

Environment Variables:
JAVA_HOME=C:\Program Files\Java\jdk-11.0.13
PATH=C:/Users/georg/.p2/pool/plugins/org.eclipse.justj.openjdk.hotspot.jre.full.win32.x86_64_14.0.2.v20200815-0932/jre/bin/server;C:/Users/georg/.p2/pool/plugins/org.eclipse.justj.openjdk.hotspot.jre.full.win32.x86_64_14.0.2.v20200815-0932/jre/bin;C:\Users\georg\OneDrive\Documents\CompSci\instantclient_19_8_32bit;C:\Program Files\Java\jdk-11.0.13\bin;C:\WINDOWS\system32;C:\WINDOWS;C:\WINDOWS\System32\Wbem;C:\WINDOWS\System32\WindowsPowerShell\v1.0\;C:\WINDOWS\System32\OpenSSH\;C:\Program Files\NVIDIA Corporation\NVIDIA NvDLISR;C:\Program Files (x86)\NVIDIA Corporation\PhysX\Common;C:\WINDOWS\system32;C:\WINDOWS;C:\WINDOWS\System32\Wbem;C:\WINDOWS\System32\WindowsPowerShell\v1.0\;C:\Program Files\PuTTY\;C:\WINDOWS\System32\OpenSSH\;C:\Program Files\dotnet\;C:\Program Files\Git\cmd;C:\Users\georg\AppData\Local\Programs\Python\Python38-32\Scripts\;C:\Users\georg\AppData\Local\Programs\Python\Python38-32\;C:\Users\georg\AppData\Local\Microsoft\WindowsApps;C:\Users\georg\AppData\Local\Programs\Microsoft VS Code\bin;C:\Users\georg\.dotnet\tools;C:\Users\georg\AppData\Local\Programs\MiKTeX\miktex\bin\x64\;C:\Users\georg\Desktop;
USERNAME=georg
OS=Windows_NT
PROCESSOR_IDENTIFIER=Intel64 Family 6 Model 158 Stepping 9, GenuineIntel



---------------  S Y S T E M  ---------------

OS: Windows 10 , 64 bit Build 19041 (10.0.19041.1566)
OS uptime: 4 days 12:10 hours
HyperV virtualization detected

CPU:total 8 (initial active 8) (4 cores per cpu, 2 threads per core) family 6 model 158 stepping 9, cmov, cx8, fxsr, mmx, sse, sse2, sse3, ssse3, sse4.1, sse4.2, popcnt, avx, avx2, aes, clmul, erms, rtm, 3dnowpref, lzcnt, ht, tsc, tscinvbit, bmi1, bmi2, adx, fma

Memory: 4k page, system-wide physical 16321M (6989M free)
TotalPageFile size 32705M (AvailPageFile size 17867M)
current process WorkingSet (physical memory assigned to process): 91M, peak: 91M
current process commit charge ("private bytes"): 404M, peak: 404M

vm_info: OpenJDK 64-Bit Server VM (14.0.2+12-46) for windows-amd64 JRE (14.0.2+12-46), built on Jul  9 2020 00:31:16 by "mach5one" with MS VC++ 15.9 (VS2017)

END.
