#
# A fatal error has been detected by the Java Runtime Environment:
#
#  EXCEPTION_ACCESS_VIOLATION (0xc0000005) at pc=0x00007ffbd030e0a7, pid=14740, tid=2548
#
# JRE version: OpenJDK Runtime Environment (14.0.2+12) (build 14.0.2+12-46)
# Java VM: OpenJDK 64-Bit Server VM (14.0.2+12-46, mixed mode, tiered, compressed oops, g1 gc, windows-amd64)
# Problematic frame:
# C  [lwjgl_opengl.dll+0xe0a7]
#
# No core dump will be written. Minidumps are not enabled by default on client versions of Windows
#
# If you would like to submit a bug report, please visit:
#   https://bugreport.java.com/bugreport/crash.jsp
# The crash happened outside the Java Virtual Machine in native code.
# See problematic frame for where to report the bug.
#

---------------  S U M M A R Y ------------

Command Line: -Dfile.encoding=Cp1252 -XX:+ShowCodeDetailsInExceptionMessages HelloWindow

Host: Intel(R) Core(TM) i7-7700K CPU @ 4.20GHz, 8 cores, 15G,  Windows 10 , 64 bit Build 19041 (10.0.19041.1566)
Time: Wed Mar 30 17:04:25 2022 GMT Summer Time elapsed time: 0 seconds (0d 0h 0m 0s)

---------------  T H R E A D  ---------------

Current thread (0x00000210e8c78800):  JavaThread "main" [_thread_in_native, id=2548, stack(0x0000009d7a300000,0x0000009d7a400000)]

Stack: [0x0000009d7a300000,0x0000009d7a400000],  sp=0x0000009d7a3ff468,  free space=1021k
Native frames: (J=compiled Java code, j=interpreted, Vv=VM code, C=native code)
C  [lwjgl_opengl.dll+0xe0a7]

Java frames: (J=compiled Java code, j=interpreted, Vv=VM code)
j  org.lwjgl.opengl.GL20C.glCreateShader(I)I+0
j  org.lwjgl.opengl.GL20.glCreateShader(I)I+1
j  Shader.<init>(Ljava/lang/String;Ljava/lang/String;)V+186
j  HelloWindow.init()V+105
j  HelloWindow.run()V+48
j  HelloWindow.main([Ljava/lang/String;)V+7
v  ~StubRoutines::call_stub

siginfo: EXCEPTION_ACCESS_VIOLATION (0xc0000005), reading address 0x0000000000000e38


Register to memory mapping:

RIP=0x00007ffbd030e0a7 lwjgl_opengl.dll
RAX=0x000002108b23ba40 points into unknown readable memory: 00 00 00 00 00 00 00 00
RBX={method} {0x00000210926234f0} 'glCreateShader' '(I)I' in 'org/lwjgl/opengl/GL20C'
RCX=0x0 is NULL
RDX=0x0000009d7a3ff4f0 is pointing into the stack for thread: 0x00000210e8c78800
RSP=0x0000009d7a3ff468 is pointing into the stack for thread: 0x00000210e8c78800
RBP=0x0000009d7a3ff4e0 is pointing into the stack for thread: 0x00000210e8c78800
RSI=0x0 is NULL
RDI=0x00000210ee11a1a7 is at code_begin+2343 in an Interpreter codelet
invoke return entry points  [0x00000210ee119880, 0x00000210ee11a280]  2560 bytes
R8 =0x0000000000008b31 is an unknown value
R9 =0x0000000000000002 is an unknown value
R10=0x00000210ee11f3a8 is at code_begin+1000 in an Interpreter codelet
method entry point (kind = native)  [0x00000210ee11efc0, 0x00000210ee11fa60]  2720 bytes
R11=0x00000007100fd950 is an oop: java.lang.Class 
{0x00000007100fd950} - klass: 'java/lang/Class'
R12=0x0 is NULL
R13=0x00000210926234d8 is pointing into metadata
R14=0x0000009d7a3ff500 is pointing into the stack for thread: 0x00000210e8c78800
R15=0x00000210e8c78800 is a thread


Registers:
RAX=0x000002108b23ba40, RBX=0x00000210926234e8, RCX=0x0000000000000000, RDX=0x0000009d7a3ff4f0
RSP=0x0000009d7a3ff468, RBP=0x0000009d7a3ff4e0, RSI=0x0000000000000000, RDI=0x00000210ee11a1a7
R8 =0x0000000000008b31, R9 =0x0000000000000002, R10=0x00000210ee11f3a8, R11=0x00000007100fd950
R12=0x0000000000000000, R13=0x00000210926234d8, R14=0x0000009d7a3ff500, R15=0x00000210e8c78800
RIP=0x00007ffbd030e0a7, EFLAGS=0x0000000000010202

Top of Stack: (sp=0x0000009d7a3ff468)
0x0000009d7a3ff468:   00000210ee11f3d7 00000210926234e8
0x0000009d7a3ff478:   0000000000000000 0000000000000000
0x0000009d7a3ff488:   0000009d7a3ff478 00000210ee11f076
0x0000009d7a3ff498:   0000009d7a3ff498 00000210926234d8
0x0000009d7a3ff4a8:   0000009d7a3ff500 0000021092650920
0x0000009d7a3ff4b8:   0000000000000000 00000007100fd950
0x0000009d7a3ff4c8:   00000210926234e8 0000000000000000
0x0000009d7a3ff4d8:   0000009d7a3ff500 0000009d7a3ff550
0x0000009d7a3ff4e8:   00000210ee119bc0 00000007100fd950
0x0000009d7a3ff4f8:   00000210ee11c376 0000000000008b31
0x0000009d7a3ff508:   0000009d7a3ff508 000002108b692cb1
0x0000009d7a3ff518:   0000009d7a3ff560 0000021092615da0
0x0000009d7a3ff528:   0000000000000000 00000007102db3c8
0x0000009d7a3ff538:   000002108b692cd8 0000009d7a3ff500
0x0000009d7a3ff548:   0000009d7a3ff560 0000009d7a3ff5b0
0x0000009d7a3ff558:   00000210ee119bc0 0000000000008b31 

Instructions: (pc=0x00007ffbd030e0a7)
0x00007ffbd030dfa7:   8b c8 4c 8b 50 18 49 ff a2 f8 0d 00 00 cc cc cc
0x00007ffbd030dfb7:   cc cc cc cc cc cc cc cc cc 48 8b 01 41 8b c8 48
0x00007ffbd030dfc7:   8b 50 18 48 ff a2 00 0e 00 00 cc cc cc cc cc cc
0x00007ffbd030dfd7:   cc cc cc cc cc cc cc cc cc 48 8b 01 45 8b d8 4c
0x00007ffbd030dfe7:   8b 44 24 28 41 8b d1 41 8b cb 4c 8b 50 18 49 ff
0x00007ffbd030dff7:   a2 08 0e 00 00 cc cc cc cc 48 8b 01 45 8b d8 4c
0x00007ffbd030e007:   8b 44 24 28 41 8b d1 41 8b cb 4c 8b 50 18 49 ff
0x00007ffbd030e017:   a2 10 0e 00 00 cc cc cc cc 48 8b 01 45 8b d8 4c
0x00007ffbd030e027:   8b 44 24 28 41 8b d1 41 8b cb 4c 8b 50 18 49 ff
0x00007ffbd030e037:   a2 18 0e 00 00 cc cc cc cc 48 8b 01 48 8b 48 18
0x00007ffbd030e047:   48 8b 81 20 0e 00 00 48 ff e0 cc cc cc cc cc cc
0x00007ffbd030e057:   cc cc cc cc cc cc cc cc cc 48 8b 01 41 8b c8 48
0x00007ffbd030e067:   8b 50 18 48 ff a2 28 0e 00 00 cc cc cc cc cc cc
0x00007ffbd030e077:   cc cc cc cc cc cc cc cc cc 48 8b 01 48 8b 48 18
0x00007ffbd030e087:   48 8b 81 30 0e 00 00 41 8b c8 48 ff e0 cc cc cc
0x00007ffbd030e097:   cc cc cc cc cc cc cc cc cc 48 8b 01 48 8b 48 18
0x00007ffbd030e0a7:   48 8b 81 38 0e 00 00 41 8b c8 48 ff e0 cc cc cc
0x00007ffbd030e0b7:   cc cc cc cc cc cc cc cc cc 48 8b 01 41 8b c8 48
0x00007ffbd030e0c7:   8b 50 18 48 ff a2 40 0e 00 00 cc cc cc cc cc cc
0x00007ffbd030e0d7:   cc cc cc cc cc cc cc cc cc 48 8b 01 48 8b 48 18
0x00007ffbd030e0e7:   48 8b 81 48 0e 00 00 41 8b c8 48 ff e0 cc cc cc
0x00007ffbd030e0f7:   cc cc cc cc cc cc cc cc cc 48 8b 01 41 8b d1 41
0x00007ffbd030e107:   8b c8 4c 8b 50 18 49 ff a2 50 0e 00 00 cc cc cc
0x00007ffbd030e117:   cc cc cc cc cc cc cc cc cc 48 8b 01 41 8b d1 41
0x00007ffbd030e127:   8b c8 4c 8b 50 18 49 ff a2 58 0e 00 00 cc cc cc
0x00007ffbd030e137:   cc cc cc cc cc cc cc cc cc 40 53 48 8b 01 41 8b
0x00007ffbd030e147:   d8 4c 8b 44 24 30 41 8b d1 4c 8b 4c 24 38 8b cb
0x00007ffbd030e157:   4c 8b 50 18 5b 49 ff a2 60 0e 00 00 cc cc cc cc
0x00007ffbd030e167:   cc cc cc cc cc cc cc cc cc 48 8b 01 41 8b c8 48
0x00007ffbd030e177:   8b 50 18 48 ff a2 68 0e 00 00 cc cc cc cc cc cc
0x00007ffbd030e187:   cc cc cc cc cc cc cc cc cc 48 8b 01 41 8b c8 48
0x00007ffbd030e197:   8b 50 18 48 ff a2 70 0e 00 00 cc cc cc cc cc cc 


Stack slot to memory mapping:
stack at sp + 0 slots: 0x00000210ee11f3d7 is at code_begin+1047 in an Interpreter codelet
method entry point (kind = native)  [0x00000210ee11efc0, 0x00000210ee11fa60]  2720 bytes
stack at sp + 1 slots: {method} {0x00000210926234f0} 'glCreateShader' '(I)I' in 'org/lwjgl/opengl/GL20C'
stack at sp + 2 slots: 0x0 is NULL
stack at sp + 3 slots: 0x0 is NULL
stack at sp + 4 slots: 0x0000009d7a3ff478 is pointing into the stack for thread: 0x00000210e8c78800
stack at sp + 5 slots: 0x00000210ee11f076 is at code_begin+182 in an Interpreter codelet
method entry point (kind = native)  [0x00000210ee11efc0, 0x00000210ee11fa60]  2720 bytes
stack at sp + 6 slots: 0x0000009d7a3ff498 is pointing into the stack for thread: 0x00000210e8c78800
stack at sp + 7 slots: 0x00000210926234d8 is pointing into metadata


---------------  P R O C E S S  ---------------

Threads class SMR info:
_java_thread_list=0x000002108aa6a860, length=11, elements={
0x00000210e8c78800, 0x000002108a88e800, 0x000002108a890000, 0x000002108a8cb800,
0x000002108a8ce800, 0x000002108a8cf800, 0x000002108a8f4000, 0x000002108a919000,
0x000002108a91c000, 0x000002108aa90000, 0x000002108aaac000
}

Java Threads: ( => current thread )
=>0x00000210e8c78800 JavaThread "main" [_thread_in_native, id=2548, stack(0x0000009d7a300000,0x0000009d7a400000)]
  0x000002108a88e800 JavaThread "Reference Handler" daemon [_thread_blocked, id=16264, stack(0x0000009d7aa00000,0x0000009d7ab00000)]
  0x000002108a890000 JavaThread "Finalizer" daemon [_thread_blocked, id=20352, stack(0x0000009d7ab00000,0x0000009d7ac00000)]
  0x000002108a8cb800 JavaThread "Signal Dispatcher" daemon [_thread_blocked, id=17092, stack(0x0000009d7ac00000,0x0000009d7ad00000)]
  0x000002108a8ce800 JavaThread "Attach Listener" daemon [_thread_blocked, id=19164, stack(0x0000009d7ad00000,0x0000009d7ae00000)]
  0x000002108a8cf800 JavaThread "Service Thread" daemon [_thread_blocked, id=20700, stack(0x0000009d7ae00000,0x0000009d7af00000)]
  0x000002108a8f4000 JavaThread "C2 CompilerThread0" daemon [_thread_blocked, id=15508, stack(0x0000009d7af00000,0x0000009d7b000000)]
  0x000002108a919000 JavaThread "C1 CompilerThread0" daemon [_thread_blocked, id=15324, stack(0x0000009d7b000000,0x0000009d7b100000)]
  0x000002108a91c000 JavaThread "Sweeper thread" daemon [_thread_blocked, id=13264, stack(0x0000009d7b100000,0x0000009d7b200000)]
  0x000002108aa90000 JavaThread "Notification Thread" daemon [_thread_blocked, id=13440, stack(0x0000009d7b200000,0x0000009d7b300000)]
  0x000002108aaac000 JavaThread "Common-Cleaner" daemon [_thread_blocked, id=7952, stack(0x0000009d7b400000,0x0000009d7b500000)]

Other Threads:
  0x000002108a877800 VMThread "VM Thread" [stack: 0x0000009d7a900000,0x0000009d7aa00000] [id=4288]
  0x000002108aaa9000 WatcherThread [stack: 0x0000009d7b300000,0x0000009d7b400000] [id=21752]
  0x00000210e8cde800 GCTaskThread "GC Thread#0" [stack: 0x0000009d7a400000,0x0000009d7a500000] [id=1560]
  0x00000210e8d01800 ConcurrentGCThread "G1 Main Marker" [stack: 0x0000009d7a500000,0x0000009d7a600000] [id=16516]
  0x00000210e8d04000 ConcurrentGCThread "G1 Conc#0" [stack: 0x0000009d7a600000,0x0000009d7a700000] [id=9920]
  0x00000210ffe0e800 ConcurrentGCThread "G1 Refine#0" [stack: 0x0000009d7a700000,0x0000009d7a800000] [id=2432]
  0x00000210ffe11800 ConcurrentGCThread "G1 Young RemSet Sampling" [stack: 0x0000009d7a800000,0x0000009d7a900000] [id=12908]

Threads with active compile tasks:

VM state:not at safepoint (normal execution)

VM Mutex/Monitor currently owned by a thread: None

Heap address: 0x0000000700e00000, size: 4082 MB, Compressed Oops mode: Zero based, Oop shift amount: 3
Narrow klass base: 0x0000000800000000, Narrow klass shift: 0
Compressed class space size: 1073741824 Address: 0x0000000800000000

Heap:
 garbage-first heap   total 262144K, used 13312K [0x0000000700e00000, 0x0000000800000000)
  region size 1024K, 15 young (15360K), 0 survivors (0K)
 Metaspace       used 11666K, capacity 11873K, committed 12160K, reserved 1060864K
  class space    used 972K, capacity 1048K, committed 1152K, reserved 1048576K
Heap Regions: E=young(eden), S=young(survivor), O=old, HS=humongous(starts), HC=humongous(continues), CS=collection set, F=free, OA=open archive, CA=closed archive, TAMS=top-at-mark-start (previous, next)
|   0|0x0000000700e00000, 0x0000000700e00000, 0x0000000700f00000|  0%| F|  |TAMS 0x0000000700e00000, 0x0000000700e00000| Untracked 
|   1|0x0000000700f00000, 0x0000000700f00000, 0x0000000701000000|  0%| F|  |TAMS 0x0000000700f00000, 0x0000000700f00000| Untracked 
|   2|0x0000000701000000, 0x0000000701000000, 0x0000000701100000|  0%| F|  |TAMS 0x0000000701000000, 0x0000000701000000| Untracked 
|   3|0x0000000701100000, 0x0000000701100000, 0x0000000701200000|  0%| F|  |TAMS 0x0000000701100000, 0x0000000701100000| Untracked 
|   4|0x0000000701200000, 0x0000000701200000, 0x0000000701300000|  0%| F|  |TAMS 0x0000000701200000, 0x0000000701200000| Untracked 
|   5|0x0000000701300000, 0x0000000701300000, 0x0000000701400000|  0%| F|  |TAMS 0x0000000701300000, 0x0000000701300000| Untracked 
|   6|0x0000000701400000, 0x0000000701400000, 0x0000000701500000|  0%| F|  |TAMS 0x0000000701400000, 0x0000000701400000| Untracked 
|   7|0x0000000701500000, 0x0000000701500000, 0x0000000701600000|  0%| F|  |TAMS 0x0000000701500000, 0x0000000701500000| Untracked 
|   8|0x0000000701600000, 0x0000000701600000, 0x0000000701700000|  0%| F|  |TAMS 0x0000000701600000, 0x0000000701600000| Untracked 
|   9|0x0000000701700000, 0x0000000701700000, 0x0000000701800000|  0%| F|  |TAMS 0x0000000701700000, 0x0000000701700000| Untracked 
|  10|0x0000000701800000, 0x0000000701800000, 0x0000000701900000|  0%| F|  |TAMS 0x0000000701800000, 0x0000000701800000| Untracked 
|  11|0x0000000701900000, 0x0000000701900000, 0x0000000701a00000|  0%| F|  |TAMS 0x0000000701900000, 0x0000000701900000| Untracked 
|  12|0x0000000701a00000, 0x0000000701a00000, 0x0000000701b00000|  0%| F|  |TAMS 0x0000000701a00000, 0x0000000701a00000| Untracked 
|  13|0x0000000701b00000, 0x0000000701b00000, 0x0000000701c00000|  0%| F|  |TAMS 0x0000000701b00000, 0x0000000701b00000| Untracked 
|  14|0x0000000701c00000, 0x0000000701c00000, 0x0000000701d00000|  0%| F|  |TAMS 0x0000000701c00000, 0x0000000701c00000| Untracked 
|  15|0x0000000701d00000, 0x0000000701d00000, 0x0000000701e00000|  0%| F|  |TAMS 0x0000000701d00000, 0x0000000701d00000| Untracked 
|  16|0x0000000701e00000, 0x0000000701e00000, 0x0000000701f00000|  0%| F|  |TAMS 0x0000000701e00000, 0x0000000701e00000| Untracked 
|  17|0x0000000701f00000, 0x0000000701f00000, 0x0000000702000000|  0%| F|  |TAMS 0x0000000701f00000, 0x0000000701f00000| Untracked 
|  18|0x0000000702000000, 0x0000000702000000, 0x0000000702100000|  0%| F|  |TAMS 0x0000000702000000, 0x0000000702000000| Untracked 
|  19|0x0000000702100000, 0x0000000702100000, 0x0000000702200000|  0%| F|  |TAMS 0x0000000702100000, 0x0000000702100000| Untracked 
|  20|0x0000000702200000, 0x0000000702200000, 0x0000000702300000|  0%| F|  |TAMS 0x0000000702200000, 0x0000000702200000| Untracked 
|  21|0x0000000702300000, 0x0000000702300000, 0x0000000702400000|  0%| F|  |TAMS 0x0000000702300000, 0x0000000702300000| Untracked 
|  22|0x0000000702400000, 0x0000000702400000, 0x0000000702500000|  0%| F|  |TAMS 0x0000000702400000, 0x0000000702400000| Untracked 
|  23|0x0000000702500000, 0x0000000702500000, 0x0000000702600000|  0%| F|  |TAMS 0x0000000702500000, 0x0000000702500000| Untracked 
|  24|0x0000000702600000, 0x0000000702600000, 0x0000000702700000|  0%| F|  |TAMS 0x0000000702600000, 0x0000000702600000| Untracked 
|  25|0x0000000702700000, 0x0000000702700000, 0x0000000702800000|  0%| F|  |TAMS 0x0000000702700000, 0x0000000702700000| Untracked 
|  26|0x0000000702800000, 0x0000000702800000, 0x0000000702900000|  0%| F|  |TAMS 0x0000000702800000, 0x0000000702800000| Untracked 
|  27|0x0000000702900000, 0x0000000702900000, 0x0000000702a00000|  0%| F|  |TAMS 0x0000000702900000, 0x0000000702900000| Untracked 
|  28|0x0000000702a00000, 0x0000000702a00000, 0x0000000702b00000|  0%| F|  |TAMS 0x0000000702a00000, 0x0000000702a00000| Untracked 
|  29|0x0000000702b00000, 0x0000000702b00000, 0x0000000702c00000|  0%| F|  |TAMS 0x0000000702b00000, 0x0000000702b00000| Untracked 
|  30|0x0000000702c00000, 0x0000000702c00000, 0x0000000702d00000|  0%| F|  |TAMS 0x0000000702c00000, 0x0000000702c00000| Untracked 
|  31|0x0000000702d00000, 0x0000000702d00000, 0x0000000702e00000|  0%| F|  |TAMS 0x0000000702d00000, 0x0000000702d00000| Untracked 
|  32|0x0000000702e00000, 0x0000000702e00000, 0x0000000702f00000|  0%| F|  |TAMS 0x0000000702e00000, 0x0000000702e00000| Untracked 
|  33|0x0000000702f00000, 0x0000000702f00000, 0x0000000703000000|  0%| F|  |TAMS 0x0000000702f00000, 0x0000000702f00000| Untracked 
|  34|0x0000000703000000, 0x0000000703000000, 0x0000000703100000|  0%| F|  |TAMS 0x0000000703000000, 0x0000000703000000| Untracked 
|  35|0x0000000703100000, 0x0000000703100000, 0x0000000703200000|  0%| F|  |TAMS 0x0000000703100000, 0x0000000703100000| Untracked 
|  36|0x0000000703200000, 0x0000000703200000, 0x0000000703300000|  0%| F|  |TAMS 0x0000000703200000, 0x0000000703200000| Untracked 
|  37|0x0000000703300000, 0x0000000703300000, 0x0000000703400000|  0%| F|  |TAMS 0x0000000703300000, 0x0000000703300000| Untracked 
|  38|0x0000000703400000, 0x0000000703400000, 0x0000000703500000|  0%| F|  |TAMS 0x0000000703400000, 0x0000000703400000| Untracked 
|  39|0x0000000703500000, 0x0000000703500000, 0x0000000703600000|  0%| F|  |TAMS 0x0000000703500000, 0x0000000703500000| Untracked 
|  40|0x0000000703600000, 0x0000000703600000, 0x0000000703700000|  0%| F|  |TAMS 0x0000000703600000, 0x0000000703600000| Untracked 
|  41|0x0000000703700000, 0x0000000703700000, 0x0000000703800000|  0%| F|  |TAMS 0x0000000703700000, 0x0000000703700000| Untracked 
|  42|0x0000000703800000, 0x0000000703800000, 0x0000000703900000|  0%| F|  |TAMS 0x0000000703800000, 0x0000000703800000| Untracked 
|  43|0x0000000703900000, 0x0000000703900000, 0x0000000703a00000|  0%| F|  |TAMS 0x0000000703900000, 0x0000000703900000| Untracked 
|  44|0x0000000703a00000, 0x0000000703a00000, 0x0000000703b00000|  0%| F|  |TAMS 0x0000000703a00000, 0x0000000703a00000| Untracked 
|  45|0x0000000703b00000, 0x0000000703b00000, 0x0000000703c00000|  0%| F|  |TAMS 0x0000000703b00000, 0x0000000703b00000| Untracked 
|  46|0x0000000703c00000, 0x0000000703c00000, 0x0000000703d00000|  0%| F|  |TAMS 0x0000000703c00000, 0x0000000703c00000| Untracked 
|  47|0x0000000703d00000, 0x0000000703d00000, 0x0000000703e00000|  0%| F|  |TAMS 0x0000000703d00000, 0x0000000703d00000| Untracked 
|  48|0x0000000703e00000, 0x0000000703e00000, 0x0000000703f00000|  0%| F|  |TAMS 0x0000000703e00000, 0x0000000703e00000| Untracked 
|  49|0x0000000703f00000, 0x0000000703f00000, 0x0000000704000000|  0%| F|  |TAMS 0x0000000703f00000, 0x0000000703f00000| Untracked 
|  50|0x0000000704000000, 0x0000000704000000, 0x0000000704100000|  0%| F|  |TAMS 0x0000000704000000, 0x0000000704000000| Untracked 
|  51|0x0000000704100000, 0x0000000704100000, 0x0000000704200000|  0%| F|  |TAMS 0x0000000704100000, 0x0000000704100000| Untracked 
|  52|0x0000000704200000, 0x0000000704200000, 0x0000000704300000|  0%| F|  |TAMS 0x0000000704200000, 0x0000000704200000| Untracked 
|  53|0x0000000704300000, 0x0000000704300000, 0x0000000704400000|  0%| F|  |TAMS 0x0000000704300000, 0x0000000704300000| Untracked 
|  54|0x0000000704400000, 0x0000000704400000, 0x0000000704500000|  0%| F|  |TAMS 0x0000000704400000, 0x0000000704400000| Untracked 
|  55|0x0000000704500000, 0x0000000704500000, 0x0000000704600000|  0%| F|  |TAMS 0x0000000704500000, 0x0000000704500000| Untracked 
|  56|0x0000000704600000, 0x0000000704600000, 0x0000000704700000|  0%| F|  |TAMS 0x0000000704600000, 0x0000000704600000| Untracked 
|  57|0x0000000704700000, 0x0000000704700000, 0x0000000704800000|  0%| F|  |TAMS 0x0000000704700000, 0x0000000704700000| Untracked 
|  58|0x0000000704800000, 0x0000000704800000, 0x0000000704900000|  0%| F|  |TAMS 0x0000000704800000, 0x0000000704800000| Untracked 
|  59|0x0000000704900000, 0x0000000704900000, 0x0000000704a00000|  0%| F|  |TAMS 0x0000000704900000, 0x0000000704900000| Untracked 
|  60|0x0000000704a00000, 0x0000000704a00000, 0x0000000704b00000|  0%| F|  |TAMS 0x0000000704a00000, 0x0000000704a00000| Untracked 
|  61|0x0000000704b00000, 0x0000000704b00000, 0x0000000704c00000|  0%| F|  |TAMS 0x0000000704b00000, 0x0000000704b00000| Untracked 
|  62|0x0000000704c00000, 0x0000000704c00000, 0x0000000704d00000|  0%| F|  |TAMS 0x0000000704c00000, 0x0000000704c00000| Untracked 
|  63|0x0000000704d00000, 0x0000000704d00000, 0x0000000704e00000|  0%| F|  |TAMS 0x0000000704d00000, 0x0000000704d00000| Untracked 
|  64|0x0000000704e00000, 0x0000000704e00000, 0x0000000704f00000|  0%| F|  |TAMS 0x0000000704e00000, 0x0000000704e00000| Untracked 
|  65|0x0000000704f00000, 0x0000000704f00000, 0x0000000705000000|  0%| F|  |TAMS 0x0000000704f00000, 0x0000000704f00000| Untracked 
|  66|0x0000000705000000, 0x0000000705000000, 0x0000000705100000|  0%| F|  |TAMS 0x0000000705000000, 0x0000000705000000| Untracked 
|  67|0x0000000705100000, 0x0000000705100000, 0x0000000705200000|  0%| F|  |TAMS 0x0000000705100000, 0x0000000705100000| Untracked 
|  68|0x0000000705200000, 0x0000000705200000, 0x0000000705300000|  0%| F|  |TAMS 0x0000000705200000, 0x0000000705200000| Untracked 
|  69|0x0000000705300000, 0x0000000705300000, 0x0000000705400000|  0%| F|  |TAMS 0x0000000705300000, 0x0000000705300000| Untracked 
|  70|0x0000000705400000, 0x0000000705400000, 0x0000000705500000|  0%| F|  |TAMS 0x0000000705400000, 0x0000000705400000| Untracked 
|  71|0x0000000705500000, 0x0000000705500000, 0x0000000705600000|  0%| F|  |TAMS 0x0000000705500000, 0x0000000705500000| Untracked 
|  72|0x0000000705600000, 0x0000000705600000, 0x0000000705700000|  0%| F|  |TAMS 0x0000000705600000, 0x0000000705600000| Untracked 
|  73|0x0000000705700000, 0x0000000705700000, 0x0000000705800000|  0%| F|  |TAMS 0x0000000705700000, 0x0000000705700000| Untracked 
|  74|0x0000000705800000, 0x0000000705800000, 0x0000000705900000|  0%| F|  |TAMS 0x0000000705800000, 0x0000000705800000| Untracked 
|  75|0x0000000705900000, 0x0000000705900000, 0x0000000705a00000|  0%| F|  |TAMS 0x0000000705900000, 0x0000000705900000| Untracked 
|  76|0x0000000705a00000, 0x0000000705a00000, 0x0000000705b00000|  0%| F|  |TAMS 0x0000000705a00000, 0x0000000705a00000| Untracked 
|  77|0x0000000705b00000, 0x0000000705b00000, 0x0000000705c00000|  0%| F|  |TAMS 0x0000000705b00000, 0x0000000705b00000| Untracked 
|  78|0x0000000705c00000, 0x0000000705c00000, 0x0000000705d00000|  0%| F|  |TAMS 0x0000000705c00000, 0x0000000705c00000| Untracked 
|  79|0x0000000705d00000, 0x0000000705d00000, 0x0000000705e00000|  0%| F|  |TAMS 0x0000000705d00000, 0x0000000705d00000| Untracked 
|  80|0x0000000705e00000, 0x0000000705e00000, 0x0000000705f00000|  0%| F|  |TAMS 0x0000000705e00000, 0x0000000705e00000| Untracked 
|  81|0x0000000705f00000, 0x0000000705f00000, 0x0000000706000000|  0%| F|  |TAMS 0x0000000705f00000, 0x0000000705f00000| Untracked 
|  82|0x0000000706000000, 0x0000000706000000, 0x0000000706100000|  0%| F|  |TAMS 0x0000000706000000, 0x0000000706000000| Untracked 
|  83|0x0000000706100000, 0x0000000706100000, 0x0000000706200000|  0%| F|  |TAMS 0x0000000706100000, 0x0000000706100000| Untracked 
|  84|0x0000000706200000, 0x0000000706200000, 0x0000000706300000|  0%| F|  |TAMS 0x0000000706200000, 0x0000000706200000| Untracked 
|  85|0x0000000706300000, 0x0000000706300000, 0x0000000706400000|  0%| F|  |TAMS 0x0000000706300000, 0x0000000706300000| Untracked 
|  86|0x0000000706400000, 0x0000000706400000, 0x0000000706500000|  0%| F|  |TAMS 0x0000000706400000, 0x0000000706400000| Untracked 
|  87|0x0000000706500000, 0x0000000706500000, 0x0000000706600000|  0%| F|  |TAMS 0x0000000706500000, 0x0000000706500000| Untracked 
|  88|0x0000000706600000, 0x0000000706600000, 0x0000000706700000|  0%| F|  |TAMS 0x0000000706600000, 0x0000000706600000| Untracked 
|  89|0x0000000706700000, 0x0000000706700000, 0x0000000706800000|  0%| F|  |TAMS 0x0000000706700000, 0x0000000706700000| Untracked 
|  90|0x0000000706800000, 0x0000000706800000, 0x0000000706900000|  0%| F|  |TAMS 0x0000000706800000, 0x0000000706800000| Untracked 
|  91|0x0000000706900000, 0x0000000706900000, 0x0000000706a00000|  0%| F|  |TAMS 0x0000000706900000, 0x0000000706900000| Untracked 
|  92|0x0000000706a00000, 0x0000000706a00000, 0x0000000706b00000|  0%| F|  |TAMS 0x0000000706a00000, 0x0000000706a00000| Untracked 
|  93|0x0000000706b00000, 0x0000000706b00000, 0x0000000706c00000|  0%| F|  |TAMS 0x0000000706b00000, 0x0000000706b00000| Untracked 
|  94|0x0000000706c00000, 0x0000000706c00000, 0x0000000706d00000|  0%| F|  |TAMS 0x0000000706c00000, 0x0000000706c00000| Untracked 
|  95|0x0000000706d00000, 0x0000000706d00000, 0x0000000706e00000|  0%| F|  |TAMS 0x0000000706d00000, 0x0000000706d00000| Untracked 
|  96|0x0000000706e00000, 0x0000000706e00000, 0x0000000706f00000|  0%| F|  |TAMS 0x0000000706e00000, 0x0000000706e00000| Untracked 
|  97|0x0000000706f00000, 0x0000000706f00000, 0x0000000707000000|  0%| F|  |TAMS 0x0000000706f00000, 0x0000000706f00000| Untracked 
|  98|0x0000000707000000, 0x0000000707000000, 0x0000000707100000|  0%| F|  |TAMS 0x0000000707000000, 0x0000000707000000| Untracked 
|  99|0x0000000707100000, 0x0000000707100000, 0x0000000707200000|  0%| F|  |TAMS 0x0000000707100000, 0x0000000707100000| Untracked 
| 100|0x0000000707200000, 0x0000000707200000, 0x0000000707300000|  0%| F|  |TAMS 0x0000000707200000, 0x0000000707200000| Untracked 
| 101|0x0000000707300000, 0x0000000707300000, 0x0000000707400000|  0%| F|  |TAMS 0x0000000707300000, 0x0000000707300000| Untracked 
| 102|0x0000000707400000, 0x0000000707400000, 0x0000000707500000|  0%| F|  |TAMS 0x0000000707400000, 0x0000000707400000| Untracked 
| 103|0x0000000707500000, 0x0000000707500000, 0x0000000707600000|  0%| F|  |TAMS 0x0000000707500000, 0x0000000707500000| Untracked 
| 104|0x0000000707600000, 0x0000000707600000, 0x0000000707700000|  0%| F|  |TAMS 0x0000000707600000, 0x0000000707600000| Untracked 
| 105|0x0000000707700000, 0x0000000707700000, 0x0000000707800000|  0%| F|  |TAMS 0x0000000707700000, 0x0000000707700000| Untracked 
| 106|0x0000000707800000, 0x0000000707800000, 0x0000000707900000|  0%| F|  |TAMS 0x0000000707800000, 0x0000000707800000| Untracked 
| 107|0x0000000707900000, 0x0000000707900000, 0x0000000707a00000|  0%| F|  |TAMS 0x0000000707900000, 0x0000000707900000| Untracked 
| 108|0x0000000707a00000, 0x0000000707a00000, 0x0000000707b00000|  0%| F|  |TAMS 0x0000000707a00000, 0x0000000707a00000| Untracked 
| 109|0x0000000707b00000, 0x0000000707b00000, 0x0000000707c00000|  0%| F|  |TAMS 0x0000000707b00000, 0x0000000707b00000| Untracked 
| 110|0x0000000707c00000, 0x0000000707c00000, 0x0000000707d00000|  0%| F|  |TAMS 0x0000000707c00000, 0x0000000707c00000| Untracked 
| 111|0x0000000707d00000, 0x0000000707d00000, 0x0000000707e00000|  0%| F|  |TAMS 0x0000000707d00000, 0x0000000707d00000| Untracked 
| 112|0x0000000707e00000, 0x0000000707e00000, 0x0000000707f00000|  0%| F|  |TAMS 0x0000000707e00000, 0x0000000707e00000| Untracked 
| 113|0x0000000707f00000, 0x0000000707f00000, 0x0000000708000000|  0%| F|  |TAMS 0x0000000707f00000, 0x0000000707f00000| Untracked 
| 114|0x0000000708000000, 0x0000000708000000, 0x0000000708100000|  0%| F|  |TAMS 0x0000000708000000, 0x0000000708000000| Untracked 
| 115|0x0000000708100000, 0x0000000708100000, 0x0000000708200000|  0%| F|  |TAMS 0x0000000708100000, 0x0000000708100000| Untracked 
| 116|0x0000000708200000, 0x0000000708200000, 0x0000000708300000|  0%| F|  |TAMS 0x0000000708200000, 0x0000000708200000| Untracked 
| 117|0x0000000708300000, 0x0000000708300000, 0x0000000708400000|  0%| F|  |TAMS 0x0000000708300000, 0x0000000708300000| Untracked 
| 118|0x0000000708400000, 0x0000000708400000, 0x0000000708500000|  0%| F|  |TAMS 0x0000000708400000, 0x0000000708400000| Untracked 
| 119|0x0000000708500000, 0x0000000708500000, 0x0000000708600000|  0%| F|  |TAMS 0x0000000708500000, 0x0000000708500000| Untracked 
| 120|0x0000000708600000, 0x0000000708600000, 0x0000000708700000|  0%| F|  |TAMS 0x0000000708600000, 0x0000000708600000| Untracked 
| 121|0x0000000708700000, 0x0000000708700000, 0x0000000708800000|  0%| F|  |TAMS 0x0000000708700000, 0x0000000708700000| Untracked 
| 122|0x0000000708800000, 0x0000000708800000, 0x0000000708900000|  0%| F|  |TAMS 0x0000000708800000, 0x0000000708800000| Untracked 
| 123|0x0000000708900000, 0x0000000708900000, 0x0000000708a00000|  0%| F|  |TAMS 0x0000000708900000, 0x0000000708900000| Untracked 
| 124|0x0000000708a00000, 0x0000000708a00000, 0x0000000708b00000|  0%| F|  |TAMS 0x0000000708a00000, 0x0000000708a00000| Untracked 
| 125|0x0000000708b00000, 0x0000000708b00000, 0x0000000708c00000|  0%| F|  |TAMS 0x0000000708b00000, 0x0000000708b00000| Untracked 
| 126|0x0000000708c00000, 0x0000000708c00000, 0x0000000708d00000|  0%| F|  |TAMS 0x0000000708c00000, 0x0000000708c00000| Untracked 
| 127|0x0000000708d00000, 0x0000000708d00000, 0x0000000708e00000|  0%| F|  |TAMS 0x0000000708d00000, 0x0000000708d00000| Untracked 
| 128|0x0000000708e00000, 0x0000000708e00000, 0x0000000708f00000|  0%| F|  |TAMS 0x0000000708e00000, 0x0000000708e00000| Untracked 
| 129|0x0000000708f00000, 0x0000000708f00000, 0x0000000709000000|  0%| F|  |TAMS 0x0000000708f00000, 0x0000000708f00000| Untracked 
| 130|0x0000000709000000, 0x0000000709000000, 0x0000000709100000|  0%| F|  |TAMS 0x0000000709000000, 0x0000000709000000| Untracked 
| 131|0x0000000709100000, 0x0000000709100000, 0x0000000709200000|  0%| F|  |TAMS 0x0000000709100000, 0x0000000709100000| Untracked 
| 132|0x0000000709200000, 0x0000000709200000, 0x0000000709300000|  0%| F|  |TAMS 0x0000000709200000, 0x0000000709200000| Untracked 
| 133|0x0000000709300000, 0x0000000709300000, 0x0000000709400000|  0%| F|  |TAMS 0x0000000709300000, 0x0000000709300000| Untracked 
| 134|0x0000000709400000, 0x0000000709400000, 0x0000000709500000|  0%| F|  |TAMS 0x0000000709400000, 0x0000000709400000| Untracked 
| 135|0x0000000709500000, 0x0000000709500000, 0x0000000709600000|  0%| F|  |TAMS 0x0000000709500000, 0x0000000709500000| Untracked 
| 136|0x0000000709600000, 0x0000000709600000, 0x0000000709700000|  0%| F|  |TAMS 0x0000000709600000, 0x0000000709600000| Untracked 
| 137|0x0000000709700000, 0x0000000709700000, 0x0000000709800000|  0%| F|  |TAMS 0x0000000709700000, 0x0000000709700000| Untracked 
| 138|0x0000000709800000, 0x0000000709800000, 0x0000000709900000|  0%| F|  |TAMS 0x0000000709800000, 0x0000000709800000| Untracked 
| 139|0x0000000709900000, 0x0000000709900000, 0x0000000709a00000|  0%| F|  |TAMS 0x0000000709900000, 0x0000000709900000| Untracked 
| 140|0x0000000709a00000, 0x0000000709a00000, 0x0000000709b00000|  0%| F|  |TAMS 0x0000000709a00000, 0x0000000709a00000| Untracked 
| 141|0x0000000709b00000, 0x0000000709b00000, 0x0000000709c00000|  0%| F|  |TAMS 0x0000000709b00000, 0x0000000709b00000| Untracked 
| 142|0x0000000709c00000, 0x0000000709c00000, 0x0000000709d00000|  0%| F|  |TAMS 0x0000000709c00000, 0x0000000709c00000| Untracked 
| 143|0x0000000709d00000, 0x0000000709d00000, 0x0000000709e00000|  0%| F|  |TAMS 0x0000000709d00000, 0x0000000709d00000| Untracked 
| 144|0x0000000709e00000, 0x0000000709e00000, 0x0000000709f00000|  0%| F|  |TAMS 0x0000000709e00000, 0x0000000709e00000| Untracked 
| 145|0x0000000709f00000, 0x0000000709f00000, 0x000000070a000000|  0%| F|  |TAMS 0x0000000709f00000, 0x0000000709f00000| Untracked 
| 146|0x000000070a000000, 0x000000070a000000, 0x000000070a100000|  0%| F|  |TAMS 0x000000070a000000, 0x000000070a000000| Untracked 
| 147|0x000000070a100000, 0x000000070a100000, 0x000000070a200000|  0%| F|  |TAMS 0x000000070a100000, 0x000000070a100000| Untracked 
| 148|0x000000070a200000, 0x000000070a200000, 0x000000070a300000|  0%| F|  |TAMS 0x000000070a200000, 0x000000070a200000| Untracked 
| 149|0x000000070a300000, 0x000000070a300000, 0x000000070a400000|  0%| F|  |TAMS 0x000000070a300000, 0x000000070a300000| Untracked 
| 150|0x000000070a400000, 0x000000070a400000, 0x000000070a500000|  0%| F|  |TAMS 0x000000070a400000, 0x000000070a400000| Untracked 
| 151|0x000000070a500000, 0x000000070a500000, 0x000000070a600000|  0%| F|  |TAMS 0x000000070a500000, 0x000000070a500000| Untracked 
| 152|0x000000070a600000, 0x000000070a600000, 0x000000070a700000|  0%| F|  |TAMS 0x000000070a600000, 0x000000070a600000| Untracked 
| 153|0x000000070a700000, 0x000000070a700000, 0x000000070a800000|  0%| F|  |TAMS 0x000000070a700000, 0x000000070a700000| Untracked 
| 154|0x000000070a800000, 0x000000070a800000, 0x000000070a900000|  0%| F|  |TAMS 0x000000070a800000, 0x000000070a800000| Untracked 
| 155|0x000000070a900000, 0x000000070a900000, 0x000000070aa00000|  0%| F|  |TAMS 0x000000070a900000, 0x000000070a900000| Untracked 
| 156|0x000000070aa00000, 0x000000070aa00000, 0x000000070ab00000|  0%| F|  |TAMS 0x000000070aa00000, 0x000000070aa00000| Untracked 
| 157|0x000000070ab00000, 0x000000070ab00000, 0x000000070ac00000|  0%| F|  |TAMS 0x000000070ab00000, 0x000000070ab00000| Untracked 
| 158|0x000000070ac00000, 0x000000070ac00000, 0x000000070ad00000|  0%| F|  |TAMS 0x000000070ac00000, 0x000000070ac00000| Untracked 
| 159|0x000000070ad00000, 0x000000070ad00000, 0x000000070ae00000|  0%| F|  |TAMS 0x000000070ad00000, 0x000000070ad00000| Untracked 
| 160|0x000000070ae00000, 0x000000070ae00000, 0x000000070af00000|  0%| F|  |TAMS 0x000000070ae00000, 0x000000070ae00000| Untracked 
| 161|0x000000070af00000, 0x000000070af00000, 0x000000070b000000|  0%| F|  |TAMS 0x000000070af00000, 0x000000070af00000| Untracked 
| 162|0x000000070b000000, 0x000000070b000000, 0x000000070b100000|  0%| F|  |TAMS 0x000000070b000000, 0x000000070b000000| Untracked 
| 163|0x000000070b100000, 0x000000070b100000, 0x000000070b200000|  0%| F|  |TAMS 0x000000070b100000, 0x000000070b100000| Untracked 
| 164|0x000000070b200000, 0x000000070b200000, 0x000000070b300000|  0%| F|  |TAMS 0x000000070b200000, 0x000000070b200000| Untracked 
| 165|0x000000070b300000, 0x000000070b300000, 0x000000070b400000|  0%| F|  |TAMS 0x000000070b300000, 0x000000070b300000| Untracked 
| 166|0x000000070b400000, 0x000000070b400000, 0x000000070b500000|  0%| F|  |TAMS 0x000000070b400000, 0x000000070b400000| Untracked 
| 167|0x000000070b500000, 0x000000070b500000, 0x000000070b600000|  0%| F|  |TAMS 0x000000070b500000, 0x000000070b500000| Untracked 
| 168|0x000000070b600000, 0x000000070b600000, 0x000000070b700000|  0%| F|  |TAMS 0x000000070b600000, 0x000000070b600000| Untracked 
| 169|0x000000070b700000, 0x000000070b700000, 0x000000070b800000|  0%| F|  |TAMS 0x000000070b700000, 0x000000070b700000| Untracked 
| 170|0x000000070b800000, 0x000000070b800000, 0x000000070b900000|  0%| F|  |TAMS 0x000000070b800000, 0x000000070b800000| Untracked 
| 171|0x000000070b900000, 0x000000070b900000, 0x000000070ba00000|  0%| F|  |TAMS 0x000000070b900000, 0x000000070b900000| Untracked 
| 172|0x000000070ba00000, 0x000000070ba00000, 0x000000070bb00000|  0%| F|  |TAMS 0x000000070ba00000, 0x000000070ba00000| Untracked 
| 173|0x000000070bb00000, 0x000000070bb00000, 0x000000070bc00000|  0%| F|  |TAMS 0x000000070bb00000, 0x000000070bb00000| Untracked 
| 174|0x000000070bc00000, 0x000000070bc00000, 0x000000070bd00000|  0%| F|  |TAMS 0x000000070bc00000, 0x000000070bc00000| Untracked 
| 175|0x000000070bd00000, 0x000000070bd00000, 0x000000070be00000|  0%| F|  |TAMS 0x000000070bd00000, 0x000000070bd00000| Untracked 
| 176|0x000000070be00000, 0x000000070be00000, 0x000000070bf00000|  0%| F|  |TAMS 0x000000070be00000, 0x000000070be00000| Untracked 
| 177|0x000000070bf00000, 0x000000070bf00000, 0x000000070c000000|  0%| F|  |TAMS 0x000000070bf00000, 0x000000070bf00000| Untracked 
| 178|0x000000070c000000, 0x000000070c000000, 0x000000070c100000|  0%| F|  |TAMS 0x000000070c000000, 0x000000070c000000| Untracked 
| 179|0x000000070c100000, 0x000000070c100000, 0x000000070c200000|  0%| F|  |TAMS 0x000000070c100000, 0x000000070c100000| Untracked 
| 180|0x000000070c200000, 0x000000070c200000, 0x000000070c300000|  0%| F|  |TAMS 0x000000070c200000, 0x000000070c200000| Untracked 
| 181|0x000000070c300000, 0x000000070c300000, 0x000000070c400000|  0%| F|  |TAMS 0x000000070c300000, 0x000000070c300000| Untracked 
| 182|0x000000070c400000, 0x000000070c400000, 0x000000070c500000|  0%| F|  |TAMS 0x000000070c400000, 0x000000070c400000| Untracked 
| 183|0x000000070c500000, 0x000000070c500000, 0x000000070c600000|  0%| F|  |TAMS 0x000000070c500000, 0x000000070c500000| Untracked 
| 184|0x000000070c600000, 0x000000070c600000, 0x000000070c700000|  0%| F|  |TAMS 0x000000070c600000, 0x000000070c600000| Untracked 
| 185|0x000000070c700000, 0x000000070c700000, 0x000000070c800000|  0%| F|  |TAMS 0x000000070c700000, 0x000000070c700000| Untracked 
| 186|0x000000070c800000, 0x000000070c800000, 0x000000070c900000|  0%| F|  |TAMS 0x000000070c800000, 0x000000070c800000| Untracked 
| 187|0x000000070c900000, 0x000000070c900000, 0x000000070ca00000|  0%| F|  |TAMS 0x000000070c900000, 0x000000070c900000| Untracked 
| 188|0x000000070ca00000, 0x000000070ca00000, 0x000000070cb00000|  0%| F|  |TAMS 0x000000070ca00000, 0x000000070ca00000| Untracked 
| 189|0x000000070cb00000, 0x000000070cb00000, 0x000000070cc00000|  0%| F|  |TAMS 0x000000070cb00000, 0x000000070cb00000| Untracked 
| 190|0x000000070cc00000, 0x000000070cc00000, 0x000000070cd00000|  0%| F|  |TAMS 0x000000070cc00000, 0x000000070cc00000| Untracked 
| 191|0x000000070cd00000, 0x000000070cd00000, 0x000000070ce00000|  0%| F|  |TAMS 0x000000070cd00000, 0x000000070cd00000| Untracked 
| 192|0x000000070ce00000, 0x000000070ce00000, 0x000000070cf00000|  0%| F|  |TAMS 0x000000070ce00000, 0x000000070ce00000| Untracked 
| 193|0x000000070cf00000, 0x000000070cf00000, 0x000000070d000000|  0%| F|  |TAMS 0x000000070cf00000, 0x000000070cf00000| Untracked 
| 194|0x000000070d000000, 0x000000070d000000, 0x000000070d100000|  0%| F|  |TAMS 0x000000070d000000, 0x000000070d000000| Untracked 
| 195|0x000000070d100000, 0x000000070d100000, 0x000000070d200000|  0%| F|  |TAMS 0x000000070d100000, 0x000000070d100000| Untracked 
| 196|0x000000070d200000, 0x000000070d200000, 0x000000070d300000|  0%| F|  |TAMS 0x000000070d200000, 0x000000070d200000| Untracked 
| 197|0x000000070d300000, 0x000000070d300000, 0x000000070d400000|  0%| F|  |TAMS 0x000000070d300000, 0x000000070d300000| Untracked 
| 198|0x000000070d400000, 0x000000070d400000, 0x000000070d500000|  0%| F|  |TAMS 0x000000070d400000, 0x000000070d400000| Untracked 
| 199|0x000000070d500000, 0x000000070d500000, 0x000000070d600000|  0%| F|  |TAMS 0x000000070d500000, 0x000000070d500000| Untracked 
| 200|0x000000070d600000, 0x000000070d600000, 0x000000070d700000|  0%| F|  |TAMS 0x000000070d600000, 0x000000070d600000| Untracked 
| 201|0x000000070d700000, 0x000000070d700000, 0x000000070d800000|  0%| F|  |TAMS 0x000000070d700000, 0x000000070d700000| Untracked 
| 202|0x000000070d800000, 0x000000070d800000, 0x000000070d900000|  0%| F|  |TAMS 0x000000070d800000, 0x000000070d800000| Untracked 
| 203|0x000000070d900000, 0x000000070d900000, 0x000000070da00000|  0%| F|  |TAMS 0x000000070d900000, 0x000000070d900000| Untracked 
| 204|0x000000070da00000, 0x000000070da00000, 0x000000070db00000|  0%| F|  |TAMS 0x000000070da00000, 0x000000070da00000| Untracked 
| 205|0x000000070db00000, 0x000000070db00000, 0x000000070dc00000|  0%| F|  |TAMS 0x000000070db00000, 0x000000070db00000| Untracked 
| 206|0x000000070dc00000, 0x000000070dc00000, 0x000000070dd00000|  0%| F|  |TAMS 0x000000070dc00000, 0x000000070dc00000| Untracked 
| 207|0x000000070dd00000, 0x000000070dd00000, 0x000000070de00000|  0%| F|  |TAMS 0x000000070dd00000, 0x000000070dd00000| Untracked 
| 208|0x000000070de00000, 0x000000070de00000, 0x000000070df00000|  0%| F|  |TAMS 0x000000070de00000, 0x000000070de00000| Untracked 
| 209|0x000000070df00000, 0x000000070df00000, 0x000000070e000000|  0%| F|  |TAMS 0x000000070df00000, 0x000000070df00000| Untracked 
| 210|0x000000070e000000, 0x000000070e000000, 0x000000070e100000|  0%| F|  |TAMS 0x000000070e000000, 0x000000070e000000| Untracked 
| 211|0x000000070e100000, 0x000000070e100000, 0x000000070e200000|  0%| F|  |TAMS 0x000000070e100000, 0x000000070e100000| Untracked 
| 212|0x000000070e200000, 0x000000070e200000, 0x000000070e300000|  0%| F|  |TAMS 0x000000070e200000, 0x000000070e200000| Untracked 
| 213|0x000000070e300000, 0x000000070e300000, 0x000000070e400000|  0%| F|  |TAMS 0x000000070e300000, 0x000000070e300000| Untracked 
| 214|0x000000070e400000, 0x000000070e400000, 0x000000070e500000|  0%| F|  |TAMS 0x000000070e400000, 0x000000070e400000| Untracked 
| 215|0x000000070e500000, 0x000000070e500000, 0x000000070e600000|  0%| F|  |TAMS 0x000000070e500000, 0x000000070e500000| Untracked 
| 216|0x000000070e600000, 0x000000070e600000, 0x000000070e700000|  0%| F|  |TAMS 0x000000070e600000, 0x000000070e600000| Untracked 
| 217|0x000000070e700000, 0x000000070e700000, 0x000000070e800000|  0%| F|  |TAMS 0x000000070e700000, 0x000000070e700000| Untracked 
| 218|0x000000070e800000, 0x000000070e800000, 0x000000070e900000|  0%| F|  |TAMS 0x000000070e800000, 0x000000070e800000| Untracked 
| 219|0x000000070e900000, 0x000000070e900000, 0x000000070ea00000|  0%| F|  |TAMS 0x000000070e900000, 0x000000070e900000| Untracked 
| 220|0x000000070ea00000, 0x000000070ea00000, 0x000000070eb00000|  0%| F|  |TAMS 0x000000070ea00000, 0x000000070ea00000| Untracked 
| 221|0x000000070eb00000, 0x000000070eb00000, 0x000000070ec00000|  0%| F|  |TAMS 0x000000070eb00000, 0x000000070eb00000| Untracked 
| 222|0x000000070ec00000, 0x000000070ec00000, 0x000000070ed00000|  0%| F|  |TAMS 0x000000070ec00000, 0x000000070ec00000| Untracked 
| 223|0x000000070ed00000, 0x000000070ed00000, 0x000000070ee00000|  0%| F|  |TAMS 0x000000070ed00000, 0x000000070ed00000| Untracked 
| 224|0x000000070ee00000, 0x000000070ee00000, 0x000000070ef00000|  0%| F|  |TAMS 0x000000070ee00000, 0x000000070ee00000| Untracked 
| 225|0x000000070ef00000, 0x000000070ef00000, 0x000000070f000000|  0%| F|  |TAMS 0x000000070ef00000, 0x000000070ef00000| Untracked 
| 226|0x000000070f000000, 0x000000070f000000, 0x000000070f100000|  0%| F|  |TAMS 0x000000070f000000, 0x000000070f000000| Untracked 
| 227|0x000000070f100000, 0x000000070f100000, 0x000000070f200000|  0%| F|  |TAMS 0x000000070f100000, 0x000000070f100000| Untracked 
| 228|0x000000070f200000, 0x000000070f200000, 0x000000070f300000|  0%| F|  |TAMS 0x000000070f200000, 0x000000070f200000| Untracked 
| 229|0x000000070f300000, 0x000000070f300000, 0x000000070f400000|  0%| F|  |TAMS 0x000000070f300000, 0x000000070f300000| Untracked 
| 230|0x000000070f400000, 0x000000070f400000, 0x000000070f500000|  0%| F|  |TAMS 0x000000070f400000, 0x000000070f400000| Untracked 
| 231|0x000000070f500000, 0x000000070f500000, 0x000000070f600000|  0%| F|  |TAMS 0x000000070f500000, 0x000000070f500000| Untracked 
| 232|0x000000070f600000, 0x000000070f600000, 0x000000070f700000|  0%| F|  |TAMS 0x000000070f600000, 0x000000070f600000| Untracked 
| 233|0x000000070f700000, 0x000000070f700000, 0x000000070f800000|  0%| F|  |TAMS 0x000000070f700000, 0x000000070f700000| Untracked 
| 234|0x000000070f800000, 0x000000070f800000, 0x000000070f900000|  0%| F|  |TAMS 0x000000070f800000, 0x000000070f800000| Untracked 
| 235|0x000000070f900000, 0x000000070f900000, 0x000000070fa00000|  0%| F|  |TAMS 0x000000070f900000, 0x000000070f900000| Untracked 
| 236|0x000000070fa00000, 0x000000070fa00000, 0x000000070fb00000|  0%| F|  |TAMS 0x000000070fa00000, 0x000000070fa00000| Untracked 
| 237|0x000000070fb00000, 0x000000070fb00000, 0x000000070fc00000|  0%| F|  |TAMS 0x000000070fb00000, 0x000000070fb00000| Untracked 
| 238|0x000000070fc00000, 0x000000070fc00000, 0x000000070fd00000|  0%| F|  |TAMS 0x000000070fc00000, 0x000000070fc00000| Untracked 
| 239|0x000000070fd00000, 0x000000070fd00000, 0x000000070fe00000|  0%| F|  |TAMS 0x000000070fd00000, 0x000000070fd00000| Untracked 
| 240|0x000000070fe00000, 0x000000070fe00000, 0x000000070ff00000|  0%| F|  |TAMS 0x000000070fe00000, 0x000000070fe00000| Untracked 
| 241|0x000000070ff00000, 0x000000070ff1e558, 0x0000000710000000| 11%| E|  |TAMS 0x000000070ff00000, 0x000000070ff00000| Complete 
| 242|0x0000000710000000, 0x0000000710100000, 0x0000000710100000|100%| E|CS|TAMS 0x0000000710000000, 0x0000000710000000| Complete 
| 243|0x0000000710100000, 0x0000000710200000, 0x0000000710200000|100%| E|CS|TAMS 0x0000000710100000, 0x0000000710100000| Complete 
| 244|0x0000000710200000, 0x0000000710300000, 0x0000000710300000|100%| E|CS|TAMS 0x0000000710200000, 0x0000000710200000| Complete 
| 245|0x0000000710300000, 0x0000000710400000, 0x0000000710400000|100%| E|CS|TAMS 0x0000000710300000, 0x0000000710300000| Complete 
| 246|0x0000000710400000, 0x0000000710500000, 0x0000000710500000|100%| E|CS|TAMS 0x0000000710400000, 0x0000000710400000| Complete 
| 247|0x0000000710500000, 0x0000000710600000, 0x0000000710600000|100%| E|CS|TAMS 0x0000000710500000, 0x0000000710500000| Complete 
| 248|0x0000000710600000, 0x0000000710700000, 0x0000000710700000|100%| E|CS|TAMS 0x0000000710600000, 0x0000000710600000| Complete 
| 249|0x0000000710700000, 0x0000000710800000, 0x0000000710800000|100%| E|CS|TAMS 0x0000000710700000, 0x0000000710700000| Complete 
| 250|0x0000000710800000, 0x0000000710900000, 0x0000000710900000|100%| E|CS|TAMS 0x0000000710800000, 0x0000000710800000| Complete 
| 251|0x0000000710900000, 0x0000000710a00000, 0x0000000710a00000|100%| E|  |TAMS 0x0000000710900000, 0x0000000710900000| Complete 
| 252|0x0000000710a00000, 0x0000000710b00000, 0x0000000710b00000|100%| E|CS|TAMS 0x0000000710a00000, 0x0000000710a00000| Complete 
| 253|0x0000000710b00000, 0x0000000710c00000, 0x0000000710c00000|100%| E|CS|TAMS 0x0000000710b00000, 0x0000000710b00000| Complete 
| 254|0x0000000710c00000, 0x0000000710d00000, 0x0000000710d00000|100%| E|CS|TAMS 0x0000000710c00000, 0x0000000710c00000| Complete 
| 255|0x0000000710d00000, 0x0000000710e00000, 0x0000000710e00000|100%| E|CS|TAMS 0x0000000710d00000, 0x0000000710d00000| Complete 

Card table byte_map: [0x00000210fe380000,0x00000210feb80000] _byte_map_base: 0x00000210fab79000

Marking Bits (Prev, Next): (CMBitMap*) 0x00000210e8ce0538, (CMBitMap*) 0x00000210e8ce0578
 Prev Bits: [0x0000021080000000, 0x0000021083fc8000)
 Next Bits: [0x0000021083fd0000, 0x0000021087f98000)

Polling page: 0x00000210e8d50000

Metaspace:

Usage:
  Non-class:     10.57 MB capacity,    10.44 MB ( 99%) used,   113.43 KB (  1%) free+waste,    16.94 KB ( <1%) overhead. 
      Class:      1.02 MB capacity,   972.18 KB ( 93%) used,    67.82 KB (  6%) free+waste,     8.00 KB ( <1%) overhead. 
       Both:     11.59 MB capacity,    11.39 MB ( 98%) used,   181.25 KB (  2%) free+waste,    24.94 KB ( <1%) overhead. 

Virtual space:
  Non-class space:       12.00 MB reserved,      10.75 MB ( 90%) committed 
      Class space:        1.00 GB reserved,       1.13 MB ( <1%) committed 
             Both:        1.01 GB reserved,      11.88 MB (  1%) committed 

Chunk freelists:
   Non-Class:  55.00 KB
       Class:  8.00 KB
        Both:  63.00 KB

MaxMetaspaceSize: 17179869184.00 GB
CompressedClassSpaceSize: 1.00 GB

CodeHeap 'non-profiled nmethods': size=120000Kb used=267Kb max_used=267Kb free=119732Kb
 bounds [0x00000210f5be0000, 0x00000210f5e50000, 0x00000210fd110000]
CodeHeap 'profiled nmethods': size=120000Kb used=1304Kb max_used=1304Kb free=118695Kb
 bounds [0x00000210ee6b0000, 0x00000210ee920000, 0x00000210f5be0000]
CodeHeap 'non-nmethods': size=5760Kb used=1574Kb max_used=1590Kb free=4185Kb
 bounds [0x00000210ee110000, 0x00000210ee380000, 0x00000210ee6b0000]
 total_blobs=1777 nmethods=822 adapters=868
 compilation: enabled
              stopped_count=0, restarted_count=0
 full_count=0

Compilation events (20 events):
Event: 0.585 Thread 0x000002108a919000  813       3       sun.misc.Unsafe::putLong (11 bytes)
Event: 0.586 Thread 0x000002108a919000 nmethod 813 0x00000210ee7eeb10 code [0x00000210ee7eeca0, 0x00000210ee7eed98]
Event: 0.586 Thread 0x000002108a919000  814       3       org.lwjgl.system.MemoryUtil::memPutAddress (29 bytes)
Event: 0.586 Thread 0x000002108a919000 nmethod 814 0x00000210ee7eee10 code [0x00000210ee7eefc0, 0x00000210ee7ef1b8]
Event: 0.587 Thread 0x000002108a919000  816   !   3       jdk.internal.loader.BuiltinClassLoader::loadClassOrNull (143 bytes)
Event: 0.587 Thread 0x000002108a919000 nmethod 816 0x00000210ee7ef290 code [0x00000210ee7ef640, 0x00000210ee7f1278]
Event: 0.588 Thread 0x000002108a8f4000 nmethod 807 0x00000210f5c20290 code [0x00000210f5c204a0, 0x00000210f5c20c38]
Event: 0.588 Thread 0x000002108a8f4000  808       4       java.lang.Integer::stringSize (47 bytes)
Event: 0.588 Thread 0x000002108a8f4000 nmethod 808 0x00000210f5c21390 code [0x00000210f5c21520, 0x00000210f5c21618]
Event: 0.588 Thread 0x000002108a8f4000  815       4       sun.misc.Unsafe::putLong (11 bytes)
Event: 0.588 Thread 0x000002108a919000  819       3       java.lang.StringConcatHelper::initialCoder (14 bytes)
Event: 0.588 Thread 0x000002108a919000 nmethod 819 0x00000210ee7f1e10 code [0x00000210ee7f1fa0, 0x00000210ee7f20b8]
Event: 0.588 Thread 0x000002108a919000  820       3       java.lang.StringConcatHelper::newString (67 bytes)
Event: 0.589 Thread 0x000002108a8f4000 nmethod 815 0x00000210f5c21710 code [0x00000210f5c218a0, 0x00000210f5c21938]
Event: 0.589 Thread 0x000002108a8f4000  810       4       java.lang.AbstractStringBuilder::append (55 bytes)
Event: 0.589 Thread 0x000002108a919000 nmethod 820 0x00000210ee7f2110 code [0x00000210ee7f23a0, 0x00000210ee7f3048]
Event: 0.589 Thread 0x000002108a919000  822       3       java.util.WeakHashMap::put (162 bytes)
Event: 0.589 Thread 0x000002108a919000 nmethod 822 0x00000210ee7f3490 code [0x00000210ee7f3700, 0x00000210ee7f4738]
Event: 0.589 Thread 0x000002108a919000  821       3       java.lang.StringConcatHelper::simpleConcat (62 bytes)
Event: 0.590 Thread 0x000002108a919000 nmethod 821 0x00000210ee7f4c10 code [0x00000210ee7f4ee0, 0x00000210ee7f5dd8]

GC Heap History (0 events):
No events

Deoptimization events (20 events):
Event: 0.291 Thread 0x00000210e8c78800 Uncommon trap: trap_request=0xffffff45 fr.pc=0x00000210f5bf49dc relative=0x000000000000003c
Event: 0.291 Thread 0x00000210e8c78800 Uncommon trap: reason=unstable_if action=reinterpret pc=0x00000210f5bf49dc method=sun.nio.fs.WindowsPathParser.isSlash(C)Z @ 9 c2
Event: 0.291 Thread 0x00000210e8c78800 DEOPT PACKING pc=0x00000210f5bf49dc sp=0x0000009d7a3fb860
Event: 0.291 Thread 0x00000210e8c78800 DEOPT UNPACKING pc=0x00000210ee15912f sp=0x0000009d7a3fb7e8 mode 2
Event: 0.567 Thread 0x00000210e8c78800 Uncommon trap: trap_request=0xffffff45 fr.pc=0x00000210f5c12b7c relative=0x00000000000004dc
Event: 0.567 Thread 0x00000210e8c78800 Uncommon trap: reason=unstable_if action=reinterpret pc=0x00000210f5c12b7c method=java.lang.AbstractStringBuilder.putStringAt(ILjava/lang/String;)V @ 8 c2
Event: 0.567 Thread 0x00000210e8c78800 DEOPT PACKING pc=0x00000210f5c12b7c sp=0x0000009d7a3ff270
Event: 0.567 Thread 0x00000210e8c78800 DEOPT UNPACKING pc=0x00000210ee15912f sp=0x0000009d7a3ff178 mode 2
Event: 0.567 Thread 0x00000210e8c78800 Uncommon trap: trap_request=0xffffff45 fr.pc=0x00000210f5c14560 relative=0x00000000000004c0
Event: 0.567 Thread 0x00000210e8c78800 Uncommon trap: reason=unstable_if action=reinterpret pc=0x00000210f5c14560 method=java.lang.AbstractStringBuilder.putStringAt(ILjava/lang/String;)V @ 8 c2
Event: 0.567 Thread 0x00000210e8c78800 DEOPT PACKING pc=0x00000210f5c14560 sp=0x0000009d7a3ff200
Event: 0.567 Thread 0x00000210e8c78800 DEOPT UNPACKING pc=0x00000210ee15912f sp=0x0000009d7a3ff170 mode 2
Event: 0.567 Thread 0x00000210e8c78800 Uncommon trap: trap_request=0xffffff45 fr.pc=0x00000210f5bff8f8 relative=0x0000000000000058
Event: 0.567 Thread 0x00000210e8c78800 Uncommon trap: reason=unstable_if action=reinterpret pc=0x00000210f5bff8f8 method=java.lang.AbstractStringBuilder.isLatin1()Z @ 10 c2
Event: 0.567 Thread 0x00000210e8c78800 DEOPT PACKING pc=0x00000210f5bff8f8 sp=0x0000009d7a3ff110
Event: 0.567 Thread 0x00000210e8c78800 DEOPT UNPACKING pc=0x00000210ee15912f sp=0x0000009d7a3ff0a0 mode 2
Event: 0.567 Thread 0x00000210e8c78800 Uncommon trap: trap_request=0xffffff45 fr.pc=0x00000210f5c136b0 relative=0x00000000000000f0
Event: 0.567 Thread 0x00000210e8c78800 Uncommon trap: reason=unstable_if action=reinterpret pc=0x00000210f5c136b0 method=java.lang.String.getBytes([BIB)V @ 5 c2
Event: 0.567 Thread 0x00000210e8c78800 DEOPT PACKING pc=0x00000210f5c136b0 sp=0x0000009d7a3ff120
Event: 0.567 Thread 0x00000210e8c78800 DEOPT UNPACKING pc=0x00000210ee15912f sp=0x0000009d7a3ff0e8 mode 2

Classes unloaded (0 events):
No events

Classes redefined (0 events):
No events

Internal exceptions (20 events):
Event: 0.222 Thread 0x00000210e8c78800 Exception <a 'java/lang/NoSuchMethodError'{0x0000000710700540}: 'java.lang.Object java.lang.invoke.DirectMethodHandle$Holder.invokeStatic(java.lang.Object, int, java.lang.Object)'> (0x0000000710700540) 
thrown [./open/src/hotspot/share/interpreter/linkResolver.cpp, line 766]
Event: 0.234 Thread 0x00000210e8c78800 Exception <a 'java/lang/ClassNotFoundException'{0x00000007107468c8}: sun/util/logging/resources/spi/loggingProvider> (0x00000007107468c8) 
thrown [./open/src/hotspot/share/classfile/systemDictionary.cpp, line 226]
Event: 0.272 Thread 0x00000210e8c78800 Exception <a 'java/lang/NoSuchMethodError'{0x00000007106c5610}: 'void java.lang.invoke.DelegatingMethodHandle$Holder.delegate(java.lang.Object, java.lang.Object, int, java.lang.Object)'> (0x00000007106c5610) 
thrown [./open/src/hotspot/share/interpreter/linkResolver.cpp, line 766]
Event: 0.273 Thread 0x00000210e8c78800 Exception <a 'java/lang/NoSuchMethodError'{0x00000007106cc310}: 'java.lang.Object java.lang.invoke.DirectMethodHandle$Holder.invokeStaticInit(java.lang.Object, java.lang.Object, java.lang.Object)'> (0x00000007106cc310) 
thrown [./open/src/hotspot/share/interpreter/linkResolver.cpp, line 766]
Event: 0.276 Thread 0x00000210e8c78800 Exception <a 'java/lang/NoSuchMethodError'{0x00000007106f1be0}: 'int java.lang.invoke.DirectMethodHandle$Holder.invokeSpecialIFC(java.lang.Object, java.lang.Object, int)'> (0x00000007106f1be0) 
thrown [./open/src/hotspot/share/interpreter/linkResolver.cpp, line 766]
Event: 0.292 Thread 0x00000210e8c78800 Exception <a 'sun/nio/fs/WindowsException'{0x0000000710545d58}> (0x0000000710545d58) 
thrown [./open/src/hotspot/share/prims/jni.cpp, line 599]
Event: 0.292 Thread 0x00000210e8c78800 Exception <a 'sun/nio/fs/WindowsException'{0x00000007105462a8}> (0x00000007105462a8) 
thrown [./open/src/hotspot/share/prims/jni.cpp, line 599]
Event: 0.298 Thread 0x00000210e8c78800 Exception <a 'java/lang/NoSuchMethodError'{0x000000071059fc50}: 'int java.lang.invoke.DirectMethodHandle$Holder.invokeStaticInit(java.lang.Object, java.lang.Object, int, long)'> (0x000000071059fc50) 
thrown [./open/src/hotspot/share/interpreter/linkResolver.cpp, line 766]
Event: 0.299 Thread 0x00000210e8c78800 Exception <a 'java/lang/NoSuchMethodError'{0x00000007105a4700}: 'java.lang.Object java.lang.invoke.Invokers$Holder.linkToTargetMethod(java.lang.Object, int, java.lang.Object)'> (0x00000007105a4700) 
thrown [./open/src/hotspot/share/interpreter/linkResolver.cpp, line 766]
Event: 0.300 Thread 0x00000210e8c78800 Exception <a 'java/lang/NoSuchMethodError'{0x00000007105b1840}: 'int java.lang.invoke.DirectMethodHandle$Holder.invokeStaticInit(java.lang.Object, java.lang.Object, long, long)'> (0x00000007105b1840) 
thrown [./open/src/hotspot/share/interpreter/linkResolver.cpp, line 766]
Event: 0.300 Thread 0x00000210e8c78800 Exception <a 'java/lang/NoSuchMethodError'{0x00000007105b6670}: 'java.lang.Object java.lang.invoke.Invokers$Holder.linkToTargetMethod(java.lang.Object, long, java.lang.Object)'> (0x00000007105b6670) 
thrown [./open/src/hotspot/share/interpreter/linkResolver.cpp, line 766]
Event: 0.300 Thread 0x00000210e8c78800 Exception <a 'java/lang/NoSuchMethodError'{0x00000007105bc1c0}: 'int java.lang.invoke.DirectMethodHandle$Holder.invokeStaticInit(java.lang.Object, java.lang.Object, java.lang.Object, long)'> (0x00000007105bc1c0) 
thrown [./open/src/hotspot/share/interpreter/linkResolver.cpp, line 766]
Event: 0.310 Thread 0x00000210e8c78800 Exception <a 'sun/nio/fs/WindowsException'{0x00000007104433b0}> (0x00000007104433b0) 
thrown [./open/src/hotspot/share/prims/jni.cpp, line 599]
Event: 0.311 Thread 0x00000210e8c78800 Exception <a 'sun/nio/fs/WindowsException'{0x0000000710443740}> (0x0000000710443740) 
thrown [./open/src/hotspot/share/prims/jni.cpp, line 599]
Event: 0.328 Thread 0x00000210e8c78800 Exception <a 'sun/nio/fs/WindowsException'{0x0000000710328e08}> (0x0000000710328e08) 
thrown [./open/src/hotspot/share/prims/jni.cpp, line 599]
Event: 0.328 Thread 0x00000210e8c78800 Exception <a 'sun/nio/fs/WindowsException'{0x0000000710329168}> (0x0000000710329168) 
thrown [./open/src/hotspot/share/prims/jni.cpp, line 599]
Event: 0.581 Thread 0x00000210e8c78800 Exception <a 'sun/nio/fs/WindowsException'{0x0000000710172178}> (0x0000000710172178) 
thrown [./open/src/hotspot/share/prims/jni.cpp, line 599]
Event: 0.581 Thread 0x00000210e8c78800 Exception <a 'sun/nio/fs/WindowsException'{0x0000000710172520}> (0x0000000710172520) 
thrown [./open/src/hotspot/share/prims/jni.cpp, line 599]
Event: 0.584 Thread 0x00000210e8c78800 Exception <a 'sun/nio/fs/WindowsException'{0x00000007101ef838}> (0x00000007101ef838) 
thrown [./open/src/hotspot/share/prims/jni.cpp, line 599]
Event: 0.584 Thread 0x00000210e8c78800 Exception <a 'sun/nio/fs/WindowsException'{0x00000007101efb18}> (0x00000007101efb18) 
thrown [./open/src/hotspot/share/prims/jni.cpp, line 599]

Events (20 events):
Event: 0.566 loading class java/util/stream/ReduceOps$AccumulatingSink
Event: 0.566 loading class java/util/stream/ReduceOps$AccumulatingSink done
Event: 0.566 loading class java/util/stream/ReduceOps$Box
Event: 0.566 loading class java/util/stream/ReduceOps$Box done
Event: 0.566 loading class java/util/stream/ReduceOps$3ReducingSink done
Event: 0.566 loading class java/text/DecimalFormat
Event: 0.566 loading class java/text/DecimalFormat done
Event: 0.567 loading class java/text/FieldPosition
Event: 0.567 loading class java/text/FieldPosition done
Event: 0.567 loading class java/text/DigitList
Event: 0.567 loading class java/text/DigitList done
Event: 0.567 loading class java/math/RoundingMode
Event: 0.567 loading class java/math/RoundingMode done
Event: 0.568 loading class java/nio/channels/spi/AbstractInterruptibleChannel$1
Event: 0.568 loading class sun/nio/ch/Interruptible
Event: 0.568 loading class sun/nio/ch/Interruptible done
Event: 0.568 loading class java/nio/channels/spi/AbstractInterruptibleChannel$1 done
Event: 0.568 loading class java/util/regex/Matcher$ImmutableMatchResult
Event: 0.568 loading class java/util/regex/Matcher$ImmutableMatchResult done
Event: 0.582 Loaded shared library C:\Users\georg\AppData\Local\Temp\lwjglgeorg\3.3.1-build-7\lwjgl_opengl.dll


Dynamic libraries:
0x00007ff62d9f0000 - 0x00007ff62d9fd000 	C:\Users\georg\.p2\pool\plugins\org.eclipse.justj.openjdk.hotspot.jre.full.win32.x86_64_14.0.2.v20200815-0932\jre\bin\javaw.exe
0x00007ffc1df30000 - 0x00007ffc1e125000 	C:\WINDOWS\SYSTEM32\ntdll.dll
0x00007ffc1c550000 - 0x00007ffc1c60e000 	C:\WINDOWS\System32\KERNEL32.DLL
0x00007ffc1b720000 - 0x00007ffc1b9e8000 	C:\WINDOWS\System32\KERNELBASE.dll
0x00007ffc1bde0000 - 0x00007ffc1bee0000 	C:\WINDOWS\System32\ucrtbase.dll
0x00007ffc16fa0000 - 0x00007ffc16fb8000 	C:\Users\georg\.p2\pool\plugins\org.eclipse.justj.openjdk.hotspot.jre.full.win32.x86_64_14.0.2.v20200815-0932\jre\bin\jli.dll
0x00007ffc16110000 - 0x00007ffc16125000 	C:\Users\georg\.p2\pool\plugins\org.eclipse.justj.openjdk.hotspot.jre.full.win32.x86_64_14.0.2.v20200815-0932\jre\bin\VCRUNTIME140.dll
0x00007ffc1c150000 - 0x00007ffc1c2f0000 	C:\WINDOWS\System32\USER32.dll
0x00007ffc07110000 - 0x00007ffc073aa000 	C:\WINDOWS\WinSxS\amd64_microsoft.windows.common-controls_6595b64144ccf1df_6.0.19041.1110_none_60b5254171f9507e\COMCTL32.dll
0x00007ffc1b6f0000 - 0x00007ffc1b712000 	C:\WINDOWS\System32\win32u.dll
0x00007ffc1d670000 - 0x00007ffc1d70e000 	C:\WINDOWS\System32\msvcrt.dll
0x00007ffc1d8c0000 - 0x00007ffc1d8eb000 	C:\WINDOWS\System32\GDI32.dll
0x00007ffc1ba60000 - 0x00007ffc1bb6b000 	C:\WINDOWS\System32\gdi32full.dll
0x00007ffc1b650000 - 0x00007ffc1b6ed000 	C:\WINDOWS\System32\msvcp_win.dll
0x00007ffc1bf90000 - 0x00007ffc1bfc0000 	C:\WINDOWS\System32\IMM32.DLL
0x00007ffbca040000 - 0x00007ffbca0db000 	C:\Users\georg\.p2\pool\plugins\org.eclipse.justj.openjdk.hotspot.jre.full.win32.x86_64_14.0.2.v20200815-0932\jre\bin\msvcp140.dll
0x00007ffbb9320000 - 0x00007ffbb9e3e000 	C:\Users\georg\.p2\pool\plugins\org.eclipse.justj.openjdk.hotspot.jre.full.win32.x86_64_14.0.2.v20200815-0932\jre\bin\server\jvm.dll
0x00007ffc1cbe0000 - 0x00007ffc1cc8e000 	C:\WINDOWS\System32\ADVAPI32.dll
0x00007ffc1c420000 - 0x00007ffc1c4bc000 	C:\WINDOWS\System32\sechost.dll
0x00007ffc1cc90000 - 0x00007ffc1cdb5000 	C:\WINDOWS\System32\RPCRT4.dll
0x00007ffc1d9c0000 - 0x00007ffc1d9c8000 	C:\WINDOWS\System32\PSAPI.DLL
0x00007ffc14360000 - 0x00007ffc14369000 	C:\WINDOWS\SYSTEM32\WSOCK32.dll
0x00007ffc1c9d0000 - 0x00007ffc1ca3b000 	C:\WINDOWS\System32\WS2_32.dll
0x00007ffc15d60000 - 0x00007ffc15d6a000 	C:\WINDOWS\SYSTEM32\VERSION.dll
0x00007ffc0f080000 - 0x00007ffc0f0a7000 	C:\WINDOWS\SYSTEM32\WINMM.dll
0x00007ffc19ed0000 - 0x00007ffc19ee2000 	C:\WINDOWS\SYSTEM32\kernel.appcore.dll
0x00007ffc04ef0000 - 0x00007ffc04efa000 	C:\Users\georg\.p2\pool\plugins\org.eclipse.justj.openjdk.hotspot.jre.full.win32.x86_64_14.0.2.v20200815-0932\jre\bin\jimage.dll
0x00007ffc19b40000 - 0x00007ffc19d24000 	C:\WINDOWS\SYSTEM32\DBGHELP.DLL
0x00007ffc023d0000 - 0x00007ffc023fc000 	C:\WINDOWS\SYSTEM32\dbgcore.DLL
0x00007ffc1bb70000 - 0x00007ffc1bbf2000 	C:\WINDOWS\System32\bcryptPrimitives.dll
0x00007ffbd8720000 - 0x00007ffbd8745000 	C:\Users\georg\.p2\pool\plugins\org.eclipse.justj.openjdk.hotspot.jre.full.win32.x86_64_14.0.2.v20200815-0932\jre\bin\java.dll
0x00007ffbe4470000 - 0x00007ffbe4486000 	C:\Users\georg\.p2\pool\plugins\org.eclipse.justj.openjdk.hotspot.jre.full.win32.x86_64_14.0.2.v20200815-0932\jre\bin\zip.dll
0x00007ffc1cdc0000 - 0x00007ffc1d504000 	C:\WINDOWS\System32\SHELL32.dll
0x00007ffc192e0000 - 0x00007ffc19a74000 	C:\WINDOWS\SYSTEM32\windows.storage.dll
0x00007ffc1c670000 - 0x00007ffc1c9c4000 	C:\WINDOWS\System32\combase.dll
0x00007ffc1b0b0000 - 0x00007ffc1b0dc000 	C:\WINDOWS\SYSTEM32\Wldp.dll
0x00007ffc1d910000 - 0x00007ffc1d9bd000 	C:\WINDOWS\System32\SHCORE.dll
0x00007ffc1ca50000 - 0x00007ffc1caa5000 	C:\WINDOWS\System32\shlwapi.dll
0x00007ffc1b590000 - 0x00007ffc1b5af000 	C:\WINDOWS\SYSTEM32\profapi.dll
0x00007ffbe1d90000 - 0x00007ffbe1da9000 	C:\Users\georg\.p2\pool\plugins\org.eclipse.justj.openjdk.hotspot.jre.full.win32.x86_64_14.0.2.v20200815-0932\jre\bin\net.dll
0x00007ffc15520000 - 0x00007ffc15629000 	C:\WINDOWS\SYSTEM32\WINHTTP.dll
0x00007ffc1adc0000 - 0x00007ffc1ae2a000 	C:\WINDOWS\system32\mswsock.dll
0x00007ffbe1b30000 - 0x00007ffbe1b42000 	C:\Users\georg\.p2\pool\plugins\org.eclipse.justj.openjdk.hotspot.jre.full.win32.x86_64_14.0.2.v20200815-0932\jre\bin\nio.dll
0x00007ffbb6f80000 - 0x00007ffbb6ff5000 	C:\Users\georg\AppData\Local\Temp\lwjglgeorg\3.3.1-build-7\lwjgl.dll
0x00007ffbaaeb0000 - 0x00007ffbab109000 	C:\Users\georg\AppData\Local\Temp\lwjglgeorg\3.3.1-build-7\jemalloc.dll
0x00007ffbcf950000 - 0x00007ffbcf9b1000 	C:\Users\georg\AppData\Local\Temp\lwjglgeorg\3.3.1-build-7\glfw.dll
0x00007ffbd9e20000 - 0x00007ffbd9e65000 	C:\WINDOWS\SYSTEM32\dinput8.dll
0x00007ffbecb10000 - 0x00007ffbecb21000 	C:\WINDOWS\SYSTEM32\xinput1_4.dll
0x00007ffc1bc00000 - 0x00007ffc1bc4e000 	C:\WINDOWS\System32\cfgmgr32.dll
0x00007ffc1b3f0000 - 0x00007ffc1b423000 	C:\WINDOWS\SYSTEM32\DEVOBJ.dll
0x00007ffc18e10000 - 0x00007ffc18e3f000 	C:\WINDOWS\SYSTEM32\dwmapi.dll
0x00007ffbf52c0000 - 0x00007ffbf5412000 	C:\WINDOWS\SYSTEM32\inputhost.dll
0x00007ffc1bfc0000 - 0x00007ffc1c08d000 	C:\WINDOWS\System32\OLEAUT32.dll
0x00007ffc17cf0000 - 0x00007ffc17e44000 	C:\WINDOWS\SYSTEM32\wintypes.dll
0x00007ffc18720000 - 0x00007ffc18812000 	C:\WINDOWS\SYSTEM32\CoreMessaging.dll
0x00007ffc16470000 - 0x00007ffc16566000 	C:\WINDOWS\SYSTEM32\PROPSYS.dll
0x00007ffc183c0000 - 0x00007ffc1871e000 	C:\WINDOWS\SYSTEM32\CoreUIComponents.dll
0x00007ffc1a310000 - 0x00007ffc1a343000 	C:\WINDOWS\SYSTEM32\ntmarta.dll
0x00007ffc18bd0000 - 0x00007ffc18c6e000 	C:\WINDOWS\system32\uxtheme.dll
0x00007ffc1cab0000 - 0x00007ffc1cbc6000 	C:\WINDOWS\System32\MSCTF.dll
0x00007ffbb79b0000 - 0x00007ffbb7ad6000 	C:\WINDOWS\SYSTEM32\opengl32.dll
0x00007ffbcaa20000 - 0x00007ffbcaa4c000 	C:\WINDOWS\SYSTEM32\GLU32.dll
0x00007ffc1d9d0000 - 0x00007ffc1da79000 	C:\WINDOWS\System32\clbcatq.dll
0x00007ffba6300000 - 0x00007ffba92bf000 	C:\WINDOWS\System32\DriverStore\FileRepository\nvmdi.inf_amd64_697983dd21312b3c\nvoglv64.dll
0x00007ffc1da80000 - 0x00007ffc1def0000 	C:\WINDOWS\System32\SETUPAPI.dll
0x00007ffc1bc50000 - 0x00007ffc1bc77000 	C:\WINDOWS\System32\bcrypt.dll
0x00007ffc1c2f0000 - 0x00007ffc1c41a000 	C:\WINDOWS\System32\ole32.dll
0x00007ffc16b80000 - 0x00007ffc16b94000 	C:\WINDOWS\SYSTEM32\WTSAPI32.dll
0x00007ffc1af70000 - 0x00007ffc1af7c000 	C:\WINDOWS\SYSTEM32\CRYPTBASE.DLL
0x00007ffc1b230000 - 0x00007ffc1b242000 	C:\WINDOWS\SYSTEM32\msasn1.dll
0x00007ffc10be0000 - 0x00007ffc10c11000 	C:\WINDOWS\SYSTEM32\cryptnet.dll
0x00007ffc1bc80000 - 0x00007ffc1bdd6000 	C:\WINDOWS\System32\CRYPT32.dll
0x00007ffc13f10000 - 0x00007ffc14058000 	C:\WINDOWS\SYSTEM32\drvstore.dll
0x00007ffc1b9f0000 - 0x00007ffc1ba58000 	C:\WINDOWS\System32\WINTRUST.dll
0x00007ffc11a50000 - 0x00007ffc11a8b000 	C:\WINDOWS\SYSTEM32\dxcore.dll
0x00007ffbce050000 - 0x00007ffbce315000 	C:\WINDOWS\system32\nvspcap64.dll
0x00007ffc1abe0000 - 0x00007ffc1ac2b000 	C:\WINDOWS\SYSTEM32\powrprof.dll
0x00007ffc1aa50000 - 0x00007ffc1aa62000 	C:\WINDOWS\SYSTEM32\UMPDC.dll
0x00007ffc1a380000 - 0x00007ffc1a3da000 	C:\WINDOWS\SYSTEM32\WINSTA.dll
0x00007ffbd0300000 - 0x00007ffbd035d000 	C:\Users\georg\AppData\Local\Temp\lwjglgeorg\3.3.1-build-7\lwjgl_opengl.dll

dbghelp: loaded successfully - version: 4.0.5 - missing functions: none
symbol engine: initialized successfully - sym options: 0x614 - pdb path: .;C:\Users\georg\.p2\pool\plugins\org.eclipse.justj.openjdk.hotspot.jre.full.win32.x86_64_14.0.2.v20200815-0932\jre\bin;C:\WINDOWS\SYSTEM32;C:\WINDOWS\WinSxS\amd64_microsoft.windows.common-controls_6595b64144ccf1df_6.0.19041.1110_none_60b5254171f9507e;C:\Users\georg\.p2\pool\plugins\org.eclipse.justj.openjdk.hotspot.jre.full.win32.x86_64_14.0.2.v20200815-0932\jre\bin\server;C:\Users\georg\AppData\Local\Temp\lwjglgeorg\3.3.1-build-7;C:\WINDOWS\System32\DriverStore\FileRepository\nvmdi.inf_amd64_697983dd21312b3c

VM Arguments:
jvm_args: -Dfile.encoding=Cp1252 -XX:+ShowCodeDetailsInExceptionMessages 
java_command: HelloWindow
java_class_path (initial): C:\Users\georg\eclipse-workspace\LearningOpenGL\bin;C:\Users\georg\OneDrive\Documents\CompSci\personal\java\lwjgl-release-3.3.1-custom\lwjgl.jar;C:\Users\georg\OneDrive\Documents\CompSci\personal\java\lwjgl-release-3.3.1-custom\lwjgl-assimp.jar;C:\Users\georg\OneDrive\Documents\CompSci\personal\java\lwjgl-release-3.3.1-custom\lwjgl-assimp-natives-windows.jar;C:\Users\georg\OneDrive\Documents\CompSci\personal\java\lwjgl-release-3.3.1-custom\lwjgl-bgfx.jar;C:\Users\georg\OneDrive\Documents\CompSci\personal\java\lwjgl-release-3.3.1-custom\lwjgl-bgfx-natives-windows.jar;C:\Users\georg\OneDrive\Documents\CompSci\personal\java\lwjgl-release-3.3.1-custom\lwjgl-cuda.jar;C:\Users\georg\OneDrive\Documents\CompSci\personal\java\lwjgl-release-3.3.1-custom\lwjgl-egl.jar;C:\Users\georg\OneDrive\Documents\CompSci\personal\java\lwjgl-release-3.3.1-custom\lwjgl-glfw.jar;C:\Users\georg\OneDrive\Documents\CompSci\personal\java\lwjgl-release-3.3.1-custom\lwjgl-glfw-natives-windows.jar;C:\Users\georg\OneDrive\Documents\CompSci\personal\java\lwjgl-release-3.3.1-custom\lwjgl-jawt.jar;C:\Users\georg\OneDrive\Documents\CompSci\personal\java\lwjgl-release-3.3.1-custom\lwjgl-jemalloc.jar;C:\Users\georg\OneDrive\Documents\CompSci\personal\java\lwjgl-release-3.3.1-custom\lwjgl-jemalloc-natives-windows.jar;C:\Users\georg\OneDrive\Documents\CompSci\personal\java\lwjgl-release-3.3.1-custom\lwjgl-libdivide.jar;C:\Users\georg\OneDrive\Documents\CompSci\personal\java\lwjgl-release-3.3.1-custom\lwjgl-libdivide-natives-windows.jar;C:\Users\georg\OneDrive\Documents\CompSci\personal\java\lwjgl-release-3.3.1-custom\lwjgl-llvm.jar;C:\Users\georg\OneDrive\Documents\CompSci\personal\java\lwjgl-release-3.3.1-custom\lwjgl-llvm-natives-windows.jar;C:\Users\georg\OneDrive\Documents\CompSci\personal\java\lwjgl-release-3.3.1-custom\lwjgl-lmdb.jar;C:\Users\georg\OneDrive\Documents\CompSci\personal\java\lwjgl-release-3.3.1-custom\lwjgl-lmdb-natives-windows.jar;C:\Users\georg\OneDrive\Doc
Launcher Type: SUN_STANDARD

[Global flags]
     intx CICompilerCount                          = 4                                         {product} {ergonomic}
     uint ConcGCThreads                            = 2                                         {product} {ergonomic}
     uint G1ConcRefinementThreads                  = 8                                         {product} {ergonomic}
   size_t G1HeapRegionSize                         = 1048576                                   {product} {ergonomic}
    uintx GCDrainStackTargetSize                   = 64                                        {product} {ergonomic}
   size_t InitialHeapSize                          = 268435456                                 {product} {ergonomic}
   size_t MarkStackSize                            = 4194304                                   {product} {ergonomic}
   size_t MaxHeapSize                              = 4280287232                                {product} {ergonomic}
   size_t MaxNewSize                               = 2567962624                                {product} {ergonomic}
   size_t MinHeapDeltaBytes                        = 1048576                                   {product} {ergonomic}
   size_t MinHeapSize                              = 8388608                                   {product} {ergonomic}
    uintx NonNMethodCodeHeapSize                   = 5839372                                {pd product} {ergonomic}
    uintx NonProfiledCodeHeapSize                  = 122909434                              {pd product} {ergonomic}
    uintx ProfiledCodeHeapSize                     = 122909434                              {pd product} {ergonomic}
    uintx ReservedCodeCacheSize                    = 251658240                              {pd product} {ergonomic}
     bool SegmentedCodeCache                       = true                                      {product} {ergonomic}
     bool ShowCodeDetailsInExceptionMessages       = true                                   {manageable} {command line}
   size_t SoftMaxHeapSize                          = 4280287232                             {manageable} {ergonomic}
     bool UseCompressedClassPointers               = true                                 {lp64_product} {ergonomic}
     bool UseCompressedOops                        = true                                 {lp64_product} {ergonomic}
     bool UseG1GC                                  = true                                      {product} {ergonomic}
     bool UseLargePagesIndividualAllocation        = false                                  {pd product} {ergonomic}

Logging:
Log output configuration:
 #0: stdout all=warning uptime,level,tags
 #1: stderr all=off uptime,level,tags

Environment Variables:
JAVA_HOME=C:\Program Files\Java\jdk-11.0.13
PATH=C:/Users/georg/.p2/pool/plugins/org.eclipse.justj.openjdk.hotspot.jre.full.win32.x86_64_14.0.2.v20200815-0932/jre/bin/server;C:/Users/georg/.p2/pool/plugins/org.eclipse.justj.openjdk.hotspot.jre.full.win32.x86_64_14.0.2.v20200815-0932/jre/bin;C:\Users\georg\OneDrive\Documents\CompSci\instantclient_19_8_32bit;C:\Program Files\Java\jdk-11.0.13\bin;C:\WINDOWS\system32;C:\WINDOWS;C:\WINDOWS\System32\Wbem;C:\WINDOWS\System32\WindowsPowerShell\v1.0\;C:\WINDOWS\System32\OpenSSH\;C:\Program Files\NVIDIA Corporation\NVIDIA NvDLISR;C:\Program Files (x86)\NVIDIA Corporation\PhysX\Common;C:\WINDOWS\system32;C:\WINDOWS;C:\WINDOWS\System32\Wbem;C:\WINDOWS\System32\WindowsPowerShell\v1.0\;C:\Program Files\PuTTY\;C:\WINDOWS\System32\OpenSSH\;C:\Program Files\dotnet\;C:\Program Files\Git\cmd;C:\Users\georg\AppData\Local\Programs\Python\Python38-32\Scripts\;C:\Users\georg\AppData\Local\Programs\Python\Python38-32\;C:\Users\georg\AppData\Local\Microsoft\WindowsApps;C:\Users\georg\AppData\Local\Programs\Microsoft VS Code\bin;C:\Users\georg\.dotnet\tools;C:\Users\georg\AppData\Local\Programs\MiKTeX\miktex\bin\x64\;C:\Users\georg\Desktop;
USERNAME=georg
OS=Windows_NT
PROCESSOR_IDENTIFIER=Intel64 Family 6 Model 158 Stepping 9, GenuineIntel



---------------  S Y S T E M  ---------------

OS: Windows 10 , 64 bit Build 19041 (10.0.19041.1566)
OS uptime: 3 days 19:40 hours
HyperV virtualization detected

CPU:total 8 (initial active 8) (4 cores per cpu, 2 threads per core) family 6 model 158 stepping 9, cmov, cx8, fxsr, mmx, sse, sse2, sse3, ssse3, sse4.1, sse4.2, popcnt, avx, avx2, aes, clmul, erms, rtm, 3dnowpref, lzcnt, ht, tsc, tscinvbit, bmi1, bmi2, adx, fma

Memory: 4k page, system-wide physical 16321M (7931M free)
TotalPageFile size 32705M (AvailPageFile size 18279M)
current process WorkingSet (physical memory assigned to process): 94M, peak: 94M
current process commit charge ("private bytes"): 399M, peak: 399M

vm_info: OpenJDK 64-Bit Server VM (14.0.2+12-46) for windows-amd64 JRE (14.0.2+12-46), built on Jul  9 2020 00:31:16 by "mach5one" with MS VC++ 15.9 (VS2017)

END.
