#
# A fatal error has been detected by the Java Runtime Environment:
#
#  EXCEPTION_ACCESS_VIOLATION (0xc0000005) at pc=0x00007ffb7e0bd8b0, pid=9024, tid=9588
#
# JRE version: OpenJDK Runtime Environment (14.0.2+12) (build 14.0.2+12-46)
# Java VM: OpenJDK 64-Bit Server VM (14.0.2+12-46, mixed mode, tiered, compressed oops, g1 gc, windows-amd64)
# Problematic frame:
# C  [nvoglv64.dll+0x127d8b0]
#
# No core dump will be written. Minidumps are not enabled by default on client versions of Windows
#
# If you would like to submit a bug report, please visit:
#   https://bugreport.java.com/bugreport/crash.jsp
# The crash happened outside the Java Virtual Machine in native code.
# See problematic frame for where to report the bug.
#

---------------  S U M M A R Y ------------

Command Line: -Dfile.encoding=Cp1252 -XX:+ShowCodeDetailsInExceptionMessages HelloWindow

Host: Intel(R) Core(TM) i7-7700K CPU @ 4.20GHz, 8 cores, 15G,  Windows 10 , 64 bit Build 19041 (10.0.19041.1566)
Time: Wed Mar 30 15:32:12 2022 GMT Summer Time elapsed time: 0 seconds (0d 0h 0m 0s)

---------------  T H R E A D  ---------------

Current thread (0x000001caf31a6800):  JavaThread "main" [_thread_in_native, id=9588, stack(0x000000533ac00000,0x000000533ad00000)]

Stack: [0x000000533ac00000,0x000000533ad00000],  sp=0x000000533acfef08,  free space=1019k
Native frames: (J=compiled Java code, j=interpreted, Vv=VM code, C=native code)
C  [nvoglv64.dll+0x127d8b0]

Java frames: (J=compiled Java code, j=interpreted, Vv=VM code)
j  org.lwjgl.opengl.GL11C.nglDrawElements(IIIJ)V+0
j  org.lwjgl.opengl.GL11C.glDrawElements(IIIJ)V+4
j  org.lwjgl.opengl.GL11.glDrawElements(IIIJ)V+4
j  HelloWindow.render(LShader;LShader;LTexture;)V+7
j  HelloWindow.loop()V+81
j  HelloWindow.run()V+29
j  HelloWindow.main([Ljava/lang/String;)V+7
v  ~StubRoutines::call_stub

siginfo: EXCEPTION_ACCESS_VIOLATION (0xc0000005), reading address 0x0000000000000000


Register to memory mapping:

RIP=0x00007ffb7e0bd8b0 nvoglv64.dll
RAX=0x0000000000022006 is an unknown value
RBX=0x000001ca95c9e4d8 points into unknown readable memory: 06 20 02 00 04 00 00 00
RCX=0x000001ca95c9e4f4 points into unknown readable memory: 00 00 00 00
RDX=0x0 is NULL
RSP=0x000000533acfef08 is pointing into the stack for thread: 0x000001caf31a6800
RBP=0x0000000000000044 is an unknown value
RSI=0x0000000000000006 is an unknown value
RDI=0x000001ca95322080 points into unknown readable memory: 00 00 00 00 00 00 00 00
R8 =0x0000000000000018 is an unknown value
R9 =0x000001ca95c9e4d8 points into unknown readable memory: 06 20 02 00 04 00 00 00
R10=0x0 is NULL
R11=0x000001ca95c9e4f4 points into unknown readable memory: 00 00 00 00
R12=0x0000000000000004 is an unknown value
R13=0x0000000000001405 is an unknown value
R14=0x0000000000000018 is an unknown value
R15=0x0 is NULL


Registers:
RAX=0x0000000000022006, RBX=0x000001ca95c9e4d8, RCX=0x000001ca95c9e4f4, RDX=0x0000000000000000
RSP=0x000000533acfef08, RBP=0x0000000000000044, RSI=0x0000000000000006, RDI=0x000001ca95322080
R8 =0x0000000000000018, R9 =0x000001ca95c9e4d8, R10=0x0000000000000000, R11=0x000001ca95c9e4f4
R12=0x0000000000000004, R13=0x0000000000001405, R14=0x0000000000000018, R15=0x0000000000000000
RIP=0x00007ffb7e0bd8b0, EFLAGS=0x0000000000010283

Top of Stack: (sp=0x000000533acfef08)
0x000000533acfef08:   00007ffb7d6ec30c 000001caf31a6800
0x000000533acfef18:   000000533acff070 000000533acff030
0x000000533acfef28:   00007ffbb9659ca7 000000533acfef50
0x000000533acfef38:   000001caf10190a0 00000000014caabd
0x000000533acfef48:   000001ca8004ebb6 000001ca947258b0
0x000000533acfef58:   000001caf31a6800 000001ca8000a1a7
0x000000533acfef68:   000001ca8000f220 000001caf31a6800
0x000000533acfef78:   000001ca947258b0 0000000000000000
0x000000533acfef88:   000001ca8000a1a7 0000000000000148
0x000000533acfef98:   000001ca8000f3d7 000000533acff030
0x000000533acfefa8:   00007ffbb98d2f00 000000533acff070
0x000000533acfefb8:   000001ca947258b0 000001ca00001405
0x000000533acfefc8:   0000000000000000 000001ca8000a1a7
0x000000533acfefd8:   00007ffbb98cc5ac 000001ca8000f076
0x000000533acfefe8:   000000533acfefe8 000001ca947258b0
0x000000533acfeff8:   000000533acff070 000001ca94740558 

Instructions: (pc=0x00007ffb7e0bd8b0)
0x00007ffb7e0bd7b0:   33 c0 c3 1b c0 83 d8 ff c3 90 49 c1 e9 02 74 37
0x00007ffb7e0bd7c0:   48 8b 01 48 3b 04 11 75 5b 48 8b 41 08 48 3b 44
0x00007ffb7e0bd7d0:   11 08 75 4c 48 8b 41 10 48 3b 44 11 10 75 3d 48
0x00007ffb7e0bd7e0:   8b 41 18 48 3b 44 11 18 75 2e 48 83 c1 20 49 ff
0x00007ffb7e0bd7f0:   c9 75 cd 49 83 e0 1f 4d 8b c8 49 c1 e9 03 74 9b
0x00007ffb7e0bd800:   48 8b 01 48 3b 04 11 75 1b 48 83 c1 08 49 ff c9
0x00007ffb7e0bd810:   75 ee 49 83 e0 07 eb 83 48 83 c1 08 48 83 c1 08
0x00007ffb7e0bd820:   48 83 c1 08 48 8b 0c 0a 48 0f c8 48 0f c9 48 3b
0x00007ffb7e0bd830:   c1 1b c0 83 d8 ff c3 cc cc cc cc cc cc cc cc cc
0x00007ffb7e0bd840:   cc cc cc cc cc cc 66 66 0f 1f 84 00 00 00 00 00
0x00007ffb7e0bd850:   57 56 49 8b c3 48 8b f9 49 8b c8 49 8b f2 f3 a4
0x00007ffb7e0bd860:   5e 5f c3 cc cc cc cc cc cc 0f 1f 80 00 00 00 00
0x00007ffb7e0bd870:   4c 8b d9 4c 8b d2 49 83 f8 10 76 54 49 83 f8 20
0x00007ffb7e0bd880:   76 2e 48 2b d1 73 0d 4b 8d 04 10 48 3b c8 0f 82
0x00007ffb7e0bd890:   dc 02 00 00 49 81 f8 80 00 00 00 0f 86 0f 02 00
0x00007ffb7e0bd8a0:   00 f6 05 98 de b7 01 02 0f 84 52 01 00 00 eb a0
0x00007ffb7e0bd8b0:   0f 10 02 42 0f 10 4c 02 f0 0f 11 01 42 0f 11 4c
0x00007ffb7e0bd8c0:   01 f0 48 8b c1 c3 66 66 0f 1f 84 00 00 00 00 00
0x00007ffb7e0bd8d0:   48 8b c1 4c 8d 0d 26 27 d8 fe 43 8b 8c 81 10 7a
0x00007ffb7e0bd8e0:   f6 02 49 03 c9 ff e1 66 0f 1f 84 00 00 00 00 00
0x00007ffb7e0bd8f0:   c3 0f b7 0a 66 89 08 c3 48 8b 0a 48 89 08 c3 0f
0x00007ffb7e0bd900:   b7 0a 44 0f b6 42 02 66 89 08 44 88 40 02 c3 0f
0x00007ffb7e0bd910:   b6 0a 88 08 c3 f3 0f 6f 02 f3 0f 7f 00 c3 66 90
0x00007ffb7e0bd920:   4c 8b 02 0f b7 4a 08 44 0f b6 4a 0a 4c 89 00 66
0x00007ffb7e0bd930:   89 48 08 44 88 48 0a c3 8b 0a 89 08 c3 0f 1f 00
0x00007ffb7e0bd940:   8b 0a 44 0f b6 42 04 89 08 44 88 40 04 c3 66 90
0x00007ffb7e0bd950:   8b 0a 44 0f b7 42 04 89 08 66 44 89 40 04 c3 90
0x00007ffb7e0bd960:   8b 0a 44 0f b7 42 04 44 0f b6 4a 06 89 08 66 44
0x00007ffb7e0bd970:   89 40 04 44 88 48 06 c3 4c 8b 02 8b 4a 08 44 0f
0x00007ffb7e0bd980:   b6 4a 0c 4c 89 00 89 48 08 44 88 48 0c c3 66 90
0x00007ffb7e0bd990:   4c 8b 02 0f b6 4a 08 4c 89 00 88 48 08 c3 66 90
0x00007ffb7e0bd9a0:   4c 8b 02 0f b7 4a 08 4c 89 00 66 89 48 08 c3 90 


Stack slot to memory mapping:
stack at sp + 0 slots: 0x00007ffb7d6ec30c nvoglv64.dll
stack at sp + 1 slots: 0x000001caf31a6800 is a thread
stack at sp + 2 slots: 0x000000533acff070 is pointing into the stack for thread: 0x000001caf31a6800
stack at sp + 3 slots: 0x000000533acff030 is pointing into the stack for thread: 0x000001caf31a6800
stack at sp + 4 slots: 0x00007ffbb9659ca7 jvm.dll
stack at sp + 5 slots: 0x000000533acfef50 is pointing into the stack for thread: 0x000001caf31a6800
stack at sp + 6 slots: 0x000001caf10190a0 points into unknown readable memory: 02 00 00 00 6f 00 72 00
stack at sp + 7 slots: 0x00000000014caabd is an unknown value


---------------  P R O C E S S  ---------------

Threads class SMR info:
_java_thread_list=0x000001ca95a4d7b0, length=12, elements={
0x000001caf31a6800, 0x000001ca930be800, 0x000001ca930bf800, 0x000001ca930e6800,
0x000001ca930e9800, 0x000001ca930ea800, 0x000001ca9310c800, 0x000001ca9310f800,
0x000001ca93126800, 0x000001ca9329a800, 0x000001ca932ca800, 0x000001ca95dd6800
}

Java Threads: ( => current thread )
=>0x000001caf31a6800 JavaThread "main" [_thread_in_native, id=9588, stack(0x000000533ac00000,0x000000533ad00000)]
  0x000001ca930be800 JavaThread "Reference Handler" daemon [_thread_blocked, id=17484, stack(0x000000533b300000,0x000000533b400000)]
  0x000001ca930bf800 JavaThread "Finalizer" daemon [_thread_blocked, id=22732, stack(0x000000533b400000,0x000000533b500000)]
  0x000001ca930e6800 JavaThread "Signal Dispatcher" daemon [_thread_blocked, id=4364, stack(0x000000533b500000,0x000000533b600000)]
  0x000001ca930e9800 JavaThread "Attach Listener" daemon [_thread_blocked, id=16568, stack(0x000000533b600000,0x000000533b700000)]
  0x000001ca930ea800 JavaThread "Service Thread" daemon [_thread_blocked, id=20188, stack(0x000000533b700000,0x000000533b800000)]
  0x000001ca9310c800 JavaThread "C2 CompilerThread0" daemon [_thread_blocked, id=17048, stack(0x000000533b800000,0x000000533b900000)]
  0x000001ca9310f800 JavaThread "C1 CompilerThread0" daemon [_thread_blocked, id=23668, stack(0x000000533b900000,0x000000533ba00000)]
  0x000001ca93126800 JavaThread "Sweeper thread" daemon [_thread_blocked, id=1500, stack(0x000000533ba00000,0x000000533bb00000)]
  0x000001ca9329a800 JavaThread "Notification Thread" daemon [_thread_blocked, id=17272, stack(0x000000533bb00000,0x000000533bc00000)]
  0x000001ca932ca800 JavaThread "Common-Cleaner" daemon [_thread_blocked, id=9112, stack(0x000000533bd00000,0x000000533be00000)]
  0x000001ca95dd6800 JavaThread "C2 CompilerThread1" daemon [_thread_blocked, id=24448, stack(0x000000533c400000,0x000000533c500000)]

Other Threads:
  0x000001ca930a8800 VMThread "VM Thread" [stack: 0x000000533b200000,0x000000533b300000] [id=9280]
  0x000001ca9329b800 WatcherThread [stack: 0x000000533bc00000,0x000000533bd00000] [id=8924]
  0x000001caf320e800 GCTaskThread "GC Thread#0" [stack: 0x000000533ad00000,0x000000533ae00000] [id=16952]
  0x000001caf3230800 ConcurrentGCThread "G1 Main Marker" [stack: 0x000000533ae00000,0x000000533af00000] [id=15348]
  0x000001caf3234000 ConcurrentGCThread "G1 Conc#0" [stack: 0x000000533af00000,0x000000533b000000] [id=13420]
  0x000001cafed98800 ConcurrentGCThread "G1 Refine#0" [stack: 0x000000533b000000,0x000000533b100000] [id=18624]
  0x000001cafed9a800 ConcurrentGCThread "G1 Young RemSet Sampling" [stack: 0x000000533b100000,0x000000533b200000] [id=14236]

Threads with active compile tasks:

VM state:not at safepoint (normal execution)

VM Mutex/Monitor currently owned by a thread: None

Heap address: 0x0000000700e00000, size: 4082 MB, Compressed Oops mode: Zero based, Oop shift amount: 3
Narrow klass base: 0x0000000800000000, Narrow klass shift: 0
Compressed class space size: 1073741824 Address: 0x0000000800000000

Heap:
 garbage-first heap   total 262144K, used 15360K [0x0000000700e00000, 0x0000000800000000)
  region size 1024K, 17 young (17408K), 0 survivors (0K)
 Metaspace       used 10838K, capacity 11039K, committed 11264K, reserved 1058816K
  class space    used 826K, capacity 898K, committed 1024K, reserved 1048576K
Heap Regions: E=young(eden), S=young(survivor), O=old, HS=humongous(starts), HC=humongous(continues), CS=collection set, F=free, OA=open archive, CA=closed archive, TAMS=top-at-mark-start (previous, next)
|   0|0x0000000700e00000, 0x0000000700e00000, 0x0000000700f00000|  0%| F|  |TAMS 0x0000000700e00000, 0x0000000700e00000| Untracked 
|   1|0x0000000700f00000, 0x0000000700f00000, 0x0000000701000000|  0%| F|  |TAMS 0x0000000700f00000, 0x0000000700f00000| Untracked 
|   2|0x0000000701000000, 0x0000000701000000, 0x0000000701100000|  0%| F|  |TAMS 0x0000000701000000, 0x0000000701000000| Untracked 
|   3|0x0000000701100000, 0x0000000701100000, 0x0000000701200000|  0%| F|  |TAMS 0x0000000701100000, 0x0000000701100000| Untracked 
|   4|0x0000000701200000, 0x0000000701200000, 0x0000000701300000|  0%| F|  |TAMS 0x0000000701200000, 0x0000000701200000| Untracked 
|   5|0x0000000701300000, 0x0000000701300000, 0x0000000701400000|  0%| F|  |TAMS 0x0000000701300000, 0x0000000701300000| Untracked 
|   6|0x0000000701400000, 0x0000000701400000, 0x0000000701500000|  0%| F|  |TAMS 0x0000000701400000, 0x0000000701400000| Untracked 
|   7|0x0000000701500000, 0x0000000701500000, 0x0000000701600000|  0%| F|  |TAMS 0x0000000701500000, 0x0000000701500000| Untracked 
|   8|0x0000000701600000, 0x0000000701600000, 0x0000000701700000|  0%| F|  |TAMS 0x0000000701600000, 0x0000000701600000| Untracked 
|   9|0x0000000701700000, 0x0000000701700000, 0x0000000701800000|  0%| F|  |TAMS 0x0000000701700000, 0x0000000701700000| Untracked 
|  10|0x0000000701800000, 0x0000000701800000, 0x0000000701900000|  0%| F|  |TAMS 0x0000000701800000, 0x0000000701800000| Untracked 
|  11|0x0000000701900000, 0x0000000701900000, 0x0000000701a00000|  0%| F|  |TAMS 0x0000000701900000, 0x0000000701900000| Untracked 
|  12|0x0000000701a00000, 0x0000000701a00000, 0x0000000701b00000|  0%| F|  |TAMS 0x0000000701a00000, 0x0000000701a00000| Untracked 
|  13|0x0000000701b00000, 0x0000000701b00000, 0x0000000701c00000|  0%| F|  |TAMS 0x0000000701b00000, 0x0000000701b00000| Untracked 
|  14|0x0000000701c00000, 0x0000000701c00000, 0x0000000701d00000|  0%| F|  |TAMS 0x0000000701c00000, 0x0000000701c00000| Untracked 
|  15|0x0000000701d00000, 0x0000000701d00000, 0x0000000701e00000|  0%| F|  |TAMS 0x0000000701d00000, 0x0000000701d00000| Untracked 
|  16|0x0000000701e00000, 0x0000000701e00000, 0x0000000701f00000|  0%| F|  |TAMS 0x0000000701e00000, 0x0000000701e00000| Untracked 
|  17|0x0000000701f00000, 0x0000000701f00000, 0x0000000702000000|  0%| F|  |TAMS 0x0000000701f00000, 0x0000000701f00000| Untracked 
|  18|0x0000000702000000, 0x0000000702000000, 0x0000000702100000|  0%| F|  |TAMS 0x0000000702000000, 0x0000000702000000| Untracked 
|  19|0x0000000702100000, 0x0000000702100000, 0x0000000702200000|  0%| F|  |TAMS 0x0000000702100000, 0x0000000702100000| Untracked 
|  20|0x0000000702200000, 0x0000000702200000, 0x0000000702300000|  0%| F|  |TAMS 0x0000000702200000, 0x0000000702200000| Untracked 
|  21|0x0000000702300000, 0x0000000702300000, 0x0000000702400000|  0%| F|  |TAMS 0x0000000702300000, 0x0000000702300000| Untracked 
|  22|0x0000000702400000, 0x0000000702400000, 0x0000000702500000|  0%| F|  |TAMS 0x0000000702400000, 0x0000000702400000| Untracked 
|  23|0x0000000702500000, 0x0000000702500000, 0x0000000702600000|  0%| F|  |TAMS 0x0000000702500000, 0x0000000702500000| Untracked 
|  24|0x0000000702600000, 0x0000000702600000, 0x0000000702700000|  0%| F|  |TAMS 0x0000000702600000, 0x0000000702600000| Untracked 
|  25|0x0000000702700000, 0x0000000702700000, 0x0000000702800000|  0%| F|  |TAMS 0x0000000702700000, 0x0000000702700000| Untracked 
|  26|0x0000000702800000, 0x0000000702800000, 0x0000000702900000|  0%| F|  |TAMS 0x0000000702800000, 0x0000000702800000| Untracked 
|  27|0x0000000702900000, 0x0000000702900000, 0x0000000702a00000|  0%| F|  |TAMS 0x0000000702900000, 0x0000000702900000| Untracked 
|  28|0x0000000702a00000, 0x0000000702a00000, 0x0000000702b00000|  0%| F|  |TAMS 0x0000000702a00000, 0x0000000702a00000| Untracked 
|  29|0x0000000702b00000, 0x0000000702b00000, 0x0000000702c00000|  0%| F|  |TAMS 0x0000000702b00000, 0x0000000702b00000| Untracked 
|  30|0x0000000702c00000, 0x0000000702c00000, 0x0000000702d00000|  0%| F|  |TAMS 0x0000000702c00000, 0x0000000702c00000| Untracked 
|  31|0x0000000702d00000, 0x0000000702d00000, 0x0000000702e00000|  0%| F|  |TAMS 0x0000000702d00000, 0x0000000702d00000| Untracked 
|  32|0x0000000702e00000, 0x0000000702e00000, 0x0000000702f00000|  0%| F|  |TAMS 0x0000000702e00000, 0x0000000702e00000| Untracked 
|  33|0x0000000702f00000, 0x0000000702f00000, 0x0000000703000000|  0%| F|  |TAMS 0x0000000702f00000, 0x0000000702f00000| Untracked 
|  34|0x0000000703000000, 0x0000000703000000, 0x0000000703100000|  0%| F|  |TAMS 0x0000000703000000, 0x0000000703000000| Untracked 
|  35|0x0000000703100000, 0x0000000703100000, 0x0000000703200000|  0%| F|  |TAMS 0x0000000703100000, 0x0000000703100000| Untracked 
|  36|0x0000000703200000, 0x0000000703200000, 0x0000000703300000|  0%| F|  |TAMS 0x0000000703200000, 0x0000000703200000| Untracked 
|  37|0x0000000703300000, 0x0000000703300000, 0x0000000703400000|  0%| F|  |TAMS 0x0000000703300000, 0x0000000703300000| Untracked 
|  38|0x0000000703400000, 0x0000000703400000, 0x0000000703500000|  0%| F|  |TAMS 0x0000000703400000, 0x0000000703400000| Untracked 
|  39|0x0000000703500000, 0x0000000703500000, 0x0000000703600000|  0%| F|  |TAMS 0x0000000703500000, 0x0000000703500000| Untracked 
|  40|0x0000000703600000, 0x0000000703600000, 0x0000000703700000|  0%| F|  |TAMS 0x0000000703600000, 0x0000000703600000| Untracked 
|  41|0x0000000703700000, 0x0000000703700000, 0x0000000703800000|  0%| F|  |TAMS 0x0000000703700000, 0x0000000703700000| Untracked 
|  42|0x0000000703800000, 0x0000000703800000, 0x0000000703900000|  0%| F|  |TAMS 0x0000000703800000, 0x0000000703800000| Untracked 
|  43|0x0000000703900000, 0x0000000703900000, 0x0000000703a00000|  0%| F|  |TAMS 0x0000000703900000, 0x0000000703900000| Untracked 
|  44|0x0000000703a00000, 0x0000000703a00000, 0x0000000703b00000|  0%| F|  |TAMS 0x0000000703a00000, 0x0000000703a00000| Untracked 
|  45|0x0000000703b00000, 0x0000000703b00000, 0x0000000703c00000|  0%| F|  |TAMS 0x0000000703b00000, 0x0000000703b00000| Untracked 
|  46|0x0000000703c00000, 0x0000000703c00000, 0x0000000703d00000|  0%| F|  |TAMS 0x0000000703c00000, 0x0000000703c00000| Untracked 
|  47|0x0000000703d00000, 0x0000000703d00000, 0x0000000703e00000|  0%| F|  |TAMS 0x0000000703d00000, 0x0000000703d00000| Untracked 
|  48|0x0000000703e00000, 0x0000000703e00000, 0x0000000703f00000|  0%| F|  |TAMS 0x0000000703e00000, 0x0000000703e00000| Untracked 
|  49|0x0000000703f00000, 0x0000000703f00000, 0x0000000704000000|  0%| F|  |TAMS 0x0000000703f00000, 0x0000000703f00000| Untracked 
|  50|0x0000000704000000, 0x0000000704000000, 0x0000000704100000|  0%| F|  |TAMS 0x0000000704000000, 0x0000000704000000| Untracked 
|  51|0x0000000704100000, 0x0000000704100000, 0x0000000704200000|  0%| F|  |TAMS 0x0000000704100000, 0x0000000704100000| Untracked 
|  52|0x0000000704200000, 0x0000000704200000, 0x0000000704300000|  0%| F|  |TAMS 0x0000000704200000, 0x0000000704200000| Untracked 
|  53|0x0000000704300000, 0x0000000704300000, 0x0000000704400000|  0%| F|  |TAMS 0x0000000704300000, 0x0000000704300000| Untracked 
|  54|0x0000000704400000, 0x0000000704400000, 0x0000000704500000|  0%| F|  |TAMS 0x0000000704400000, 0x0000000704400000| Untracked 
|  55|0x0000000704500000, 0x0000000704500000, 0x0000000704600000|  0%| F|  |TAMS 0x0000000704500000, 0x0000000704500000| Untracked 
|  56|0x0000000704600000, 0x0000000704600000, 0x0000000704700000|  0%| F|  |TAMS 0x0000000704600000, 0x0000000704600000| Untracked 
|  57|0x0000000704700000, 0x0000000704700000, 0x0000000704800000|  0%| F|  |TAMS 0x0000000704700000, 0x0000000704700000| Untracked 
|  58|0x0000000704800000, 0x0000000704800000, 0x0000000704900000|  0%| F|  |TAMS 0x0000000704800000, 0x0000000704800000| Untracked 
|  59|0x0000000704900000, 0x0000000704900000, 0x0000000704a00000|  0%| F|  |TAMS 0x0000000704900000, 0x0000000704900000| Untracked 
|  60|0x0000000704a00000, 0x0000000704a00000, 0x0000000704b00000|  0%| F|  |TAMS 0x0000000704a00000, 0x0000000704a00000| Untracked 
|  61|0x0000000704b00000, 0x0000000704b00000, 0x0000000704c00000|  0%| F|  |TAMS 0x0000000704b00000, 0x0000000704b00000| Untracked 
|  62|0x0000000704c00000, 0x0000000704c00000, 0x0000000704d00000|  0%| F|  |TAMS 0x0000000704c00000, 0x0000000704c00000| Untracked 
|  63|0x0000000704d00000, 0x0000000704d00000, 0x0000000704e00000|  0%| F|  |TAMS 0x0000000704d00000, 0x0000000704d00000| Untracked 
|  64|0x0000000704e00000, 0x0000000704e00000, 0x0000000704f00000|  0%| F|  |TAMS 0x0000000704e00000, 0x0000000704e00000| Untracked 
|  65|0x0000000704f00000, 0x0000000704f00000, 0x0000000705000000|  0%| F|  |TAMS 0x0000000704f00000, 0x0000000704f00000| Untracked 
|  66|0x0000000705000000, 0x0000000705000000, 0x0000000705100000|  0%| F|  |TAMS 0x0000000705000000, 0x0000000705000000| Untracked 
|  67|0x0000000705100000, 0x0000000705100000, 0x0000000705200000|  0%| F|  |TAMS 0x0000000705100000, 0x0000000705100000| Untracked 
|  68|0x0000000705200000, 0x0000000705200000, 0x0000000705300000|  0%| F|  |TAMS 0x0000000705200000, 0x0000000705200000| Untracked 
|  69|0x0000000705300000, 0x0000000705300000, 0x0000000705400000|  0%| F|  |TAMS 0x0000000705300000, 0x0000000705300000| Untracked 
|  70|0x0000000705400000, 0x0000000705400000, 0x0000000705500000|  0%| F|  |TAMS 0x0000000705400000, 0x0000000705400000| Untracked 
|  71|0x0000000705500000, 0x0000000705500000, 0x0000000705600000|  0%| F|  |TAMS 0x0000000705500000, 0x0000000705500000| Untracked 
|  72|0x0000000705600000, 0x0000000705600000, 0x0000000705700000|  0%| F|  |TAMS 0x0000000705600000, 0x0000000705600000| Untracked 
|  73|0x0000000705700000, 0x0000000705700000, 0x0000000705800000|  0%| F|  |TAMS 0x0000000705700000, 0x0000000705700000| Untracked 
|  74|0x0000000705800000, 0x0000000705800000, 0x0000000705900000|  0%| F|  |TAMS 0x0000000705800000, 0x0000000705800000| Untracked 
|  75|0x0000000705900000, 0x0000000705900000, 0x0000000705a00000|  0%| F|  |TAMS 0x0000000705900000, 0x0000000705900000| Untracked 
|  76|0x0000000705a00000, 0x0000000705a00000, 0x0000000705b00000|  0%| F|  |TAMS 0x0000000705a00000, 0x0000000705a00000| Untracked 
|  77|0x0000000705b00000, 0x0000000705b00000, 0x0000000705c00000|  0%| F|  |TAMS 0x0000000705b00000, 0x0000000705b00000| Untracked 
|  78|0x0000000705c00000, 0x0000000705c00000, 0x0000000705d00000|  0%| F|  |TAMS 0x0000000705c00000, 0x0000000705c00000| Untracked 
|  79|0x0000000705d00000, 0x0000000705d00000, 0x0000000705e00000|  0%| F|  |TAMS 0x0000000705d00000, 0x0000000705d00000| Untracked 
|  80|0x0000000705e00000, 0x0000000705e00000, 0x0000000705f00000|  0%| F|  |TAMS 0x0000000705e00000, 0x0000000705e00000| Untracked 
|  81|0x0000000705f00000, 0x0000000705f00000, 0x0000000706000000|  0%| F|  |TAMS 0x0000000705f00000, 0x0000000705f00000| Untracked 
|  82|0x0000000706000000, 0x0000000706000000, 0x0000000706100000|  0%| F|  |TAMS 0x0000000706000000, 0x0000000706000000| Untracked 
|  83|0x0000000706100000, 0x0000000706100000, 0x0000000706200000|  0%| F|  |TAMS 0x0000000706100000, 0x0000000706100000| Untracked 
|  84|0x0000000706200000, 0x0000000706200000, 0x0000000706300000|  0%| F|  |TAMS 0x0000000706200000, 0x0000000706200000| Untracked 
|  85|0x0000000706300000, 0x0000000706300000, 0x0000000706400000|  0%| F|  |TAMS 0x0000000706300000, 0x0000000706300000| Untracked 
|  86|0x0000000706400000, 0x0000000706400000, 0x0000000706500000|  0%| F|  |TAMS 0x0000000706400000, 0x0000000706400000| Untracked 
|  87|0x0000000706500000, 0x0000000706500000, 0x0000000706600000|  0%| F|  |TAMS 0x0000000706500000, 0x0000000706500000| Untracked 
|  88|0x0000000706600000, 0x0000000706600000, 0x0000000706700000|  0%| F|  |TAMS 0x0000000706600000, 0x0000000706600000| Untracked 
|  89|0x0000000706700000, 0x0000000706700000, 0x0000000706800000|  0%| F|  |TAMS 0x0000000706700000, 0x0000000706700000| Untracked 
|  90|0x0000000706800000, 0x0000000706800000, 0x0000000706900000|  0%| F|  |TAMS 0x0000000706800000, 0x0000000706800000| Untracked 
|  91|0x0000000706900000, 0x0000000706900000, 0x0000000706a00000|  0%| F|  |TAMS 0x0000000706900000, 0x0000000706900000| Untracked 
|  92|0x0000000706a00000, 0x0000000706a00000, 0x0000000706b00000|  0%| F|  |TAMS 0x0000000706a00000, 0x0000000706a00000| Untracked 
|  93|0x0000000706b00000, 0x0000000706b00000, 0x0000000706c00000|  0%| F|  |TAMS 0x0000000706b00000, 0x0000000706b00000| Untracked 
|  94|0x0000000706c00000, 0x0000000706c00000, 0x0000000706d00000|  0%| F|  |TAMS 0x0000000706c00000, 0x0000000706c00000| Untracked 
|  95|0x0000000706d00000, 0x0000000706d00000, 0x0000000706e00000|  0%| F|  |TAMS 0x0000000706d00000, 0x0000000706d00000| Untracked 
|  96|0x0000000706e00000, 0x0000000706e00000, 0x0000000706f00000|  0%| F|  |TAMS 0x0000000706e00000, 0x0000000706e00000| Untracked 
|  97|0x0000000706f00000, 0x0000000706f00000, 0x0000000707000000|  0%| F|  |TAMS 0x0000000706f00000, 0x0000000706f00000| Untracked 
|  98|0x0000000707000000, 0x0000000707000000, 0x0000000707100000|  0%| F|  |TAMS 0x0000000707000000, 0x0000000707000000| Untracked 
|  99|0x0000000707100000, 0x0000000707100000, 0x0000000707200000|  0%| F|  |TAMS 0x0000000707100000, 0x0000000707100000| Untracked 
| 100|0x0000000707200000, 0x0000000707200000, 0x0000000707300000|  0%| F|  |TAMS 0x0000000707200000, 0x0000000707200000| Untracked 
| 101|0x0000000707300000, 0x0000000707300000, 0x0000000707400000|  0%| F|  |TAMS 0x0000000707300000, 0x0000000707300000| Untracked 
| 102|0x0000000707400000, 0x0000000707400000, 0x0000000707500000|  0%| F|  |TAMS 0x0000000707400000, 0x0000000707400000| Untracked 
| 103|0x0000000707500000, 0x0000000707500000, 0x0000000707600000|  0%| F|  |TAMS 0x0000000707500000, 0x0000000707500000| Untracked 
| 104|0x0000000707600000, 0x0000000707600000, 0x0000000707700000|  0%| F|  |TAMS 0x0000000707600000, 0x0000000707600000| Untracked 
| 105|0x0000000707700000, 0x0000000707700000, 0x0000000707800000|  0%| F|  |TAMS 0x0000000707700000, 0x0000000707700000| Untracked 
| 106|0x0000000707800000, 0x0000000707800000, 0x0000000707900000|  0%| F|  |TAMS 0x0000000707800000, 0x0000000707800000| Untracked 
| 107|0x0000000707900000, 0x0000000707900000, 0x0000000707a00000|  0%| F|  |TAMS 0x0000000707900000, 0x0000000707900000| Untracked 
| 108|0x0000000707a00000, 0x0000000707a00000, 0x0000000707b00000|  0%| F|  |TAMS 0x0000000707a00000, 0x0000000707a00000| Untracked 
| 109|0x0000000707b00000, 0x0000000707b00000, 0x0000000707c00000|  0%| F|  |TAMS 0x0000000707b00000, 0x0000000707b00000| Untracked 
| 110|0x0000000707c00000, 0x0000000707c00000, 0x0000000707d00000|  0%| F|  |TAMS 0x0000000707c00000, 0x0000000707c00000| Untracked 
| 111|0x0000000707d00000, 0x0000000707d00000, 0x0000000707e00000|  0%| F|  |TAMS 0x0000000707d00000, 0x0000000707d00000| Untracked 
| 112|0x0000000707e00000, 0x0000000707e00000, 0x0000000707f00000|  0%| F|  |TAMS 0x0000000707e00000, 0x0000000707e00000| Untracked 
| 113|0x0000000707f00000, 0x0000000707f00000, 0x0000000708000000|  0%| F|  |TAMS 0x0000000707f00000, 0x0000000707f00000| Untracked 
| 114|0x0000000708000000, 0x0000000708000000, 0x0000000708100000|  0%| F|  |TAMS 0x0000000708000000, 0x0000000708000000| Untracked 
| 115|0x0000000708100000, 0x0000000708100000, 0x0000000708200000|  0%| F|  |TAMS 0x0000000708100000, 0x0000000708100000| Untracked 
| 116|0x0000000708200000, 0x0000000708200000, 0x0000000708300000|  0%| F|  |TAMS 0x0000000708200000, 0x0000000708200000| Untracked 
| 117|0x0000000708300000, 0x0000000708300000, 0x0000000708400000|  0%| F|  |TAMS 0x0000000708300000, 0x0000000708300000| Untracked 
| 118|0x0000000708400000, 0x0000000708400000, 0x0000000708500000|  0%| F|  |TAMS 0x0000000708400000, 0x0000000708400000| Untracked 
| 119|0x0000000708500000, 0x0000000708500000, 0x0000000708600000|  0%| F|  |TAMS 0x0000000708500000, 0x0000000708500000| Untracked 
| 120|0x0000000708600000, 0x0000000708600000, 0x0000000708700000|  0%| F|  |TAMS 0x0000000708600000, 0x0000000708600000| Untracked 
| 121|0x0000000708700000, 0x0000000708700000, 0x0000000708800000|  0%| F|  |TAMS 0x0000000708700000, 0x0000000708700000| Untracked 
| 122|0x0000000708800000, 0x0000000708800000, 0x0000000708900000|  0%| F|  |TAMS 0x0000000708800000, 0x0000000708800000| Untracked 
| 123|0x0000000708900000, 0x0000000708900000, 0x0000000708a00000|  0%| F|  |TAMS 0x0000000708900000, 0x0000000708900000| Untracked 
| 124|0x0000000708a00000, 0x0000000708a00000, 0x0000000708b00000|  0%| F|  |TAMS 0x0000000708a00000, 0x0000000708a00000| Untracked 
| 125|0x0000000708b00000, 0x0000000708b00000, 0x0000000708c00000|  0%| F|  |TAMS 0x0000000708b00000, 0x0000000708b00000| Untracked 
| 126|0x0000000708c00000, 0x0000000708c00000, 0x0000000708d00000|  0%| F|  |TAMS 0x0000000708c00000, 0x0000000708c00000| Untracked 
| 127|0x0000000708d00000, 0x0000000708d00000, 0x0000000708e00000|  0%| F|  |TAMS 0x0000000708d00000, 0x0000000708d00000| Untracked 
| 128|0x0000000708e00000, 0x0000000708e00000, 0x0000000708f00000|  0%| F|  |TAMS 0x0000000708e00000, 0x0000000708e00000| Untracked 
| 129|0x0000000708f00000, 0x0000000708f00000, 0x0000000709000000|  0%| F|  |TAMS 0x0000000708f00000, 0x0000000708f00000| Untracked 
| 130|0x0000000709000000, 0x0000000709000000, 0x0000000709100000|  0%| F|  |TAMS 0x0000000709000000, 0x0000000709000000| Untracked 
| 131|0x0000000709100000, 0x0000000709100000, 0x0000000709200000|  0%| F|  |TAMS 0x0000000709100000, 0x0000000709100000| Untracked 
| 132|0x0000000709200000, 0x0000000709200000, 0x0000000709300000|  0%| F|  |TAMS 0x0000000709200000, 0x0000000709200000| Untracked 
| 133|0x0000000709300000, 0x0000000709300000, 0x0000000709400000|  0%| F|  |TAMS 0x0000000709300000, 0x0000000709300000| Untracked 
| 134|0x0000000709400000, 0x0000000709400000, 0x0000000709500000|  0%| F|  |TAMS 0x0000000709400000, 0x0000000709400000| Untracked 
| 135|0x0000000709500000, 0x0000000709500000, 0x0000000709600000|  0%| F|  |TAMS 0x0000000709500000, 0x0000000709500000| Untracked 
| 136|0x0000000709600000, 0x0000000709600000, 0x0000000709700000|  0%| F|  |TAMS 0x0000000709600000, 0x0000000709600000| Untracked 
| 137|0x0000000709700000, 0x0000000709700000, 0x0000000709800000|  0%| F|  |TAMS 0x0000000709700000, 0x0000000709700000| Untracked 
| 138|0x0000000709800000, 0x0000000709800000, 0x0000000709900000|  0%| F|  |TAMS 0x0000000709800000, 0x0000000709800000| Untracked 
| 139|0x0000000709900000, 0x0000000709900000, 0x0000000709a00000|  0%| F|  |TAMS 0x0000000709900000, 0x0000000709900000| Untracked 
| 140|0x0000000709a00000, 0x0000000709a00000, 0x0000000709b00000|  0%| F|  |TAMS 0x0000000709a00000, 0x0000000709a00000| Untracked 
| 141|0x0000000709b00000, 0x0000000709b00000, 0x0000000709c00000|  0%| F|  |TAMS 0x0000000709b00000, 0x0000000709b00000| Untracked 
| 142|0x0000000709c00000, 0x0000000709c00000, 0x0000000709d00000|  0%| F|  |TAMS 0x0000000709c00000, 0x0000000709c00000| Untracked 
| 143|0x0000000709d00000, 0x0000000709d00000, 0x0000000709e00000|  0%| F|  |TAMS 0x0000000709d00000, 0x0000000709d00000| Untracked 
| 144|0x0000000709e00000, 0x0000000709e00000, 0x0000000709f00000|  0%| F|  |TAMS 0x0000000709e00000, 0x0000000709e00000| Untracked 
| 145|0x0000000709f00000, 0x0000000709f00000, 0x000000070a000000|  0%| F|  |TAMS 0x0000000709f00000, 0x0000000709f00000| Untracked 
| 146|0x000000070a000000, 0x000000070a000000, 0x000000070a100000|  0%| F|  |TAMS 0x000000070a000000, 0x000000070a000000| Untracked 
| 147|0x000000070a100000, 0x000000070a100000, 0x000000070a200000|  0%| F|  |TAMS 0x000000070a100000, 0x000000070a100000| Untracked 
| 148|0x000000070a200000, 0x000000070a200000, 0x000000070a300000|  0%| F|  |TAMS 0x000000070a200000, 0x000000070a200000| Untracked 
| 149|0x000000070a300000, 0x000000070a300000, 0x000000070a400000|  0%| F|  |TAMS 0x000000070a300000, 0x000000070a300000| Untracked 
| 150|0x000000070a400000, 0x000000070a400000, 0x000000070a500000|  0%| F|  |TAMS 0x000000070a400000, 0x000000070a400000| Untracked 
| 151|0x000000070a500000, 0x000000070a500000, 0x000000070a600000|  0%| F|  |TAMS 0x000000070a500000, 0x000000070a500000| Untracked 
| 152|0x000000070a600000, 0x000000070a600000, 0x000000070a700000|  0%| F|  |TAMS 0x000000070a600000, 0x000000070a600000| Untracked 
| 153|0x000000070a700000, 0x000000070a700000, 0x000000070a800000|  0%| F|  |TAMS 0x000000070a700000, 0x000000070a700000| Untracked 
| 154|0x000000070a800000, 0x000000070a800000, 0x000000070a900000|  0%| F|  |TAMS 0x000000070a800000, 0x000000070a800000| Untracked 
| 155|0x000000070a900000, 0x000000070a900000, 0x000000070aa00000|  0%| F|  |TAMS 0x000000070a900000, 0x000000070a900000| Untracked 
| 156|0x000000070aa00000, 0x000000070aa00000, 0x000000070ab00000|  0%| F|  |TAMS 0x000000070aa00000, 0x000000070aa00000| Untracked 
| 157|0x000000070ab00000, 0x000000070ab00000, 0x000000070ac00000|  0%| F|  |TAMS 0x000000070ab00000, 0x000000070ab00000| Untracked 
| 158|0x000000070ac00000, 0x000000070ac00000, 0x000000070ad00000|  0%| F|  |TAMS 0x000000070ac00000, 0x000000070ac00000| Untracked 
| 159|0x000000070ad00000, 0x000000070ad00000, 0x000000070ae00000|  0%| F|  |TAMS 0x000000070ad00000, 0x000000070ad00000| Untracked 
| 160|0x000000070ae00000, 0x000000070ae00000, 0x000000070af00000|  0%| F|  |TAMS 0x000000070ae00000, 0x000000070ae00000| Untracked 
| 161|0x000000070af00000, 0x000000070af00000, 0x000000070b000000|  0%| F|  |TAMS 0x000000070af00000, 0x000000070af00000| Untracked 
| 162|0x000000070b000000, 0x000000070b000000, 0x000000070b100000|  0%| F|  |TAMS 0x000000070b000000, 0x000000070b000000| Untracked 
| 163|0x000000070b100000, 0x000000070b100000, 0x000000070b200000|  0%| F|  |TAMS 0x000000070b100000, 0x000000070b100000| Untracked 
| 164|0x000000070b200000, 0x000000070b200000, 0x000000070b300000|  0%| F|  |TAMS 0x000000070b200000, 0x000000070b200000| Untracked 
| 165|0x000000070b300000, 0x000000070b300000, 0x000000070b400000|  0%| F|  |TAMS 0x000000070b300000, 0x000000070b300000| Untracked 
| 166|0x000000070b400000, 0x000000070b400000, 0x000000070b500000|  0%| F|  |TAMS 0x000000070b400000, 0x000000070b400000| Untracked 
| 167|0x000000070b500000, 0x000000070b500000, 0x000000070b600000|  0%| F|  |TAMS 0x000000070b500000, 0x000000070b500000| Untracked 
| 168|0x000000070b600000, 0x000000070b600000, 0x000000070b700000|  0%| F|  |TAMS 0x000000070b600000, 0x000000070b600000| Untracked 
| 169|0x000000070b700000, 0x000000070b700000, 0x000000070b800000|  0%| F|  |TAMS 0x000000070b700000, 0x000000070b700000| Untracked 
| 170|0x000000070b800000, 0x000000070b800000, 0x000000070b900000|  0%| F|  |TAMS 0x000000070b800000, 0x000000070b800000| Untracked 
| 171|0x000000070b900000, 0x000000070b900000, 0x000000070ba00000|  0%| F|  |TAMS 0x000000070b900000, 0x000000070b900000| Untracked 
| 172|0x000000070ba00000, 0x000000070ba00000, 0x000000070bb00000|  0%| F|  |TAMS 0x000000070ba00000, 0x000000070ba00000| Untracked 
| 173|0x000000070bb00000, 0x000000070bb00000, 0x000000070bc00000|  0%| F|  |TAMS 0x000000070bb00000, 0x000000070bb00000| Untracked 
| 174|0x000000070bc00000, 0x000000070bc00000, 0x000000070bd00000|  0%| F|  |TAMS 0x000000070bc00000, 0x000000070bc00000| Untracked 
| 175|0x000000070bd00000, 0x000000070bd00000, 0x000000070be00000|  0%| F|  |TAMS 0x000000070bd00000, 0x000000070bd00000| Untracked 
| 176|0x000000070be00000, 0x000000070be00000, 0x000000070bf00000|  0%| F|  |TAMS 0x000000070be00000, 0x000000070be00000| Untracked 
| 177|0x000000070bf00000, 0x000000070bf00000, 0x000000070c000000|  0%| F|  |TAMS 0x000000070bf00000, 0x000000070bf00000| Untracked 
| 178|0x000000070c000000, 0x000000070c000000, 0x000000070c100000|  0%| F|  |TAMS 0x000000070c000000, 0x000000070c000000| Untracked 
| 179|0x000000070c100000, 0x000000070c100000, 0x000000070c200000|  0%| F|  |TAMS 0x000000070c100000, 0x000000070c100000| Untracked 
| 180|0x000000070c200000, 0x000000070c200000, 0x000000070c300000|  0%| F|  |TAMS 0x000000070c200000, 0x000000070c200000| Untracked 
| 181|0x000000070c300000, 0x000000070c300000, 0x000000070c400000|  0%| F|  |TAMS 0x000000070c300000, 0x000000070c300000| Untracked 
| 182|0x000000070c400000, 0x000000070c400000, 0x000000070c500000|  0%| F|  |TAMS 0x000000070c400000, 0x000000070c400000| Untracked 
| 183|0x000000070c500000, 0x000000070c500000, 0x000000070c600000|  0%| F|  |TAMS 0x000000070c500000, 0x000000070c500000| Untracked 
| 184|0x000000070c600000, 0x000000070c600000, 0x000000070c700000|  0%| F|  |TAMS 0x000000070c600000, 0x000000070c600000| Untracked 
| 185|0x000000070c700000, 0x000000070c700000, 0x000000070c800000|  0%| F|  |TAMS 0x000000070c700000, 0x000000070c700000| Untracked 
| 186|0x000000070c800000, 0x000000070c800000, 0x000000070c900000|  0%| F|  |TAMS 0x000000070c800000, 0x000000070c800000| Untracked 
| 187|0x000000070c900000, 0x000000070c900000, 0x000000070ca00000|  0%| F|  |TAMS 0x000000070c900000, 0x000000070c900000| Untracked 
| 188|0x000000070ca00000, 0x000000070ca00000, 0x000000070cb00000|  0%| F|  |TAMS 0x000000070ca00000, 0x000000070ca00000| Untracked 
| 189|0x000000070cb00000, 0x000000070cb00000, 0x000000070cc00000|  0%| F|  |TAMS 0x000000070cb00000, 0x000000070cb00000| Untracked 
| 190|0x000000070cc00000, 0x000000070cc00000, 0x000000070cd00000|  0%| F|  |TAMS 0x000000070cc00000, 0x000000070cc00000| Untracked 
| 191|0x000000070cd00000, 0x000000070cd00000, 0x000000070ce00000|  0%| F|  |TAMS 0x000000070cd00000, 0x000000070cd00000| Untracked 
| 192|0x000000070ce00000, 0x000000070ce00000, 0x000000070cf00000|  0%| F|  |TAMS 0x000000070ce00000, 0x000000070ce00000| Untracked 
| 193|0x000000070cf00000, 0x000000070cf00000, 0x000000070d000000|  0%| F|  |TAMS 0x000000070cf00000, 0x000000070cf00000| Untracked 
| 194|0x000000070d000000, 0x000000070d000000, 0x000000070d100000|  0%| F|  |TAMS 0x000000070d000000, 0x000000070d000000| Untracked 
| 195|0x000000070d100000, 0x000000070d100000, 0x000000070d200000|  0%| F|  |TAMS 0x000000070d100000, 0x000000070d100000| Untracked 
| 196|0x000000070d200000, 0x000000070d200000, 0x000000070d300000|  0%| F|  |TAMS 0x000000070d200000, 0x000000070d200000| Untracked 
| 197|0x000000070d300000, 0x000000070d300000, 0x000000070d400000|  0%| F|  |TAMS 0x000000070d300000, 0x000000070d300000| Untracked 
| 198|0x000000070d400000, 0x000000070d400000, 0x000000070d500000|  0%| F|  |TAMS 0x000000070d400000, 0x000000070d400000| Untracked 
| 199|0x000000070d500000, 0x000000070d500000, 0x000000070d600000|  0%| F|  |TAMS 0x000000070d500000, 0x000000070d500000| Untracked 
| 200|0x000000070d600000, 0x000000070d600000, 0x000000070d700000|  0%| F|  |TAMS 0x000000070d600000, 0x000000070d600000| Untracked 
| 201|0x000000070d700000, 0x000000070d700000, 0x000000070d800000|  0%| F|  |TAMS 0x000000070d700000, 0x000000070d700000| Untracked 
| 202|0x000000070d800000, 0x000000070d800000, 0x000000070d900000|  0%| F|  |TAMS 0x000000070d800000, 0x000000070d800000| Untracked 
| 203|0x000000070d900000, 0x000000070d900000, 0x000000070da00000|  0%| F|  |TAMS 0x000000070d900000, 0x000000070d900000| Untracked 
| 204|0x000000070da00000, 0x000000070da00000, 0x000000070db00000|  0%| F|  |TAMS 0x000000070da00000, 0x000000070da00000| Untracked 
| 205|0x000000070db00000, 0x000000070db00000, 0x000000070dc00000|  0%| F|  |TAMS 0x000000070db00000, 0x000000070db00000| Untracked 
| 206|0x000000070dc00000, 0x000000070dc00000, 0x000000070dd00000|  0%| F|  |TAMS 0x000000070dc00000, 0x000000070dc00000| Untracked 
| 207|0x000000070dd00000, 0x000000070dd00000, 0x000000070de00000|  0%| F|  |TAMS 0x000000070dd00000, 0x000000070dd00000| Untracked 
| 208|0x000000070de00000, 0x000000070de00000, 0x000000070df00000|  0%| F|  |TAMS 0x000000070de00000, 0x000000070de00000| Untracked 
| 209|0x000000070df00000, 0x000000070df00000, 0x000000070e000000|  0%| F|  |TAMS 0x000000070df00000, 0x000000070df00000| Untracked 
| 210|0x000000070e000000, 0x000000070e000000, 0x000000070e100000|  0%| F|  |TAMS 0x000000070e000000, 0x000000070e000000| Untracked 
| 211|0x000000070e100000, 0x000000070e100000, 0x000000070e200000|  0%| F|  |TAMS 0x000000070e100000, 0x000000070e100000| Untracked 
| 212|0x000000070e200000, 0x000000070e200000, 0x000000070e300000|  0%| F|  |TAMS 0x000000070e200000, 0x000000070e200000| Untracked 
| 213|0x000000070e300000, 0x000000070e300000, 0x000000070e400000|  0%| F|  |TAMS 0x000000070e300000, 0x000000070e300000| Untracked 
| 214|0x000000070e400000, 0x000000070e400000, 0x000000070e500000|  0%| F|  |TAMS 0x000000070e400000, 0x000000070e400000| Untracked 
| 215|0x000000070e500000, 0x000000070e500000, 0x000000070e600000|  0%| F|  |TAMS 0x000000070e500000, 0x000000070e500000| Untracked 
| 216|0x000000070e600000, 0x000000070e600000, 0x000000070e700000|  0%| F|  |TAMS 0x000000070e600000, 0x000000070e600000| Untracked 
| 217|0x000000070e700000, 0x000000070e700000, 0x000000070e800000|  0%| F|  |TAMS 0x000000070e700000, 0x000000070e700000| Untracked 
| 218|0x000000070e800000, 0x000000070e800000, 0x000000070e900000|  0%| F|  |TAMS 0x000000070e800000, 0x000000070e800000| Untracked 
| 219|0x000000070e900000, 0x000000070e900000, 0x000000070ea00000|  0%| F|  |TAMS 0x000000070e900000, 0x000000070e900000| Untracked 
| 220|0x000000070ea00000, 0x000000070ea00000, 0x000000070eb00000|  0%| F|  |TAMS 0x000000070ea00000, 0x000000070ea00000| Untracked 
| 221|0x000000070eb00000, 0x000000070eb00000, 0x000000070ec00000|  0%| F|  |TAMS 0x000000070eb00000, 0x000000070eb00000| Untracked 
| 222|0x000000070ec00000, 0x000000070ec00000, 0x000000070ed00000|  0%| F|  |TAMS 0x000000070ec00000, 0x000000070ec00000| Untracked 
| 223|0x000000070ed00000, 0x000000070ed00000, 0x000000070ee00000|  0%| F|  |TAMS 0x000000070ed00000, 0x000000070ed00000| Untracked 
| 224|0x000000070ee00000, 0x000000070ee00000, 0x000000070ef00000|  0%| F|  |TAMS 0x000000070ee00000, 0x000000070ee00000| Untracked 
| 225|0x000000070ef00000, 0x000000070ef00000, 0x000000070f000000|  0%| F|  |TAMS 0x000000070ef00000, 0x000000070ef00000| Untracked 
| 226|0x000000070f000000, 0x000000070f000000, 0x000000070f100000|  0%| F|  |TAMS 0x000000070f000000, 0x000000070f000000| Untracked 
| 227|0x000000070f100000, 0x000000070f100000, 0x000000070f200000|  0%| F|  |TAMS 0x000000070f100000, 0x000000070f100000| Untracked 
| 228|0x000000070f200000, 0x000000070f200000, 0x000000070f300000|  0%| F|  |TAMS 0x000000070f200000, 0x000000070f200000| Untracked 
| 229|0x000000070f300000, 0x000000070f300000, 0x000000070f400000|  0%| F|  |TAMS 0x000000070f300000, 0x000000070f300000| Untracked 
| 230|0x000000070f400000, 0x000000070f400000, 0x000000070f500000|  0%| F|  |TAMS 0x000000070f400000, 0x000000070f400000| Untracked 
| 231|0x000000070f500000, 0x000000070f500000, 0x000000070f600000|  0%| F|  |TAMS 0x000000070f500000, 0x000000070f500000| Untracked 
| 232|0x000000070f600000, 0x000000070f600000, 0x000000070f700000|  0%| F|  |TAMS 0x000000070f600000, 0x000000070f600000| Untracked 
| 233|0x000000070f700000, 0x000000070f700000, 0x000000070f800000|  0%| F|  |TAMS 0x000000070f700000, 0x000000070f700000| Untracked 
| 234|0x000000070f800000, 0x000000070f800000, 0x000000070f900000|  0%| F|  |TAMS 0x000000070f800000, 0x000000070f800000| Untracked 
| 235|0x000000070f900000, 0x000000070f900000, 0x000000070fa00000|  0%| F|  |TAMS 0x000000070f900000, 0x000000070f900000| Untracked 
| 236|0x000000070fa00000, 0x000000070fa00000, 0x000000070fb00000|  0%| F|  |TAMS 0x000000070fa00000, 0x000000070fa00000| Untracked 
| 237|0x000000070fb00000, 0x000000070fb00000, 0x000000070fc00000|  0%| F|  |TAMS 0x000000070fb00000, 0x000000070fb00000| Untracked 
| 238|0x000000070fc00000, 0x000000070fc00000, 0x000000070fd00000|  0%| F|  |TAMS 0x000000070fc00000, 0x000000070fc00000| Untracked 
| 239|0x000000070fd00000, 0x000000070fd76480, 0x000000070fe00000| 46%| E|  |TAMS 0x000000070fd00000, 0x000000070fd00000| Complete 
| 240|0x000000070fe00000, 0x000000070ff00000, 0x000000070ff00000|100%| E|CS|TAMS 0x000000070fe00000, 0x000000070fe00000| Complete 
| 241|0x000000070ff00000, 0x0000000710000000, 0x0000000710000000|100%| E|CS|TAMS 0x000000070ff00000, 0x000000070ff00000| Complete 
| 242|0x0000000710000000, 0x0000000710100000, 0x0000000710100000|100%| E|  |TAMS 0x0000000710000000, 0x0000000710000000| Complete 
| 243|0x0000000710100000, 0x0000000710200000, 0x0000000710200000|100%| E|CS|TAMS 0x0000000710100000, 0x0000000710100000| Complete 
| 244|0x0000000710200000, 0x0000000710300000, 0x0000000710300000|100%| E|CS|TAMS 0x0000000710200000, 0x0000000710200000| Complete 
| 245|0x0000000710300000, 0x0000000710400000, 0x0000000710400000|100%| E|CS|TAMS 0x0000000710300000, 0x0000000710300000| Complete 
| 246|0x0000000710400000, 0x0000000710500000, 0x0000000710500000|100%| E|CS|TAMS 0x0000000710400000, 0x0000000710400000| Complete 
| 247|0x0000000710500000, 0x0000000710600000, 0x0000000710600000|100%| E|CS|TAMS 0x0000000710500000, 0x0000000710500000| Complete 
| 248|0x0000000710600000, 0x0000000710700000, 0x0000000710700000|100%| E|CS|TAMS 0x0000000710600000, 0x0000000710600000| Complete 
| 249|0x0000000710700000, 0x0000000710800000, 0x0000000710800000|100%| E|CS|TAMS 0x0000000710700000, 0x0000000710700000| Complete 
| 250|0x0000000710800000, 0x0000000710900000, 0x0000000710900000|100%| E|CS|TAMS 0x0000000710800000, 0x0000000710800000| Complete 
| 251|0x0000000710900000, 0x0000000710a00000, 0x0000000710a00000|100%| E|CS|TAMS 0x0000000710900000, 0x0000000710900000| Complete 
| 252|0x0000000710a00000, 0x0000000710b00000, 0x0000000710b00000|100%| E|CS|TAMS 0x0000000710a00000, 0x0000000710a00000| Complete 
| 253|0x0000000710b00000, 0x0000000710c00000, 0x0000000710c00000|100%| E|CS|TAMS 0x0000000710b00000, 0x0000000710b00000| Complete 
| 254|0x0000000710c00000, 0x0000000710d00000, 0x0000000710d00000|100%| E|CS|TAMS 0x0000000710c00000, 0x0000000710c00000| Complete 
| 255|0x0000000710d00000, 0x0000000710e00000, 0x0000000710e00000|100%| E|CS|TAMS 0x0000000710d00000, 0x0000000710d00000| Complete 

Card table byte_map: [0x000001caf79a0000,0x000001caf81a0000] _byte_map_base: 0x000001caf4199000

Marking Bits (Prev, Next): (CMBitMap*) 0x000001caf320f7f8, (CMBitMap*) 0x000001caf320f838
 Prev Bits: [0x000001caf89a0000, 0x000001cafc968000)
 Next Bits: [0x000001ca8f000000, 0x000001ca92fc8000)

Polling page: 0x000001caf2980000

Metaspace:

Usage:
  Non-class:      9.90 MB capacity,     9.78 MB ( 99%) used,   115.06 KB (  1%) free+waste,    14.13 KB ( <1%) overhead. 
      Class:    898.00 KB capacity,   826.72 KB ( 92%) used,    64.91 KB (  7%) free+waste,     6.38 KB ( <1%) overhead. 
       Both:     10.78 MB capacity,    10.58 MB ( 98%) used,   179.97 KB (  2%) free+waste,    20.50 KB ( <1%) overhead. 

Virtual space:
  Non-class space:       10.00 MB reserved,      10.00 MB (100%) committed 
      Class space:        1.00 GB reserved,       1.00 MB ( <1%) committed 
             Both:        1.01 GB reserved,      11.00 MB (  1%) committed 

Chunk freelists:
   Non-Class:  99.00 KB
       Class:  0 bytes
        Both:  99.00 KB

MaxMetaspaceSize: 17179869184.00 GB
CompressedClassSpaceSize: 1.00 GB

CodeHeap 'non-profiled nmethods': size=120000Kb used=246Kb max_used=246Kb free=119753Kb
 bounds [0x000001ca87ad0000, 0x000001ca87d40000, 0x000001ca8f000000]
CodeHeap 'profiled nmethods': size=120000Kb used=1246Kb max_used=1246Kb free=118753Kb
 bounds [0x000001ca805a0000, 0x000001ca80810000, 0x000001ca87ad0000]
CodeHeap 'non-nmethods': size=5760Kb used=1577Kb max_used=1594Kb free=4182Kb
 bounds [0x000001ca80000000, 0x000001ca80270000, 0x000001ca805a0000]
 total_blobs=1729 nmethods=771 adapters=871
 compilation: enabled
              stopped_count=0, restarted_count=0
 full_count=0

Compilation events (20 events):
Event: 0.669 Thread 0x000001ca9310c800 nmethod 761 0x000001ca87b0ca90 code [0x000001ca87b0cc20, 0x000001ca87b0cd38]
Event: 0.670 Thread 0x000001ca9310f800  763       3       java.io.FilterInputStream::read (9 bytes)
Event: 0.670 Thread 0x000001ca9310f800 nmethod 763 0x000001ca806d4390 code [0x000001ca806d4540, 0x000001ca806d4708]
Event: 0.670 Thread 0x000001ca9310f800  764       3       java.io.FilterInputStream::read (11 bytes)
Event: 0.670 Thread 0x000001ca9310f800 nmethod 764 0x000001ca806d4810 code [0x000001ca806d49c0, 0x000001ca806d4b88]
Event: 0.671 Thread 0x000001ca9310f800  765       3       sun.nio.ch.FileChannelImpl::ensureOpen (16 bytes)
Event: 0.671 Thread 0x000001ca9310f800 nmethod 765 0x000001ca806d4c90 code [0x000001ca806d4e40, 0x000001ca806d50a8]
Event: 0.671 Thread 0x000001ca9310f800  766   !   3       sun.nio.ch.NativeThreadSet::add (155 bytes)
Event: 0.671 Thread 0x000001ca9310f800 nmethod 766 0x000001ca806d5190 code [0x000001ca806d5360, 0x000001ca806d5a48]
Event: 0.671 Thread 0x000001ca9310f800  767   !   3       sun.nio.ch.NativeThreadSet::remove (50 bytes)
Event: 0.671 Thread 0x000001ca9310f800 nmethod 767 0x000001ca806d5d10 code [0x000001ca806d5ec0, 0x000001ca806d6268]
Event: 0.672 Thread 0x000001ca9310f800  768       3       java.util.regex.Matcher::search (154 bytes)
Event: 0.672 Thread 0x000001ca95dd6800 nmethod 760 0x000001ca87b0ce10 code [0x000001ca87b0cfe0, 0x000001ca87b0d558]
Event: 0.672 Thread 0x000001ca9310f800 nmethod 768 0x000001ca806d6410 code [0x000001ca806d6600, 0x000001ca806d6b98]
Event: 0.673 Thread 0x000001ca9310f800  769       3       java.util.regex.Pattern$GroupHead::match (47 bytes)
Event: 0.673 Thread 0x000001ca9310f800 nmethod 769 0x000001ca806d6d90 code [0x000001ca806d6f40, 0x000001ca806d71a8]
Event: 0.680 Thread 0x000001ca9310f800  770       3       java.lang.AbstractStringBuilder::append (55 bytes)
Event: 0.680 Thread 0x000001ca95dd6800  771       4       java.lang.Integer::stringSize (47 bytes)
Event: 0.680 Thread 0x000001ca9310f800 nmethod 770 0x000001ca806d7390 code [0x000001ca806d7560, 0x000001ca806d7898]
Event: 0.680 Thread 0x000001ca95dd6800 nmethod 771 0x000001ca87b0d790 code [0x000001ca87b0d920, 0x000001ca87b0da18]

GC Heap History (0 events):
No events

Deoptimization events (20 events):
Event: 0.607 Thread 0x000001caf31a6800 DEOPT PACKING pc=0x000001ca87b02700 sp=0x000000533acfed60
Event: 0.607 Thread 0x000001caf31a6800 DEOPT UNPACKING pc=0x000001ca8004912f sp=0x000000533acfecd8 mode 2
Event: 0.648 Thread 0x000001caf31a6800 Uncommon trap: trap_request=0xffffff45 fr.pc=0x000001ca87af7630 relative=0x0000000000000490
Event: 0.649 Thread 0x000001caf31a6800 Uncommon trap: reason=unstable_if action=reinterpret pc=0x000001ca87af7630 method=java.lang.AbstractStringBuilder.putStringAt(ILjava/lang/String;)V @ 8 c2
Event: 0.649 Thread 0x000001caf31a6800 DEOPT PACKING pc=0x000001ca87af7630 sp=0x000000533acfee40
Event: 0.649 Thread 0x000001caf31a6800 DEOPT UNPACKING pc=0x000001ca8004912f sp=0x000000533acfed58 mode 2
Event: 0.649 Thread 0x000001caf31a6800 Uncommon trap: trap_request=0xffffff45 fr.pc=0x000001ca87af214c relative=0x00000000000004ac
Event: 0.649 Thread 0x000001caf31a6800 Uncommon trap: reason=unstable_if action=reinterpret pc=0x000001ca87af214c method=java.lang.AbstractStringBuilder.putStringAt(ILjava/lang/String;)V @ 8 c2
Event: 0.649 Thread 0x000001caf31a6800 DEOPT PACKING pc=0x000001ca87af214c sp=0x000000533acfede0
Event: 0.649 Thread 0x000001caf31a6800 DEOPT UNPACKING pc=0x000001ca8004912f sp=0x000000533acfed50 mode 2
Event: 0.649 Thread 0x000001caf31a6800 Uncommon trap: trap_request=0xffffff45 fr.pc=0x000001ca87aef9b0 relative=0x00000000000000f0
Event: 0.649 Thread 0x000001caf31a6800 Uncommon trap: reason=unstable_if action=reinterpret pc=0x000001ca87aef9b0 method=java.lang.String.getBytes([BIB)V @ 5 c2
Event: 0.649 Thread 0x000001caf31a6800 DEOPT PACKING pc=0x000001ca87aef9b0 sp=0x000000533acfed00
Event: 0.649 Thread 0x000001caf31a6800 DEOPT UNPACKING pc=0x000001ca8004912f sp=0x000000533acfecc8 mode 2
Event: 0.668 Thread 0x000001caf31a6800 DEOPT PACKING pc=0x000001ca805c83df sp=0x000000533acfd280
Event: 0.668 Thread 0x000001caf31a6800 DEOPT UNPACKING pc=0x000001ca8004964e sp=0x000000533acfc6d0 mode 0
Event: 0.678 Thread 0x000001caf31a6800 Uncommon trap: trap_request=0xffffff45 fr.pc=0x000001ca87b078bc relative=0x000000000000061c
Event: 0.678 Thread 0x000001caf31a6800 Uncommon trap: reason=unstable_if action=reinterpret pc=0x000001ca87b078bc method=java.lang.Integer.getChars(II[B)I @ 25 c2
Event: 0.678 Thread 0x000001caf31a6800 DEOPT PACKING pc=0x000001ca87b078bc sp=0x000000533acff040
Event: 0.678 Thread 0x000001caf31a6800 DEOPT UNPACKING pc=0x000001ca8004912f sp=0x000000533acfef88 mode 2

Classes unloaded (0 events):
No events

Classes redefined (0 events):
No events

Internal exceptions (20 events):
Event: 0.216 Thread 0x000001caf31a6800 Exception <a 'java/lang/NoSuchMethodError'{0x0000000710b7e748}: 'java.lang.Object java.lang.invoke.DirectMethodHandle$Holder.invokeStaticInit(java.lang.Object, java.lang.Object, java.lang.Object)'> (0x0000000710b7e748) 
thrown [./open/src/hotspot/share/interpreter/linkResolver.cpp, line 766]
Event: 0.219 Thread 0x000001caf31a6800 Exception <a 'java/lang/NoSuchMethodError'{0x0000000710ba3fb8}: 'int java.lang.invoke.DirectMethodHandle$Holder.invokeSpecialIFC(java.lang.Object, java.lang.Object, int)'> (0x0000000710ba3fb8) 
thrown [./open/src/hotspot/share/interpreter/linkResolver.cpp, line 766]
Event: 0.248 Thread 0x000001caf31a6800 Exception <a 'sun/nio/fs/WindowsException'{0x0000000710ae7b40}> (0x0000000710ae7b40) 
thrown [./open/src/hotspot/share/prims/jni.cpp, line 599]
Event: 0.248 Thread 0x000001caf31a6800 Exception <a 'sun/nio/fs/WindowsException'{0x0000000710ae8090}> (0x0000000710ae8090) 
thrown [./open/src/hotspot/share/prims/jni.cpp, line 599]
Event: 0.298 Thread 0x000001caf31a6800 Exception <a 'java/lang/NoSuchMethodError'{0x000000071067f7c0}: 'int java.lang.invoke.DirectMethodHandle$Holder.invokeStaticInit(java.lang.Object, java.lang.Object, int, long)'> (0x000000071067f7c0) 
thrown [./open/src/hotspot/share/interpreter/linkResolver.cpp, line 766]
Event: 0.298 Thread 0x000001caf31a6800 Exception <a 'java/lang/NoSuchMethodError'{0x0000000710684270}: 'java.lang.Object java.lang.invoke.Invokers$Holder.linkToTargetMethod(java.lang.Object, int, java.lang.Object)'> (0x0000000710684270) 
thrown [./open/src/hotspot/share/interpreter/linkResolver.cpp, line 766]
Event: 0.299 Thread 0x000001caf31a6800 Exception <a 'java/lang/NoSuchMethodError'{0x0000000710691520}: 'int java.lang.invoke.DirectMethodHandle$Holder.invokeStaticInit(java.lang.Object, java.lang.Object, long, long)'> (0x0000000710691520) 
thrown [./open/src/hotspot/share/interpreter/linkResolver.cpp, line 766]
Event: 0.300 Thread 0x000001caf31a6800 Exception <a 'java/lang/NoSuchMethodError'{0x0000000710697090}: 'java.lang.Object java.lang.invoke.Invokers$Holder.linkToTargetMethod(java.lang.Object, long, java.lang.Object)'> (0x0000000710697090) 
thrown [./open/src/hotspot/share/interpreter/linkResolver.cpp, line 766]
Event: 0.300 Thread 0x000001caf31a6800 Exception <a 'java/lang/NoSuchMethodError'{0x000000071069ccf8}: 'int java.lang.invoke.DirectMethodHandle$Holder.invokeStaticInit(java.lang.Object, java.lang.Object, java.lang.Object, long)'> (0x000000071069ccf8) 
thrown [./open/src/hotspot/share/interpreter/linkResolver.cpp, line 766]
Event: 0.311 Thread 0x000001caf31a6800 Exception <a 'sun/nio/fs/WindowsException'{0x0000000710527b38}> (0x0000000710527b38) 
thrown [./open/src/hotspot/share/prims/jni.cpp, line 599]
Event: 0.311 Thread 0x000001caf31a6800 Exception <a 'sun/nio/fs/WindowsException'{0x0000000710527ec8}> (0x0000000710527ec8) 
thrown [./open/src/hotspot/share/prims/jni.cpp, line 599]
Event: 0.327 Thread 0x000001caf31a6800 Exception <a 'sun/nio/fs/WindowsException'{0x000000071040d620}> (0x000000071040d620) 
thrown [./open/src/hotspot/share/prims/jni.cpp, line 599]
Event: 0.327 Thread 0x000001caf31a6800 Exception <a 'sun/nio/fs/WindowsException'{0x000000071040d980}> (0x000000071040d980) 
thrown [./open/src/hotspot/share/prims/jni.cpp, line 599]
Event: 0.536 Thread 0x000001caf31a6800 Exception <a 'java/lang/NoSuchMethodError'{0x0000000710482c40}: 'void java.lang.invoke.DirectMethodHandle$Holder.invokeStatic(java.lang.Object, long, int, int)'> (0x0000000710482c40) 
thrown [./open/src/hotspot/share/interpreter/linkResolver.cpp, line 766]
Event: 0.567 Thread 0x000001caf31a6800 Exception <a 'sun/nio/fs/WindowsException'{0x000000071033c9c0}> (0x000000071033c9c0) 
thrown [./open/src/hotspot/share/prims/jni.cpp, line 599]
Event: 0.567 Thread 0x000001caf31a6800 Exception <a 'sun/nio/fs/WindowsException'{0x000000071033cd68}> (0x000000071033cd68) 
thrown [./open/src/hotspot/share/prims/jni.cpp, line 599]
Event: 0.571 Thread 0x000001caf31a6800 Exception <a 'sun/nio/fs/WindowsException'{0x00000007103ba0e0}> (0x00000007103ba0e0) 
thrown [./open/src/hotspot/share/prims/jni.cpp, line 599]
Event: 0.572 Thread 0x000001caf31a6800 Exception <a 'sun/nio/fs/WindowsException'{0x00000007103ba3c0}> (0x00000007103ba3c0) 
thrown [./open/src/hotspot/share/prims/jni.cpp, line 599]
Event: 0.671 Thread 0x000001caf31a6800 Exception <a 'sun/nio/fs/WindowsException'{0x000000070fe55030}> (0x000000070fe55030) 
thrown [./open/src/hotspot/share/prims/jni.cpp, line 599]
Event: 0.671 Thread 0x000001caf31a6800 Exception <a 'sun/nio/fs/WindowsException'{0x000000070fe553b0}> (0x000000070fe553b0) 
thrown [./open/src/hotspot/share/prims/jni.cpp, line 599]

Events (20 events):
Event: 0.647 loading class java/util/stream/ReduceOps$AccumulatingSink
Event: 0.647 loading class java/util/stream/ReduceOps$AccumulatingSink done
Event: 0.647 loading class java/util/stream/ReduceOps$Box
Event: 0.647 loading class java/util/stream/ReduceOps$Box done
Event: 0.647 loading class java/util/stream/ReduceOps$3ReducingSink done
Event: 0.647 loading class java/text/DecimalFormat
Event: 0.648 loading class java/text/DecimalFormat done
Event: 0.648 loading class java/text/FieldPosition
Event: 0.648 loading class java/text/FieldPosition done
Event: 0.648 loading class java/text/DigitList
Event: 0.648 loading class java/text/DigitList done
Event: 0.648 loading class java/math/RoundingMode
Event: 0.648 loading class java/math/RoundingMode done
Event: 0.649 loading class java/nio/channels/spi/AbstractInterruptibleChannel$1
Event: 0.649 loading class sun/nio/ch/Interruptible
Event: 0.649 loading class sun/nio/ch/Interruptible done
Event: 0.649 loading class java/nio/channels/spi/AbstractInterruptibleChannel$1 done
Event: 0.649 loading class java/util/regex/Matcher$ImmutableMatchResult
Event: 0.650 loading class java/util/regex/Matcher$ImmutableMatchResult done
Event: 0.672 Loaded shared library C:\Users\georg\AppData\Local\Temp\lwjglgeorg\3.3.1-build-7\lwjgl_stb.dll


Dynamic libraries:
0x00007ff62d9f0000 - 0x00007ff62d9fd000 	C:\Users\georg\.p2\pool\plugins\org.eclipse.justj.openjdk.hotspot.jre.full.win32.x86_64_14.0.2.v20200815-0932\jre\bin\javaw.exe
0x00007ffc1df30000 - 0x00007ffc1e125000 	C:\WINDOWS\SYSTEM32\ntdll.dll
0x00007ffc1c550000 - 0x00007ffc1c60e000 	C:\WINDOWS\System32\KERNEL32.DLL
0x00007ffc1b720000 - 0x00007ffc1b9e8000 	C:\WINDOWS\System32\KERNELBASE.dll
0x00007ffc1bde0000 - 0x00007ffc1bee0000 	C:\WINDOWS\System32\ucrtbase.dll
0x00007ffbf5fe0000 - 0x00007ffbf5ff8000 	C:\Users\georg\.p2\pool\plugins\org.eclipse.justj.openjdk.hotspot.jre.full.win32.x86_64_14.0.2.v20200815-0932\jre\bin\jli.dll
0x00007ffbf08b0000 - 0x00007ffbf08c5000 	C:\Users\georg\.p2\pool\plugins\org.eclipse.justj.openjdk.hotspot.jre.full.win32.x86_64_14.0.2.v20200815-0932\jre\bin\VCRUNTIME140.dll
0x00007ffc1c150000 - 0x00007ffc1c2f0000 	C:\WINDOWS\System32\USER32.dll
0x00007ffc07110000 - 0x00007ffc073aa000 	C:\WINDOWS\WinSxS\amd64_microsoft.windows.common-controls_6595b64144ccf1df_6.0.19041.1110_none_60b5254171f9507e\COMCTL32.dll
0x00007ffc1b6f0000 - 0x00007ffc1b712000 	C:\WINDOWS\System32\win32u.dll
0x00007ffc1d8c0000 - 0x00007ffc1d8eb000 	C:\WINDOWS\System32\GDI32.dll
0x00007ffc1d670000 - 0x00007ffc1d70e000 	C:\WINDOWS\System32\msvcrt.dll
0x00007ffc1ba60000 - 0x00007ffc1bb6b000 	C:\WINDOWS\System32\gdi32full.dll
0x00007ffc1b650000 - 0x00007ffc1b6ed000 	C:\WINDOWS\System32\msvcp_win.dll
0x00007ffc1bf90000 - 0x00007ffc1bfc0000 	C:\WINDOWS\System32\IMM32.DLL
0x00007ffbca040000 - 0x00007ffbca0db000 	C:\Users\georg\.p2\pool\plugins\org.eclipse.justj.openjdk.hotspot.jre.full.win32.x86_64_14.0.2.v20200815-0932\jre\bin\msvcp140.dll
0x00007ffbb9320000 - 0x00007ffbb9e3e000 	C:\Users\georg\.p2\pool\plugins\org.eclipse.justj.openjdk.hotspot.jre.full.win32.x86_64_14.0.2.v20200815-0932\jre\bin\server\jvm.dll
0x00007ffc1cbe0000 - 0x00007ffc1cc8e000 	C:\WINDOWS\System32\ADVAPI32.dll
0x00007ffc1c420000 - 0x00007ffc1c4bc000 	C:\WINDOWS\System32\sechost.dll
0x00007ffc1cc90000 - 0x00007ffc1cdb5000 	C:\WINDOWS\System32\RPCRT4.dll
0x00007ffc1d9c0000 - 0x00007ffc1d9c8000 	C:\WINDOWS\System32\PSAPI.DLL
0x00007ffc14360000 - 0x00007ffc14369000 	C:\WINDOWS\SYSTEM32\WSOCK32.dll
0x00007ffc1c9d0000 - 0x00007ffc1ca3b000 	C:\WINDOWS\System32\WS2_32.dll
0x00007ffc0f080000 - 0x00007ffc0f0a7000 	C:\WINDOWS\SYSTEM32\WINMM.dll
0x00007ffc15d60000 - 0x00007ffc15d6a000 	C:\WINDOWS\SYSTEM32\VERSION.dll
0x00007ffc19ed0000 - 0x00007ffc19ee2000 	C:\WINDOWS\SYSTEM32\kernel.appcore.dll
0x00007ffc04ef0000 - 0x00007ffc04efa000 	C:\Users\georg\.p2\pool\plugins\org.eclipse.justj.openjdk.hotspot.jre.full.win32.x86_64_14.0.2.v20200815-0932\jre\bin\jimage.dll
0x00007ffc19b40000 - 0x00007ffc19d24000 	C:\WINDOWS\SYSTEM32\DBGHELP.DLL
0x00007ffc023d0000 - 0x00007ffc023fc000 	C:\WINDOWS\SYSTEM32\dbgcore.DLL
0x00007ffc1bb70000 - 0x00007ffc1bbf2000 	C:\WINDOWS\System32\bcryptPrimitives.dll
0x00007ffbd8720000 - 0x00007ffbd8745000 	C:\Users\georg\.p2\pool\plugins\org.eclipse.justj.openjdk.hotspot.jre.full.win32.x86_64_14.0.2.v20200815-0932\jre\bin\java.dll
0x00007ffbe4470000 - 0x00007ffbe4486000 	C:\Users\georg\.p2\pool\plugins\org.eclipse.justj.openjdk.hotspot.jre.full.win32.x86_64_14.0.2.v20200815-0932\jre\bin\zip.dll
0x00007ffc1cdc0000 - 0x00007ffc1d504000 	C:\WINDOWS\System32\SHELL32.dll
0x00007ffc192e0000 - 0x00007ffc19a74000 	C:\WINDOWS\SYSTEM32\windows.storage.dll
0x00007ffc1c670000 - 0x00007ffc1c9c4000 	C:\WINDOWS\System32\combase.dll
0x00007ffc1b0b0000 - 0x00007ffc1b0dc000 	C:\WINDOWS\SYSTEM32\Wldp.dll
0x00007ffc1d910000 - 0x00007ffc1d9bd000 	C:\WINDOWS\System32\SHCORE.dll
0x00007ffc1ca50000 - 0x00007ffc1caa5000 	C:\WINDOWS\System32\shlwapi.dll
0x00007ffc1b590000 - 0x00007ffc1b5af000 	C:\WINDOWS\SYSTEM32\profapi.dll
0x00007ffbe1d90000 - 0x00007ffbe1da9000 	C:\Users\georg\.p2\pool\plugins\org.eclipse.justj.openjdk.hotspot.jre.full.win32.x86_64_14.0.2.v20200815-0932\jre\bin\net.dll
0x00007ffc15520000 - 0x00007ffc15629000 	C:\WINDOWS\SYSTEM32\WINHTTP.dll
0x00007ffc1adc0000 - 0x00007ffc1ae2a000 	C:\WINDOWS\system32\mswsock.dll
0x00007ffbe1b30000 - 0x00007ffbe1b42000 	C:\Users\georg\.p2\pool\plugins\org.eclipse.justj.openjdk.hotspot.jre.full.win32.x86_64_14.0.2.v20200815-0932\jre\bin\nio.dll
0x00007ffbb6f80000 - 0x00007ffbb6ff5000 	C:\Users\georg\AppData\Local\Temp\lwjglgeorg\3.3.1-build-7\lwjgl.dll
0x00007ffbaaeb0000 - 0x00007ffbab109000 	C:\Users\georg\AppData\Local\Temp\lwjglgeorg\3.3.1-build-7\jemalloc.dll
0x00007ffbcf950000 - 0x00007ffbcf9b1000 	C:\Users\georg\AppData\Local\Temp\lwjglgeorg\3.3.1-build-7\glfw.dll
0x00007ffbd79b0000 - 0x00007ffbd79f5000 	C:\WINDOWS\SYSTEM32\dinput8.dll
0x00007ffbecb10000 - 0x00007ffbecb21000 	C:\WINDOWS\SYSTEM32\xinput1_4.dll
0x00007ffc1bc00000 - 0x00007ffc1bc4e000 	C:\WINDOWS\System32\cfgmgr32.dll
0x00007ffc1b3f0000 - 0x00007ffc1b423000 	C:\WINDOWS\SYSTEM32\DEVOBJ.dll
0x00007ffc18e10000 - 0x00007ffc18e3f000 	C:\WINDOWS\SYSTEM32\dwmapi.dll
0x00007ffbf52c0000 - 0x00007ffbf5412000 	C:\WINDOWS\SYSTEM32\inputhost.dll
0x00007ffc1bfc0000 - 0x00007ffc1c08d000 	C:\WINDOWS\System32\OLEAUT32.dll
0x00007ffc18720000 - 0x00007ffc18812000 	C:\WINDOWS\SYSTEM32\CoreMessaging.dll
0x00007ffc16470000 - 0x00007ffc16566000 	C:\WINDOWS\SYSTEM32\PROPSYS.dll
0x00007ffc183c0000 - 0x00007ffc1871e000 	C:\WINDOWS\SYSTEM32\CoreUIComponents.dll
0x00007ffc17cf0000 - 0x00007ffc17e44000 	C:\WINDOWS\SYSTEM32\wintypes.dll
0x00007ffc1a310000 - 0x00007ffc1a343000 	C:\WINDOWS\SYSTEM32\ntmarta.dll
0x00007ffc18bd0000 - 0x00007ffc18c6e000 	C:\WINDOWS\system32\uxtheme.dll
0x00007ffc1cab0000 - 0x00007ffc1cbc6000 	C:\WINDOWS\System32\MSCTF.dll
0x00007ffbb79b0000 - 0x00007ffbb7ad6000 	C:\WINDOWS\SYSTEM32\opengl32.dll
0x00007ffbcaa20000 - 0x00007ffbcaa4c000 	C:\WINDOWS\SYSTEM32\GLU32.dll
0x00007ffc1d9d0000 - 0x00007ffc1da79000 	C:\WINDOWS\System32\clbcatq.dll
0x00007ffb7ce40000 - 0x00007ffb7fdff000 	C:\WINDOWS\System32\DriverStore\FileRepository\nvmdi.inf_amd64_697983dd21312b3c\nvoglv64.dll
0x00007ffc1da80000 - 0x00007ffc1def0000 	C:\WINDOWS\System32\SETUPAPI.dll
0x00007ffc1bc50000 - 0x00007ffc1bc77000 	C:\WINDOWS\System32\bcrypt.dll
0x00007ffc1c2f0000 - 0x00007ffc1c41a000 	C:\WINDOWS\System32\ole32.dll
0x00007ffc16b80000 - 0x00007ffc16b94000 	C:\WINDOWS\SYSTEM32\WTSAPI32.dll
0x00007ffc1af70000 - 0x00007ffc1af7c000 	C:\WINDOWS\SYSTEM32\CRYPTBASE.DLL
0x00007ffc1b230000 - 0x00007ffc1b242000 	C:\WINDOWS\SYSTEM32\msasn1.dll
0x00007ffc10be0000 - 0x00007ffc10c11000 	C:\WINDOWS\SYSTEM32\cryptnet.dll
0x00007ffc1bc80000 - 0x00007ffc1bdd6000 	C:\WINDOWS\System32\CRYPT32.dll
0x00007ffc13f10000 - 0x00007ffc14058000 	C:\WINDOWS\SYSTEM32\drvstore.dll
0x00007ffc1b9f0000 - 0x00007ffc1ba58000 	C:\WINDOWS\System32\WINTRUST.dll
0x00007ffc11a50000 - 0x00007ffc11a8b000 	C:\WINDOWS\SYSTEM32\dxcore.dll
0x00007ffbce050000 - 0x00007ffbce315000 	C:\WINDOWS\system32\nvspcap64.dll
0x00007ffc1abe0000 - 0x00007ffc1ac2b000 	C:\WINDOWS\SYSTEM32\powrprof.dll
0x00007ffc1aa50000 - 0x00007ffc1aa62000 	C:\WINDOWS\SYSTEM32\UMPDC.dll
0x00007ffc1a380000 - 0x00007ffc1a3da000 	C:\WINDOWS\SYSTEM32\WINSTA.dll
0x00007ffbf6440000 - 0x00007ffbf6539000 	C:\WINDOWS\SYSTEM32\textinputframework.dll
0x00007ffc14fb0000 - 0x00007ffc15016000 	C:\WINDOWS\system32\Oleacc.dll
0x00007ffbd0300000 - 0x00007ffbd035d000 	C:\Users\georg\AppData\Local\Temp\lwjglgeorg\3.3.1-build-7\lwjgl_opengl.dll
0x00007ffbb6730000 - 0x00007ffbb67b1000 	C:\Users\georg\AppData\Local\Temp\lwjglgeorg\3.3.1-build-7\lwjgl_stb.dll

dbghelp: loaded successfully - version: 4.0.5 - missing functions: none
symbol engine: initialized successfully - sym options: 0x614 - pdb path: .;C:\Users\georg\.p2\pool\plugins\org.eclipse.justj.openjdk.hotspot.jre.full.win32.x86_64_14.0.2.v20200815-0932\jre\bin;C:\WINDOWS\SYSTEM32;C:\WINDOWS\WinSxS\amd64_microsoft.windows.common-controls_6595b64144ccf1df_6.0.19041.1110_none_60b5254171f9507e;C:\Users\georg\.p2\pool\plugins\org.eclipse.justj.openjdk.hotspot.jre.full.win32.x86_64_14.0.2.v20200815-0932\jre\bin\server;C:\Users\georg\AppData\Local\Temp\lwjglgeorg\3.3.1-build-7;C:\WINDOWS\System32\DriverStore\FileRepository\nvmdi.inf_amd64_697983dd21312b3c

VM Arguments:
jvm_args: -Dfile.encoding=Cp1252 -XX:+ShowCodeDetailsInExceptionMessages 
java_command: HelloWindow
java_class_path (initial): C:\Users\georg\eclipse-workspace\LearningOpenGL\bin;C:\Users\georg\OneDrive\Documents\CompSci\personal\java\lwjgl-release-3.3.1-custom\lwjgl.jar;C:\Users\georg\OneDrive\Documents\CompSci\personal\java\lwjgl-release-3.3.1-custom\lwjgl-assimp.jar;C:\Users\georg\OneDrive\Documents\CompSci\personal\java\lwjgl-release-3.3.1-custom\lwjgl-assimp-natives-windows.jar;C:\Users\georg\OneDrive\Documents\CompSci\personal\java\lwjgl-release-3.3.1-custom\lwjgl-bgfx.jar;C:\Users\georg\OneDrive\Documents\CompSci\personal\java\lwjgl-release-3.3.1-custom\lwjgl-bgfx-natives-windows.jar;C:\Users\georg\OneDrive\Documents\CompSci\personal\java\lwjgl-release-3.3.1-custom\lwjgl-cuda.jar;C:\Users\georg\OneDrive\Documents\CompSci\personal\java\lwjgl-release-3.3.1-custom\lwjgl-egl.jar;C:\Users\georg\OneDrive\Documents\CompSci\personal\java\lwjgl-release-3.3.1-custom\lwjgl-glfw.jar;C:\Users\georg\OneDrive\Documents\CompSci\personal\java\lwjgl-release-3.3.1-custom\lwjgl-glfw-natives-windows.jar;C:\Users\georg\OneDrive\Documents\CompSci\personal\java\lwjgl-release-3.3.1-custom\lwjgl-jawt.jar;C:\Users\georg\OneDrive\Documents\CompSci\personal\java\lwjgl-release-3.3.1-custom\lwjgl-jemalloc.jar;C:\Users\georg\OneDrive\Documents\CompSci\personal\java\lwjgl-release-3.3.1-custom\lwjgl-jemalloc-natives-windows.jar;C:\Users\georg\OneDrive\Documents\CompSci\personal\java\lwjgl-release-3.3.1-custom\lwjgl-libdivide.jar;C:\Users\georg\OneDrive\Documents\CompSci\personal\java\lwjgl-release-3.3.1-custom\lwjgl-libdivide-natives-windows.jar;C:\Users\georg\OneDrive\Documents\CompSci\personal\java\lwjgl-release-3.3.1-custom\lwjgl-llvm.jar;C:\Users\georg\OneDrive\Documents\CompSci\personal\java\lwjgl-release-3.3.1-custom\lwjgl-llvm-natives-windows.jar;C:\Users\georg\OneDrive\Documents\CompSci\personal\java\lwjgl-release-3.3.1-custom\lwjgl-lmdb.jar;C:\Users\georg\OneDrive\Documents\CompSci\personal\java\lwjgl-release-3.3.1-custom\lwjgl-lmdb-natives-windows.jar;C:\Users\georg\OneDrive\Doc
Launcher Type: SUN_STANDARD

[Global flags]
     intx CICompilerCount                          = 4                                         {product} {ergonomic}
     uint ConcGCThreads                            = 2                                         {product} {ergonomic}
     uint G1ConcRefinementThreads                  = 8                                         {product} {ergonomic}
   size_t G1HeapRegionSize                         = 1048576                                   {product} {ergonomic}
    uintx GCDrainStackTargetSize                   = 64                                        {product} {ergonomic}
   size_t InitialHeapSize                          = 268435456                                 {product} {ergonomic}
   size_t MarkStackSize                            = 4194304                                   {product} {ergonomic}
   size_t MaxHeapSize                              = 4280287232                                {product} {ergonomic}
   size_t MaxNewSize                               = 2567962624                                {product} {ergonomic}
   size_t MinHeapDeltaBytes                        = 1048576                                   {product} {ergonomic}
   size_t MinHeapSize                              = 8388608                                   {product} {ergonomic}
    uintx NonNMethodCodeHeapSize                   = 5839372                                {pd product} {ergonomic}
    uintx NonProfiledCodeHeapSize                  = 122909434                              {pd product} {ergonomic}
    uintx ProfiledCodeHeapSize                     = 122909434                              {pd product} {ergonomic}
    uintx ReservedCodeCacheSize                    = 251658240                              {pd product} {ergonomic}
     bool SegmentedCodeCache                       = true                                      {product} {ergonomic}
     bool ShowCodeDetailsInExceptionMessages       = true                                   {manageable} {command line}
   size_t SoftMaxHeapSize                          = 4280287232                             {manageable} {ergonomic}
     bool UseCompressedClassPointers               = true                                 {lp64_product} {ergonomic}
     bool UseCompressedOops                        = true                                 {lp64_product} {ergonomic}
     bool UseG1GC                                  = true                                      {product} {ergonomic}
     bool UseLargePagesIndividualAllocation        = false                                  {pd product} {ergonomic}

Logging:
Log output configuration:
 #0: stdout all=warning uptime,level,tags
 #1: stderr all=off uptime,level,tags

Environment Variables:
JAVA_HOME=C:\Program Files\Java\jdk-11.0.13
PATH=C:/Users/georg/.p2/pool/plugins/org.eclipse.justj.openjdk.hotspot.jre.full.win32.x86_64_14.0.2.v20200815-0932/jre/bin/server;C:/Users/georg/.p2/pool/plugins/org.eclipse.justj.openjdk.hotspot.jre.full.win32.x86_64_14.0.2.v20200815-0932/jre/bin;C:\Users\georg\OneDrive\Documents\CompSci\instantclient_19_8_32bit;C:\Program Files\Java\jdk-11.0.13\bin;C:\WINDOWS\system32;C:\WINDOWS;C:\WINDOWS\System32\Wbem;C:\WINDOWS\System32\WindowsPowerShell\v1.0\;C:\WINDOWS\System32\OpenSSH\;C:\Program Files\NVIDIA Corporation\NVIDIA NvDLISR;C:\Program Files (x86)\NVIDIA Corporation\PhysX\Common;C:\WINDOWS\system32;C:\WINDOWS;C:\WINDOWS\System32\Wbem;C:\WINDOWS\System32\WindowsPowerShell\v1.0\;C:\Program Files\PuTTY\;C:\WINDOWS\System32\OpenSSH\;C:\Program Files\dotnet\;C:\Program Files\Git\cmd;C:\Users\georg\AppData\Local\Programs\Python\Python38-32\Scripts\;C:\Users\georg\AppData\Local\Programs\Python\Python38-32\;C:\Users\georg\AppData\Local\Microsoft\WindowsApps;C:\Users\georg\AppData\Local\Programs\Microsoft VS Code\bin;C:\Users\georg\.dotnet\tools;C:\Users\georg\AppData\Local\Programs\MiKTeX\miktex\bin\x64\;C:\Users\georg\Desktop;
USERNAME=georg
OS=Windows_NT
PROCESSOR_IDENTIFIER=Intel64 Family 6 Model 158 Stepping 9, GenuineIntel



---------------  S Y S T E M  ---------------

OS: Windows 10 , 64 bit Build 19041 (10.0.19041.1566)
OS uptime: 3 days 18:08 hours
HyperV virtualization detected

CPU:total 8 (initial active 8) (4 cores per cpu, 2 threads per core) family 6 model 158 stepping 9, cmov, cx8, fxsr, mmx, sse, sse2, sse3, ssse3, sse4.1, sse4.2, popcnt, avx, avx2, aes, clmul, erms, rtm, 3dnowpref, lzcnt, ht, tsc, tscinvbit, bmi1, bmi2, adx, fma

Memory: 4k page, system-wide physical 16321M (8044M free)
TotalPageFile size 32705M (AvailPageFile size 18692M)
current process WorkingSet (physical memory assigned to process): 105M, peak: 106M
current process commit charge ("private bytes"): 413M, peak: 414M

vm_info: OpenJDK 64-Bit Server VM (14.0.2+12-46) for windows-amd64 JRE (14.0.2+12-46), built on Jul  9 2020 00:31:16 by "mach5one" with MS VC++ 15.9 (VS2017)

END.
